OpenROAD v2.0-17013-gf7f634f88 
Features included (+) or not (-): +Charts +GPU +GUI +Python
This program is licensed under the BSD-3 license. See the LICENSE file for details.
Components of this program may be licensed under more restrictive licenses which must be honored.
[INFO ORD-0030] Using 32 thread(s).
[WARNING PDN-0231] pll is not connected to any power/ground nets.
[WARNING PDN-0189] Supply pin TAP_TAPCELL_ROW_8_661/VGND is not connected to any net.
[WARNING PDN-0189] Supply pin TAP_TAPCELL_ROW_8_661/VPWR is not connected to any net.
[WARNING PDN-0189] Supply pin TAP_TAPCELL_ROW_8_660/VGND is not connected to any net.
[WARNING PDN-0189] Supply pin TAP_TAPCELL_ROW_8_660/VPWR is not connected to any net.
[WARNING PDN-0189] Supply pin TAP_TAPCELL_ROW_8_659/VGND is not connected to any net.
[WARNING PDN-0189] Supply pin TAP_TAPCELL_ROW_8_659/VPWR is not connected to any net.
[WARNING PDN-0189] Supply pin TAP_TAPCELL_ROW_8_658/VGND is not connected to any net.
[WARNING PDN-0189] Supply pin TAP_TAPCELL_ROW_8_658/VPWR is not connected to any net.
[WARNING PDN-0189] Supply pin TAP_TAPCELL_ROW_8_657/VGND is not connected to any net.
[WARNING PDN-0189] Supply pin TAP_TAPCELL_ROW_8_657/VPWR is not connected to any net.
[WARNING PDN-0189] Supply pin TAP_TAPCELL_ROW_8_656/VGND is not connected to any net.
[WARNING PDN-0189] Supply pin TAP_TAPCELL_ROW_8_656/VPWR is not connected to any net.
[WARNING PDN-0189] Supply pin TAP_TAPCELL_ROW_8_655/VGND is not connected to any net.
[WARNING PDN-0189] Supply pin TAP_TAPCELL_ROW_8_655/VPWR is not connected to any net.
[WARNING PDN-0189] Supply pin TAP_TAPCELL_ROW_8_654/VGND is not connected to any net.
[WARNING PDN-0189] Supply pin TAP_TAPCELL_ROW_8_654/VPWR is not connected to any net.
[WARNING PDN-0189] Supply pin TAP_TAPCELL_ROW_8_653/VGND is not connected to any net.
[WARNING PDN-0189] Supply pin TAP_TAPCELL_ROW_8_653/VPWR is not connected to any net.
[WARNING PDN-0189] Supply pin TAP_TAPCELL_ROW_8_652/VGND is not connected to any net.
[WARNING PDN-0189] Supply pin TAP_TAPCELL_ROW_8_652/VPWR is not connected to any net.
[WARNING PDN-0189] Supply pin TAP_TAPCELL_ROW_8_651/VGND is not connected to any net.
[WARNING PDN-0189] Supply pin TAP_TAPCELL_ROW_8_651/VPWR is not connected to any net.
[WARNING PDN-0189] Supply pin TAP_TAPCELL_ROW_8_650/VGND is not connected to any net.
[WARNING PDN-0189] Supply pin TAP_TAPCELL_ROW_8_650/VPWR is not connected to any net.
[WARNING PDN-0189] Supply pin TAP_TAPCELL_ROW_8_649/VGND is not connected to any net.
[WARNING PDN-0189] Supply pin TAP_TAPCELL_ROW_8_649/VPWR is not connected to any net.
[WARNING PDN-0189] Supply pin TAP_TAPCELL_ROW_8_648/VGND is not connected to any net.
[WARNING PDN-0189] Supply pin TAP_TAPCELL_ROW_8_648/VPWR is not connected to any net.
[WARNING PDN-0189] Supply pin TAP_TAPCELL_ROW_8_647/VGND is not connected to any net.
[WARNING PDN-0189] Supply pin TAP_TAPCELL_ROW_8_647/VPWR is not connected to any net.
[WARNING PDN-0189] Supply pin TAP_TAPCELL_ROW_8_646/VGND is not connected to any net.
[WARNING PDN-0189] Supply pin TAP_TAPCELL_ROW_8_646/VPWR is not connected to any net.
[WARNING PDN-0189] Supply pin TAP_TAPCELL_ROW_8_645/VGND is not connected to any net.
[WARNING PDN-0189] Supply pin TAP_TAPCELL_ROW_8_645/VPWR is not connected to any net.
[WARNING PDN-0189] Supply pin TAP_TAPCELL_ROW_8_644/VGND is not connected to any net.
[WARNING PDN-0189] Supply pin TAP_TAPCELL_ROW_8_644/VPWR is not connected to any net.
[WARNING PDN-0189] Supply pin TAP_TAPCELL_ROW_8_643/VGND is not connected to any net.
[WARNING PDN-0189] Supply pin TAP_TAPCELL_ROW_8_643/VPWR is not connected to any net.
[WARNING PDN-0189] Supply pin TAP_TAPCELL_ROW_8_642/VGND is not connected to any net.
[WARNING PDN-0189] Supply pin TAP_TAPCELL_ROW_8_642/VPWR is not connected to any net.
[WARNING PDN-0189] Supply pin TAP_TAPCELL_ROW_8_641/VGND is not connected to any net.
[WARNING PDN-0189] Supply pin TAP_TAPCELL_ROW_8_641/VPWR is not connected to any net.
[WARNING PDN-0189] Supply pin TAP_TAPCELL_ROW_8_640/VGND is not connected to any net.
[WARNING PDN-0189] Supply pin TAP_TAPCELL_ROW_8_640/VPWR is not connected to any net.
[WARNING PDN-0189] Supply pin TAP_TAPCELL_ROW_8_639/VGND is not connected to any net.
[WARNING PDN-0189] Supply pin TAP_TAPCELL_ROW_8_639/VPWR is not connected to any net.
[WARNING PDN-0189] Supply pin TAP_TAPCELL_ROW_7_638/VGND is not connected to any net.
[WARNING PDN-0189] Supply pin TAP_TAPCELL_ROW_7_638/VPWR is not connected to any net.
[WARNING PDN-0189] Supply pin TAP_TAPCELL_ROW_7_637/VGND is not connected to any net.
[WARNING PDN-0189] Supply pin TAP_TAPCELL_ROW_7_637/VPWR is not connected to any net.
[WARNING PDN-0189] Supply pin TAP_TAPCELL_ROW_7_636/VGND is not connected to any net.
[WARNING PDN-0189] Supply pin TAP_TAPCELL_ROW_7_636/VPWR is not connected to any net.
[WARNING PDN-0189] Supply pin TAP_TAPCELL_ROW_7_635/VGND is not connected to any net.
[WARNING PDN-0189] Supply pin TAP_TAPCELL_ROW_7_635/VPWR is not connected to any net.
[WARNING PDN-0189] Supply pin TAP_TAPCELL_ROW_7_634/VGND is not connected to any net.
[WARNING PDN-0189] Supply pin TAP_TAPCELL_ROW_7_634/VPWR is not connected to any net.
[WARNING PDN-0189] Supply pin TAP_TAPCELL_ROW_7_633/VGND is not connected to any net.
[WARNING PDN-0189] Supply pin TAP_TAPCELL_ROW_7_633/VPWR is not connected to any net.
[WARNING PDN-0189] Supply pin TAP_TAPCELL_ROW_7_632/VGND is not connected to any net.
[WARNING PDN-0189] Supply pin TAP_TAPCELL_ROW_7_632/VPWR is not connected to any net.
[WARNING PDN-0189] Supply pin TAP_TAPCELL_ROW_7_631/VGND is not connected to any net.
[WARNING PDN-0189] Supply pin TAP_TAPCELL_ROW_7_631/VPWR is not connected to any net.
[WARNING PDN-0189] Supply pin TAP_TAPCELL_ROW_7_630/VGND is not connected to any net.
[WARNING PDN-0189] Supply pin TAP_TAPCELL_ROW_7_630/VPWR is not connected to any net.
[WARNING PDN-0189] Supply pin TAP_TAPCELL_ROW_7_629/VGND is not connected to any net.
[WARNING PDN-0189] Supply pin TAP_TAPCELL_ROW_7_629/VPWR is not connected to any net.
[WARNING PDN-0189] Supply pin TAP_TAPCELL_ROW_7_628/VGND is not connected to any net.
[WARNING PDN-0189] Supply pin TAP_TAPCELL_ROW_7_628/VPWR is not connected to any net.
[WARNING PDN-0189] Supply pin TAP_TAPCELL_ROW_7_627/VGND is not connected to any net.
[WARNING PDN-0189] Supply pin TAP_TAPCELL_ROW_7_627/VPWR is not connected to any net.
[WARNING PDN-0189] Supply pin TAP_TAPCELL_ROW_7_626/VGND is not connected to any net.
[WARNING PDN-0189] Supply pin TAP_TAPCELL_ROW_7_626/VPWR is not connected to any net.
[WARNING PDN-0189] Supply pin TAP_TAPCELL_ROW_7_625/VGND is not connected to any net.
[WARNING PDN-0189] Supply pin TAP_TAPCELL_ROW_7_625/VPWR is not connected to any net.
[WARNING PDN-0189] Supply pin TAP_TAPCELL_ROW_7_624/VGND is not connected to any net.
[WARNING PDN-0189] Supply pin TAP_TAPCELL_ROW_7_624/VPWR is not connected to any net.
[WARNING PDN-0189] Supply pin TAP_TAPCELL_ROW_7_623/VGND is not connected to any net.
[WARNING PDN-0189] Supply pin TAP_TAPCELL_ROW_7_623/VPWR is not connected to any net.
[WARNING PDN-0189] Supply pin TAP_TAPCELL_ROW_7_622/VGND is not connected to any net.
[WARNING PDN-0189] Supply pin TAP_TAPCELL_ROW_7_622/VPWR is not connected to any net.
[WARNING PDN-0189] Supply pin TAP_TAPCELL_ROW_7_621/VGND is not connected to any net.
[WARNING PDN-0189] Supply pin TAP_TAPCELL_ROW_7_621/VPWR is not connected to any net.
[WARNING PDN-0189] Supply pin TAP_TAPCELL_ROW_7_620/VGND is not connected to any net.
[WARNING PDN-0189] Supply pin TAP_TAPCELL_ROW_7_620/VPWR is not connected to any net.
[WARNING PDN-0189] Supply pin TAP_TAPCELL_ROW_7_619/VGND is not connected to any net.
[WARNING PDN-0189] Supply pin TAP_TAPCELL_ROW_7_619/VPWR is not connected to any net.
[WARNING PDN-0189] Supply pin TAP_TAPCELL_ROW_7_618/VGND is not connected to any net.
[WARNING PDN-0189] Supply pin TAP_TAPCELL_ROW_7_618/VPWR is not connected to any net.
[WARNING PDN-0189] Supply pin TAP_TAPCELL_ROW_7_617/VGND is not connected to any net.
[WARNING PDN-0189] Supply pin TAP_TAPCELL_ROW_7_617/VPWR is not connected to any net.
[WARNING PDN-0189] Supply pin TAP_TAPCELL_ROW_7_616/VGND is not connected to any net.
[WARNING PDN-0189] Supply pin TAP_TAPCELL_ROW_7_616/VPWR is not connected to any net.
[WARNING PDN-0189] Supply pin TAP_TAPCELL_ROW_7_615/VGND is not connected to any net.
[WARNING PDN-0189] Supply pin TAP_TAPCELL_ROW_7_615/VPWR is not connected to any net.
[WARNING PDN-0189] Supply pin TAP_TAPCELL_ROW_7_614/VGND is not connected to any net.
[WARNING PDN-0189] Supply pin TAP_TAPCELL_ROW_7_614/VPWR is not connected to any net.
[WARNING PDN-0189] Supply pin TAP_TAPCELL_ROW_7_613/VGND is not connected to any net.
[WARNING PDN-0189] Supply pin TAP_TAPCELL_ROW_7_613/VPWR is not connected to any net.
[WARNING PDN-0189] Supply pin TAP_TAPCELL_ROW_7_612/VGND is not connected to any net.
[WARNING PDN-0189] Supply pin TAP_TAPCELL_ROW_7_612/VPWR is not connected to any net.
[WARNING PDN-0189] Supply pin TAP_TAPCELL_ROW_7_611/VGND is not connected to any net.
[WARNING PDN-0189] Supply pin TAP_TAPCELL_ROW_7_611/VPWR is not connected to any net.
[WARNING PDN-0189] Supply pin TAP_TAPCELL_ROW_7_610/VGND is not connected to any net.
[WARNING PDN-0189] Supply pin TAP_TAPCELL_ROW_7_610/VPWR is not connected to any net.
[WARNING PDN-0189] Supply pin TAP_TAPCELL_ROW_7_609/VGND is not connected to any net.
[WARNING PDN-0189] Supply pin TAP_TAPCELL_ROW_7_609/VPWR is not connected to any net.
[WARNING PDN-0189] Supply pin TAP_TAPCELL_ROW_7_608/VGND is not connected to any net.
[WARNING PDN-0189] Supply pin TAP_TAPCELL_ROW_7_608/VPWR is not connected to any net.
[WARNING PDN-0189] Supply pin TAP_TAPCELL_ROW_7_607/VGND is not connected to any net.
[WARNING PDN-0189] Supply pin TAP_TAPCELL_ROW_7_607/VPWR is not connected to any net.
[WARNING PDN-0189] Supply pin TAP_TAPCELL_ROW_7_606/VGND is not connected to any net.
[WARNING PDN-0189] Supply pin TAP_TAPCELL_ROW_7_606/VPWR is not connected to any net.
[WARNING PDN-0189] Supply pin TAP_TAPCELL_ROW_7_605/VGND is not connected to any net.
[WARNING PDN-0189] Supply pin TAP_TAPCELL_ROW_7_605/VPWR is not connected to any net.
[WARNING PDN-0189] Supply pin TAP_TAPCELL_ROW_7_604/VGND is not connected to any net.
[WARNING PDN-0189] Supply pin TAP_TAPCELL_ROW_7_604/VPWR is not connected to any net.
[WARNING PDN-0189] Supply pin TAP_TAPCELL_ROW_7_603/VGND is not connected to any net.
[WARNING PDN-0189] Supply pin TAP_TAPCELL_ROW_7_603/VPWR is not connected to any net.
[WARNING PDN-0189] Supply pin TAP_TAPCELL_ROW_7_602/VGND is not connected to any net.
[WARNING PDN-0189] Supply pin TAP_TAPCELL_ROW_7_602/VPWR is not connected to any net.
[WARNING PDN-0189] Supply pin TAP_TAPCELL_ROW_7_601/VGND is not connected to any net.
[WARNING PDN-0189] Supply pin TAP_TAPCELL_ROW_7_601/VPWR is not connected to any net.
[WARNING PDN-0189] Supply pin TAP_TAPCELL_ROW_7_600/VGND is not connected to any net.
[WARNING PDN-0189] Supply pin TAP_TAPCELL_ROW_7_600/VPWR is not connected to any net.
[WARNING PDN-0189] Supply pin TAP_TAPCELL_ROW_7_599/VGND is not connected to any net.
[WARNING PDN-0189] Supply pin TAP_TAPCELL_ROW_7_599/VPWR is not connected to any net.
[WARNING PDN-0189] Supply pin TAP_TAPCELL_ROW_7_598/VGND is not connected to any net.
[WARNING PDN-0189] Supply pin TAP_TAPCELL_ROW_7_598/VPWR is not connected to any net.
[WARNING PDN-0189] Supply pin TAP_TAPCELL_ROW_7_597/VGND is not connected to any net.
[WARNING PDN-0189] Supply pin TAP_TAPCELL_ROW_7_597/VPWR is not connected to any net.
[WARNING PDN-0189] Supply pin TAP_TAPCELL_ROW_7_596/VGND is not connected to any net.
[WARNING PDN-0189] Supply pin TAP_TAPCELL_ROW_7_596/VPWR is not connected to any net.
[WARNING PDN-0189] Supply pin TAP_TAPCELL_ROW_7_595/VGND is not connected to any net.
[WARNING PDN-0189] Supply pin TAP_TAPCELL_ROW_7_595/VPWR is not connected to any net.
[WARNING PDN-0189] Supply pin TAP_TAPCELL_ROW_7_594/VGND is not connected to any net.
[WARNING PDN-0189] Supply pin TAP_TAPCELL_ROW_7_594/VPWR is not connected to any net.
[WARNING PDN-0189] Supply pin TAP_TAPCELL_ROW_7_593/VGND is not connected to any net.
[WARNING PDN-0189] Supply pin TAP_TAPCELL_ROW_7_593/VPWR is not connected to any net.
[WARNING PDN-0189] Supply pin TAP_TAPCELL_ROW_7_592/VGND is not connected to any net.
[WARNING PDN-0189] Supply pin TAP_TAPCELL_ROW_7_592/VPWR is not connected to any net.
[WARNING PDN-0189] Supply pin TAP_TAPCELL_ROW_7_591/VGND is not connected to any net.
[WARNING PDN-0189] Supply pin TAP_TAPCELL_ROW_7_591/VPWR is not connected to any net.
[WARNING PDN-0189] Supply pin TAP_TAPCELL_ROW_7_590/VGND is not connected to any net.
[WARNING PDN-0189] Supply pin TAP_TAPCELL_ROW_7_590/VPWR is not connected to any net.
[WARNING PDN-0189] Supply pin TAP_TAPCELL_ROW_7_589/VGND is not connected to any net.
[WARNING PDN-0189] Supply pin TAP_TAPCELL_ROW_7_589/VPWR is not connected to any net.
[WARNING PDN-0189] Supply pin TAP_TAPCELL_ROW_7_588/VGND is not connected to any net.
[WARNING PDN-0189] Supply pin TAP_TAPCELL_ROW_7_588/VPWR is not connected to any net.
[WARNING PDN-0189] Supply pin TAP_TAPCELL_ROW_7_587/VGND is not connected to any net.
[WARNING PDN-0189] Supply pin TAP_TAPCELL_ROW_7_587/VPWR is not connected to any net.
[WARNING PDN-0189] Supply pin TAP_TAPCELL_ROW_7_586/VGND is not connected to any net.
[WARNING PDN-0189] Supply pin TAP_TAPCELL_ROW_7_586/VPWR is not connected to any net.
[WARNING PDN-0189] Supply pin TAP_TAPCELL_ROW_7_585/VGND is not connected to any net.
[WARNING PDN-0189] Supply pin TAP_TAPCELL_ROW_7_585/VPWR is not connected to any net.
[WARNING PDN-0189] Supply pin TAP_TAPCELL_ROW_7_584/VGND is not connected to any net.
[WARNING PDN-0189] Supply pin TAP_TAPCELL_ROW_7_584/VPWR is not connected to any net.
[WARNING PDN-0189] Supply pin TAP_TAPCELL_ROW_7_583/VGND is not connected to any net.
[WARNING PDN-0189] Supply pin TAP_TAPCELL_ROW_7_583/VPWR is not connected to any net.
[WARNING PDN-0189] Supply pin TAP_TAPCELL_ROW_7_582/VGND is not connected to any net.
[WARNING PDN-0189] Supply pin TAP_TAPCELL_ROW_7_582/VPWR is not connected to any net.
[WARNING PDN-0189] Supply pin TAP_TAPCELL_ROW_7_581/VGND is not connected to any net.
[WARNING PDN-0189] Supply pin TAP_TAPCELL_ROW_7_581/VPWR is not connected to any net.
[WARNING PDN-0189] Supply pin TAP_TAPCELL_ROW_7_580/VGND is not connected to any net.
[WARNING PDN-0189] Supply pin TAP_TAPCELL_ROW_7_580/VPWR is not connected to any net.
[WARNING PDN-0189] Supply pin TAP_TAPCELL_ROW_7_579/VGND is not connected to any net.
[WARNING PDN-0189] Supply pin TAP_TAPCELL_ROW_7_579/VPWR is not connected to any net.
[WARNING PDN-0189] Supply pin TAP_TAPCELL_ROW_7_578/VGND is not connected to any net.
[WARNING PDN-0189] Supply pin TAP_TAPCELL_ROW_7_578/VPWR is not connected to any net.
[WARNING PDN-0189] Supply pin TAP_TAPCELL_ROW_7_577/VGND is not connected to any net.
[WARNING PDN-0189] Supply pin TAP_TAPCELL_ROW_7_577/VPWR is not connected to any net.
[WARNING PDN-0189] Supply pin TAP_TAPCELL_ROW_7_576/VGND is not connected to any net.
[WARNING PDN-0189] Supply pin TAP_TAPCELL_ROW_7_576/VPWR is not connected to any net.
[WARNING PDN-0189] Supply pin TAP_TAPCELL_ROW_7_575/VGND is not connected to any net.
[WARNING PDN-0189] Supply pin TAP_TAPCELL_ROW_7_575/VPWR is not connected to any net.
[WARNING PDN-0189] Supply pin TAP_TAPCELL_ROW_7_574/VGND is not connected to any net.
[WARNING PDN-0189] Supply pin TAP_TAPCELL_ROW_7_574/VPWR is not connected to any net.
[WARNING PDN-0189] Supply pin TAP_TAPCELL_ROW_7_573/VGND is not connected to any net.
[WARNING PDN-0189] Supply pin TAP_TAPCELL_ROW_7_573/VPWR is not connected to any net.
[WARNING PDN-0189] Supply pin TAP_TAPCELL_ROW_7_572/VGND is not connected to any net.
[WARNING PDN-0189] Supply pin TAP_TAPCELL_ROW_7_572/VPWR is not connected to any net.
[WARNING PDN-0189] Supply pin TAP_TAPCELL_ROW_7_571/VGND is not connected to any net.
[WARNING PDN-0189] Supply pin TAP_TAPCELL_ROW_7_571/VPWR is not connected to any net.
[WARNING PDN-0189] Supply pin TAP_TAPCELL_ROW_7_570/VGND is not connected to any net.
[WARNING PDN-0189] Supply pin TAP_TAPCELL_ROW_7_570/VPWR is not connected to any net.
[WARNING PDN-0189] Supply pin TAP_TAPCELL_ROW_7_569/VGND is not connected to any net.
[WARNING PDN-0189] Supply pin TAP_TAPCELL_ROW_7_569/VPWR is not connected to any net.
[WARNING PDN-0189] Supply pin TAP_TAPCELL_ROW_7_568/VGND is not connected to any net.
[WARNING PDN-0189] Supply pin TAP_TAPCELL_ROW_7_568/VPWR is not connected to any net.
[WARNING PDN-0189] Supply pin TAP_TAPCELL_ROW_6_567/VGND is not connected to any net.
[WARNING PDN-0189] Supply pin TAP_TAPCELL_ROW_6_567/VPWR is not connected to any net.
[WARNING PDN-0189] Supply pin TAP_TAPCELL_ROW_6_566/VGND is not connected to any net.
[WARNING PDN-0189] Supply pin TAP_TAPCELL_ROW_6_566/VPWR is not connected to any net.
[WARNING PDN-0189] Supply pin TAP_TAPCELL_ROW_6_565/VGND is not connected to any net.
[WARNING PDN-0189] Supply pin TAP_TAPCELL_ROW_6_565/VPWR is not connected to any net.
[WARNING PDN-0189] Supply pin TAP_TAPCELL_ROW_6_564/VGND is not connected to any net.
[WARNING PDN-0189] Supply pin TAP_TAPCELL_ROW_6_564/VPWR is not connected to any net.
[WARNING PDN-0189] Supply pin TAP_TAPCELL_ROW_6_563/VGND is not connected to any net.
[WARNING PDN-0189] Supply pin TAP_TAPCELL_ROW_6_563/VPWR is not connected to any net.
[WARNING PDN-0189] Supply pin TAP_TAPCELL_ROW_6_562/VGND is not connected to any net.
[WARNING PDN-0189] Supply pin TAP_TAPCELL_ROW_6_562/VPWR is not connected to any net.
[WARNING PDN-0189] Supply pin TAP_TAPCELL_ROW_6_561/VGND is not connected to any net.
[WARNING PDN-0189] Supply pin TAP_TAPCELL_ROW_6_561/VPWR is not connected to any net.
[WARNING PDN-0189] Supply pin TAP_TAPCELL_ROW_6_560/VGND is not connected to any net.
[WARNING PDN-0189] Supply pin TAP_TAPCELL_ROW_6_560/VPWR is not connected to any net.
[WARNING PDN-0189] Supply pin TAP_TAPCELL_ROW_6_559/VGND is not connected to any net.
[WARNING PDN-0189] Supply pin TAP_TAPCELL_ROW_6_559/VPWR is not connected to any net.
[WARNING PDN-0189] Supply pin TAP_TAPCELL_ROW_6_558/VGND is not connected to any net.
[WARNING PDN-0189] Supply pin TAP_TAPCELL_ROW_6_558/VPWR is not connected to any net.
[WARNING PDN-0189] Supply pin TAP_TAPCELL_ROW_6_557/VGND is not connected to any net.
[WARNING PDN-0189] Supply pin TAP_TAPCELL_ROW_6_557/VPWR is not connected to any net.
[WARNING PDN-0189] Supply pin TAP_TAPCELL_ROW_6_556/VGND is not connected to any net.
[WARNING PDN-0189] Supply pin TAP_TAPCELL_ROW_6_556/VPWR is not connected to any net.
[WARNING PDN-0189] Supply pin TAP_TAPCELL_ROW_6_555/VGND is not connected to any net.
[WARNING PDN-0189] Supply pin TAP_TAPCELL_ROW_6_555/VPWR is not connected to any net.
[WARNING PDN-0189] Supply pin TAP_TAPCELL_ROW_6_554/VGND is not connected to any net.
[WARNING PDN-0189] Supply pin TAP_TAPCELL_ROW_6_554/VPWR is not connected to any net.
[WARNING PDN-0189] Supply pin TAP_TAPCELL_ROW_6_553/VGND is not connected to any net.
[WARNING PDN-0189] Supply pin TAP_TAPCELL_ROW_6_553/VPWR is not connected to any net.
[WARNING PDN-0189] Supply pin TAP_TAPCELL_ROW_6_552/VGND is not connected to any net.
[WARNING PDN-0189] Supply pin TAP_TAPCELL_ROW_6_552/VPWR is not connected to any net.
[WARNING PDN-0189] Supply pin TAP_TAPCELL_ROW_6_551/VGND is not connected to any net.
[WARNING PDN-0189] Supply pin TAP_TAPCELL_ROW_6_551/VPWR is not connected to any net.
[WARNING PDN-0189] Supply pin TAP_TAPCELL_ROW_6_550/VGND is not connected to any net.
[WARNING PDN-0189] Supply pin TAP_TAPCELL_ROW_6_550/VPWR is not connected to any net.
[WARNING PDN-0189] Supply pin TAP_TAPCELL_ROW_6_549/VGND is not connected to any net.
[WARNING PDN-0189] Supply pin TAP_TAPCELL_ROW_6_549/VPWR is not connected to any net.
[WARNING PDN-0189] Supply pin TAP_TAPCELL_ROW_6_548/VGND is not connected to any net.
[WARNING PDN-0189] Supply pin TAP_TAPCELL_ROW_6_548/VPWR is not connected to any net.
[WARNING PDN-0189] Supply pin TAP_TAPCELL_ROW_6_547/VGND is not connected to any net.
[WARNING PDN-0189] Supply pin TAP_TAPCELL_ROW_6_547/VPWR is not connected to any net.
[WARNING PDN-0189] Supply pin TAP_TAPCELL_ROW_6_546/VGND is not connected to any net.
[WARNING PDN-0189] Supply pin TAP_TAPCELL_ROW_6_546/VPWR is not connected to any net.
[WARNING PDN-0189] Supply pin TAP_TAPCELL_ROW_6_545/VGND is not connected to any net.
[WARNING PDN-0189] Supply pin TAP_TAPCELL_ROW_6_545/VPWR is not connected to any net.
[WARNING PDN-0189] Supply pin TAP_TAPCELL_ROW_6_544/VGND is not connected to any net.
[WARNING PDN-0189] Supply pin TAP_TAPCELL_ROW_6_544/VPWR is not connected to any net.
[WARNING PDN-0189] Supply pin TAP_TAPCELL_ROW_6_543/VGND is not connected to any net.
[WARNING PDN-0189] Supply pin TAP_TAPCELL_ROW_6_543/VPWR is not connected to any net.
[WARNING PDN-0189] Supply pin TAP_TAPCELL_ROW_6_542/VGND is not connected to any net.
[WARNING PDN-0189] Supply pin TAP_TAPCELL_ROW_6_542/VPWR is not connected to any net.
[WARNING PDN-0189] Supply pin TAP_TAPCELL_ROW_6_541/VGND is not connected to any net.
[WARNING PDN-0189] Supply pin TAP_TAPCELL_ROW_6_541/VPWR is not connected to any net.
[WARNING PDN-0189] Supply pin TAP_TAPCELL_ROW_6_540/VGND is not connected to any net.
[WARNING PDN-0189] Supply pin TAP_TAPCELL_ROW_6_540/VPWR is not connected to any net.
[WARNING PDN-0189] Supply pin TAP_TAPCELL_ROW_6_539/VGND is not connected to any net.
[WARNING PDN-0189] Supply pin TAP_TAPCELL_ROW_6_539/VPWR is not connected to any net.
[WARNING PDN-0189] Supply pin TAP_TAPCELL_ROW_6_538/VGND is not connected to any net.
[WARNING PDN-0189] Supply pin TAP_TAPCELL_ROW_6_538/VPWR is not connected to any net.
[WARNING PDN-0189] Supply pin TAP_TAPCELL_ROW_6_537/VGND is not connected to any net.
[WARNING PDN-0189] Supply pin TAP_TAPCELL_ROW_6_537/VPWR is not connected to any net.
[WARNING PDN-0189] Supply pin TAP_TAPCELL_ROW_6_536/VGND is not connected to any net.
[WARNING PDN-0189] Supply pin TAP_TAPCELL_ROW_6_536/VPWR is not connected to any net.
[WARNING PDN-0189] Supply pin TAP_TAPCELL_ROW_6_535/VGND is not connected to any net.
[WARNING PDN-0189] Supply pin TAP_TAPCELL_ROW_6_535/VPWR is not connected to any net.
[WARNING PDN-0189] Supply pin TAP_TAPCELL_ROW_6_534/VGND is not connected to any net.
[WARNING PDN-0189] Supply pin TAP_TAPCELL_ROW_6_534/VPWR is not connected to any net.
[WARNING PDN-0189] Supply pin TAP_TAPCELL_ROW_6_533/VGND is not connected to any net.
[WARNING PDN-0189] Supply pin TAP_TAPCELL_ROW_6_533/VPWR is not connected to any net.
[WARNING PDN-0189] Supply pin TAP_TAPCELL_ROW_6_532/VGND is not connected to any net.
[WARNING PDN-0189] Supply pin TAP_TAPCELL_ROW_6_532/VPWR is not connected to any net.
[WARNING PDN-0189] Supply pin TAP_TAPCELL_ROW_6_531/VGND is not connected to any net.
[WARNING PDN-0189] Supply pin TAP_TAPCELL_ROW_6_531/VPWR is not connected to any net.
[WARNING PDN-0189] Supply pin TAP_TAPCELL_ROW_6_530/VGND is not connected to any net.
[WARNING PDN-0189] Supply pin TAP_TAPCELL_ROW_6_530/VPWR is not connected to any net.
[WARNING PDN-0189] Supply pin TAP_TAPCELL_ROW_6_529/VGND is not connected to any net.
[WARNING PDN-0189] Supply pin TAP_TAPCELL_ROW_6_529/VPWR is not connected to any net.
[WARNING PDN-0189] Supply pin TAP_TAPCELL_ROW_6_528/VGND is not connected to any net.
[WARNING PDN-0189] Supply pin TAP_TAPCELL_ROW_6_528/VPWR is not connected to any net.
[WARNING PDN-0189] Supply pin TAP_TAPCELL_ROW_6_527/VGND is not connected to any net.
[WARNING PDN-0189] Supply pin TAP_TAPCELL_ROW_6_527/VPWR is not connected to any net.
[WARNING PDN-0189] Supply pin TAP_TAPCELL_ROW_6_526/VGND is not connected to any net.
[WARNING PDN-0189] Supply pin TAP_TAPCELL_ROW_6_526/VPWR is not connected to any net.
[WARNING PDN-0189] Supply pin TAP_TAPCELL_ROW_6_525/VGND is not connected to any net.
[WARNING PDN-0189] Supply pin TAP_TAPCELL_ROW_6_525/VPWR is not connected to any net.
[WARNING PDN-0189] Supply pin TAP_TAPCELL_ROW_6_524/VGND is not connected to any net.
[WARNING PDN-0189] Supply pin TAP_TAPCELL_ROW_6_524/VPWR is not connected to any net.
[WARNING PDN-0189] Supply pin TAP_TAPCELL_ROW_6_523/VGND is not connected to any net.
[WARNING PDN-0189] Supply pin TAP_TAPCELL_ROW_6_523/VPWR is not connected to any net.
[WARNING PDN-0189] Supply pin TAP_TAPCELL_ROW_6_522/VGND is not connected to any net.
[WARNING PDN-0189] Supply pin TAP_TAPCELL_ROW_6_522/VPWR is not connected to any net.
[WARNING PDN-0189] Supply pin TAP_TAPCELL_ROW_6_521/VGND is not connected to any net.
[WARNING PDN-0189] Supply pin TAP_TAPCELL_ROW_6_521/VPWR is not connected to any net.
[WARNING PDN-0189] Supply pin TAP_TAPCELL_ROW_6_520/VGND is not connected to any net.
[WARNING PDN-0189] Supply pin TAP_TAPCELL_ROW_6_520/VPWR is not connected to any net.
[WARNING PDN-0189] Supply pin TAP_TAPCELL_ROW_6_519/VGND is not connected to any net.
[WARNING PDN-0189] Supply pin TAP_TAPCELL_ROW_6_519/VPWR is not connected to any net.
[WARNING PDN-0189] Supply pin TAP_TAPCELL_ROW_6_518/VGND is not connected to any net.
[WARNING PDN-0189] Supply pin TAP_TAPCELL_ROW_6_518/VPWR is not connected to any net.
[WARNING PDN-0189] Supply pin TAP_TAPCELL_ROW_6_517/VGND is not connected to any net.
[WARNING PDN-0189] Supply pin TAP_TAPCELL_ROW_6_517/VPWR is not connected to any net.
[WARNING PDN-0189] Supply pin TAP_TAPCELL_ROW_6_516/VGND is not connected to any net.
[WARNING PDN-0189] Supply pin TAP_TAPCELL_ROW_6_516/VPWR is not connected to any net.
[WARNING PDN-0189] Supply pin TAP_TAPCELL_ROW_6_515/VGND is not connected to any net.
[WARNING PDN-0189] Supply pin TAP_TAPCELL_ROW_6_515/VPWR is not connected to any net.
[WARNING PDN-0189] Supply pin TAP_TAPCELL_ROW_6_514/VGND is not connected to any net.
[WARNING PDN-0189] Supply pin TAP_TAPCELL_ROW_6_514/VPWR is not connected to any net.
[WARNING PDN-0189] Supply pin TAP_TAPCELL_ROW_6_513/VGND is not connected to any net.
[WARNING PDN-0189] Supply pin TAP_TAPCELL_ROW_6_513/VPWR is not connected to any net.
[WARNING PDN-0189] Supply pin TAP_TAPCELL_ROW_6_512/VGND is not connected to any net.
[WARNING PDN-0189] Supply pin TAP_TAPCELL_ROW_6_512/VPWR is not connected to any net.
[WARNING PDN-0189] Supply pin TAP_TAPCELL_ROW_6_511/VGND is not connected to any net.
[WARNING PDN-0189] Supply pin TAP_TAPCELL_ROW_6_511/VPWR is not connected to any net.
[WARNING PDN-0189] Supply pin TAP_TAPCELL_ROW_6_510/VGND is not connected to any net.
[WARNING PDN-0189] Supply pin TAP_TAPCELL_ROW_6_510/VPWR is not connected to any net.
[WARNING PDN-0189] Supply pin TAP_TAPCELL_ROW_6_509/VGND is not connected to any net.
[WARNING PDN-0189] Supply pin TAP_TAPCELL_ROW_6_509/VPWR is not connected to any net.
[WARNING PDN-0189] Supply pin TAP_TAPCELL_ROW_6_508/VGND is not connected to any net.
[WARNING PDN-0189] Supply pin TAP_TAPCELL_ROW_6_508/VPWR is not connected to any net.
[WARNING PDN-0189] Supply pin TAP_TAPCELL_ROW_6_507/VGND is not connected to any net.
[WARNING PDN-0189] Supply pin TAP_TAPCELL_ROW_6_507/VPWR is not connected to any net.
[WARNING PDN-0189] Supply pin TAP_TAPCELL_ROW_6_506/VGND is not connected to any net.
[WARNING PDN-0189] Supply pin TAP_TAPCELL_ROW_6_506/VPWR is not connected to any net.
[WARNING PDN-0189] Supply pin TAP_TAPCELL_ROW_6_505/VGND is not connected to any net.
[WARNING PDN-0189] Supply pin TAP_TAPCELL_ROW_6_505/VPWR is not connected to any net.
[WARNING PDN-0189] Supply pin TAP_TAPCELL_ROW_6_504/VGND is not connected to any net.
[WARNING PDN-0189] Supply pin TAP_TAPCELL_ROW_6_504/VPWR is not connected to any net.
[WARNING PDN-0189] Supply pin TAP_TAPCELL_ROW_6_503/VGND is not connected to any net.
[WARNING PDN-0189] Supply pin TAP_TAPCELL_ROW_6_503/VPWR is not connected to any net.
[WARNING PDN-0189] Supply pin TAP_TAPCELL_ROW_6_502/VGND is not connected to any net.
[WARNING PDN-0189] Supply pin TAP_TAPCELL_ROW_6_502/VPWR is not connected to any net.
[WARNING PDN-0189] Supply pin TAP_TAPCELL_ROW_6_501/VGND is not connected to any net.
[WARNING PDN-0189] Supply pin TAP_TAPCELL_ROW_6_501/VPWR is not connected to any net.
[WARNING PDN-0189] Supply pin TAP_TAPCELL_ROW_6_500/VGND is not connected to any net.
[WARNING PDN-0189] Supply pin TAP_TAPCELL_ROW_6_500/VPWR is not connected to any net.
[WARNING PDN-0189] Supply pin TAP_TAPCELL_ROW_6_499/VGND is not connected to any net.
[WARNING PDN-0189] Supply pin TAP_TAPCELL_ROW_6_499/VPWR is not connected to any net.
[WARNING PDN-0189] Supply pin TAP_TAPCELL_ROW_6_498/VGND is not connected to any net.
[WARNING PDN-0189] Supply pin TAP_TAPCELL_ROW_6_498/VPWR is not connected to any net.
[WARNING PDN-0189] Supply pin TAP_TAPCELL_ROW_6_497/VGND is not connected to any net.
[WARNING PDN-0189] Supply pin TAP_TAPCELL_ROW_6_497/VPWR is not connected to any net.
[WARNING PDN-0189] Supply pin TAP_TAPCELL_ROW_5_496/VGND is not connected to any net.
[WARNING PDN-0189] Supply pin TAP_TAPCELL_ROW_5_496/VPWR is not connected to any net.
[WARNING PDN-0189] Supply pin TAP_TAPCELL_ROW_5_495/VGND is not connected to any net.
[WARNING PDN-0189] Supply pin TAP_TAPCELL_ROW_5_495/VPWR is not connected to any net.
[WARNING PDN-0189] Supply pin TAP_TAPCELL_ROW_5_494/VGND is not connected to any net.
[WARNING PDN-0189] Supply pin TAP_TAPCELL_ROW_5_494/VPWR is not connected to any net.
[WARNING PDN-0189] Supply pin TAP_TAPCELL_ROW_5_493/VGND is not connected to any net.
[WARNING PDN-0189] Supply pin TAP_TAPCELL_ROW_5_493/VPWR is not connected to any net.
[WARNING PDN-0189] Supply pin TAP_TAPCELL_ROW_5_492/VGND is not connected to any net.
[WARNING PDN-0189] Supply pin TAP_TAPCELL_ROW_5_492/VPWR is not connected to any net.
[WARNING PDN-0189] Supply pin TAP_TAPCELL_ROW_5_491/VGND is not connected to any net.
[WARNING PDN-0189] Supply pin TAP_TAPCELL_ROW_5_491/VPWR is not connected to any net.
[WARNING PDN-0189] Supply pin TAP_TAPCELL_ROW_5_490/VGND is not connected to any net.
[WARNING PDN-0189] Supply pin TAP_TAPCELL_ROW_5_490/VPWR is not connected to any net.
[WARNING PDN-0189] Supply pin TAP_TAPCELL_ROW_5_489/VGND is not connected to any net.
[WARNING PDN-0189] Supply pin TAP_TAPCELL_ROW_5_489/VPWR is not connected to any net.
[WARNING PDN-0189] Supply pin TAP_TAPCELL_ROW_5_488/VGND is not connected to any net.
[WARNING PDN-0189] Supply pin TAP_TAPCELL_ROW_5_488/VPWR is not connected to any net.
[WARNING PDN-0189] Supply pin TAP_TAPCELL_ROW_5_487/VGND is not connected to any net.
[WARNING PDN-0189] Supply pin TAP_TAPCELL_ROW_5_487/VPWR is not connected to any net.
[WARNING PDN-0189] Supply pin TAP_TAPCELL_ROW_5_486/VGND is not connected to any net.
[WARNING PDN-0189] Supply pin TAP_TAPCELL_ROW_5_486/VPWR is not connected to any net.
[WARNING PDN-0189] Supply pin TAP_TAPCELL_ROW_5_485/VGND is not connected to any net.
[WARNING PDN-0189] Supply pin TAP_TAPCELL_ROW_5_485/VPWR is not connected to any net.
[WARNING PDN-0189] Supply pin TAP_TAPCELL_ROW_5_484/VGND is not connected to any net.
[WARNING PDN-0189] Supply pin TAP_TAPCELL_ROW_5_484/VPWR is not connected to any net.
[WARNING PDN-0189] Supply pin TAP_TAPCELL_ROW_5_483/VGND is not connected to any net.
[WARNING PDN-0189] Supply pin TAP_TAPCELL_ROW_5_483/VPWR is not connected to any net.
[WARNING PDN-0189] Supply pin TAP_TAPCELL_ROW_5_482/VGND is not connected to any net.
[WARNING PDN-0189] Supply pin TAP_TAPCELL_ROW_5_482/VPWR is not connected to any net.
[WARNING PDN-0189] Supply pin TAP_TAPCELL_ROW_5_481/VGND is not connected to any net.
[WARNING PDN-0189] Supply pin TAP_TAPCELL_ROW_5_481/VPWR is not connected to any net.
[WARNING PDN-0189] Supply pin TAP_TAPCELL_ROW_5_480/VGND is not connected to any net.
[WARNING PDN-0189] Supply pin TAP_TAPCELL_ROW_5_480/VPWR is not connected to any net.
[WARNING PDN-0189] Supply pin TAP_TAPCELL_ROW_5_479/VGND is not connected to any net.
[WARNING PDN-0189] Supply pin TAP_TAPCELL_ROW_5_479/VPWR is not connected to any net.
[WARNING PDN-0189] Supply pin TAP_TAPCELL_ROW_5_478/VGND is not connected to any net.
[WARNING PDN-0189] Supply pin TAP_TAPCELL_ROW_5_478/VPWR is not connected to any net.
[WARNING PDN-0189] Supply pin TAP_TAPCELL_ROW_5_477/VGND is not connected to any net.
[WARNING PDN-0189] Supply pin TAP_TAPCELL_ROW_5_477/VPWR is not connected to any net.
[WARNING PDN-0189] Supply pin TAP_TAPCELL_ROW_5_476/VGND is not connected to any net.
[WARNING PDN-0189] Supply pin TAP_TAPCELL_ROW_5_476/VPWR is not connected to any net.
[WARNING PDN-0189] Supply pin TAP_TAPCELL_ROW_5_475/VGND is not connected to any net.
[WARNING PDN-0189] Supply pin TAP_TAPCELL_ROW_5_475/VPWR is not connected to any net.
[WARNING PDN-0189] Supply pin TAP_TAPCELL_ROW_5_474/VGND is not connected to any net.
[WARNING PDN-0189] Supply pin TAP_TAPCELL_ROW_5_474/VPWR is not connected to any net.
[WARNING PDN-0189] Supply pin TAP_TAPCELL_ROW_5_473/VGND is not connected to any net.
[WARNING PDN-0189] Supply pin TAP_TAPCELL_ROW_5_473/VPWR is not connected to any net.
[WARNING PDN-0189] Supply pin TAP_TAPCELL_ROW_5_472/VGND is not connected to any net.
[WARNING PDN-0189] Supply pin TAP_TAPCELL_ROW_5_472/VPWR is not connected to any net.
[WARNING PDN-0189] Supply pin TAP_TAPCELL_ROW_5_471/VGND is not connected to any net.
[WARNING PDN-0189] Supply pin TAP_TAPCELL_ROW_5_471/VPWR is not connected to any net.
[WARNING PDN-0189] Supply pin TAP_TAPCELL_ROW_5_470/VGND is not connected to any net.
[WARNING PDN-0189] Supply pin TAP_TAPCELL_ROW_5_470/VPWR is not connected to any net.
[WARNING PDN-0189] Supply pin TAP_TAPCELL_ROW_5_469/VGND is not connected to any net.
[WARNING PDN-0189] Supply pin TAP_TAPCELL_ROW_5_469/VPWR is not connected to any net.
[WARNING PDN-0189] Supply pin TAP_TAPCELL_ROW_5_468/VGND is not connected to any net.
[WARNING PDN-0189] Supply pin TAP_TAPCELL_ROW_5_468/VPWR is not connected to any net.
[WARNING PDN-0189] Supply pin TAP_TAPCELL_ROW_5_467/VGND is not connected to any net.
[WARNING PDN-0189] Supply pin TAP_TAPCELL_ROW_5_467/VPWR is not connected to any net.
[WARNING PDN-0189] Supply pin TAP_TAPCELL_ROW_5_466/VGND is not connected to any net.
[WARNING PDN-0189] Supply pin TAP_TAPCELL_ROW_5_466/VPWR is not connected to any net.
[WARNING PDN-0189] Supply pin TAP_TAPCELL_ROW_5_465/VGND is not connected to any net.
[WARNING PDN-0189] Supply pin TAP_TAPCELL_ROW_5_465/VPWR is not connected to any net.
[WARNING PDN-0189] Supply pin TAP_TAPCELL_ROW_5_464/VGND is not connected to any net.
[WARNING PDN-0189] Supply pin TAP_TAPCELL_ROW_5_464/VPWR is not connected to any net.
[WARNING PDN-0189] Supply pin TAP_TAPCELL_ROW_5_463/VGND is not connected to any net.
[WARNING PDN-0189] Supply pin TAP_TAPCELL_ROW_5_463/VPWR is not connected to any net.
[WARNING PDN-0189] Supply pin TAP_TAPCELL_ROW_5_462/VGND is not connected to any net.
[WARNING PDN-0189] Supply pin TAP_TAPCELL_ROW_5_462/VPWR is not connected to any net.
[WARNING PDN-0189] Supply pin TAP_TAPCELL_ROW_5_461/VGND is not connected to any net.
[WARNING PDN-0189] Supply pin TAP_TAPCELL_ROW_5_461/VPWR is not connected to any net.
[WARNING PDN-0189] Supply pin TAP_TAPCELL_ROW_5_460/VGND is not connected to any net.
[WARNING PDN-0189] Supply pin TAP_TAPCELL_ROW_5_460/VPWR is not connected to any net.
[WARNING PDN-0189] Supply pin TAP_TAPCELL_ROW_5_459/VGND is not connected to any net.
[WARNING PDN-0189] Supply pin TAP_TAPCELL_ROW_5_459/VPWR is not connected to any net.
[WARNING PDN-0189] Supply pin TAP_TAPCELL_ROW_5_458/VGND is not connected to any net.
[WARNING PDN-0189] Supply pin TAP_TAPCELL_ROW_5_458/VPWR is not connected to any net.
[WARNING PDN-0189] Supply pin TAP_TAPCELL_ROW_5_457/VGND is not connected to any net.
[WARNING PDN-0189] Supply pin TAP_TAPCELL_ROW_5_457/VPWR is not connected to any net.
[WARNING PDN-0189] Supply pin TAP_TAPCELL_ROW_5_456/VGND is not connected to any net.
[WARNING PDN-0189] Supply pin TAP_TAPCELL_ROW_5_456/VPWR is not connected to any net.
[WARNING PDN-0189] Supply pin TAP_TAPCELL_ROW_5_455/VGND is not connected to any net.
[WARNING PDN-0189] Supply pin TAP_TAPCELL_ROW_5_455/VPWR is not connected to any net.
[WARNING PDN-0189] Supply pin TAP_TAPCELL_ROW_5_454/VGND is not connected to any net.
[WARNING PDN-0189] Supply pin TAP_TAPCELL_ROW_5_454/VPWR is not connected to any net.
[WARNING PDN-0189] Supply pin TAP_TAPCELL_ROW_5_453/VGND is not connected to any net.
[WARNING PDN-0189] Supply pin TAP_TAPCELL_ROW_5_453/VPWR is not connected to any net.
[WARNING PDN-0189] Supply pin TAP_TAPCELL_ROW_5_452/VGND is not connected to any net.
[WARNING PDN-0189] Supply pin TAP_TAPCELL_ROW_5_452/VPWR is not connected to any net.
[WARNING PDN-0189] Supply pin TAP_TAPCELL_ROW_5_451/VGND is not connected to any net.
[WARNING PDN-0189] Supply pin TAP_TAPCELL_ROW_5_451/VPWR is not connected to any net.
[WARNING PDN-0189] Supply pin TAP_TAPCELL_ROW_5_450/VGND is not connected to any net.
[WARNING PDN-0189] Supply pin TAP_TAPCELL_ROW_5_450/VPWR is not connected to any net.
[WARNING PDN-0189] Supply pin TAP_TAPCELL_ROW_5_449/VGND is not connected to any net.
[WARNING PDN-0189] Supply pin TAP_TAPCELL_ROW_5_449/VPWR is not connected to any net.
[WARNING PDN-0189] Supply pin TAP_TAPCELL_ROW_5_448/VGND is not connected to any net.
[WARNING PDN-0189] Supply pin TAP_TAPCELL_ROW_5_448/VPWR is not connected to any net.
[WARNING PDN-0189] Supply pin TAP_TAPCELL_ROW_5_447/VGND is not connected to any net.
[WARNING PDN-0189] Supply pin TAP_TAPCELL_ROW_5_447/VPWR is not connected to any net.
[WARNING PDN-0189] Supply pin TAP_TAPCELL_ROW_5_446/VGND is not connected to any net.
[WARNING PDN-0189] Supply pin TAP_TAPCELL_ROW_5_446/VPWR is not connected to any net.
[WARNING PDN-0189] Supply pin TAP_TAPCELL_ROW_5_445/VGND is not connected to any net.
[WARNING PDN-0189] Supply pin TAP_TAPCELL_ROW_5_445/VPWR is not connected to any net.
[WARNING PDN-0189] Supply pin TAP_TAPCELL_ROW_5_444/VGND is not connected to any net.
[WARNING PDN-0189] Supply pin TAP_TAPCELL_ROW_5_444/VPWR is not connected to any net.
[WARNING PDN-0189] Supply pin TAP_TAPCELL_ROW_5_443/VGND is not connected to any net.
[WARNING PDN-0189] Supply pin TAP_TAPCELL_ROW_5_443/VPWR is not connected to any net.
[WARNING PDN-0189] Supply pin TAP_TAPCELL_ROW_5_442/VGND is not connected to any net.
[WARNING PDN-0189] Supply pin TAP_TAPCELL_ROW_5_442/VPWR is not connected to any net.
[WARNING PDN-0189] Supply pin TAP_TAPCELL_ROW_5_441/VGND is not connected to any net.
[WARNING PDN-0189] Supply pin TAP_TAPCELL_ROW_5_441/VPWR is not connected to any net.
[WARNING PDN-0189] Supply pin TAP_TAPCELL_ROW_5_440/VGND is not connected to any net.
[WARNING PDN-0189] Supply pin TAP_TAPCELL_ROW_5_440/VPWR is not connected to any net.
[WARNING PDN-0189] Supply pin TAP_TAPCELL_ROW_5_439/VGND is not connected to any net.
[WARNING PDN-0189] Supply pin TAP_TAPCELL_ROW_5_439/VPWR is not connected to any net.
[WARNING PDN-0189] Supply pin TAP_TAPCELL_ROW_5_438/VGND is not connected to any net.
[WARNING PDN-0189] Supply pin TAP_TAPCELL_ROW_5_438/VPWR is not connected to any net.
[WARNING PDN-0189] Supply pin TAP_TAPCELL_ROW_5_437/VGND is not connected to any net.
[WARNING PDN-0189] Supply pin TAP_TAPCELL_ROW_5_437/VPWR is not connected to any net.
[WARNING PDN-0189] Supply pin TAP_TAPCELL_ROW_5_436/VGND is not connected to any net.
[WARNING PDN-0189] Supply pin TAP_TAPCELL_ROW_5_436/VPWR is not connected to any net.
[WARNING PDN-0189] Supply pin TAP_TAPCELL_ROW_5_435/VGND is not connected to any net.
[WARNING PDN-0189] Supply pin TAP_TAPCELL_ROW_5_435/VPWR is not connected to any net.
[WARNING PDN-0189] Supply pin TAP_TAPCELL_ROW_5_434/VGND is not connected to any net.
[WARNING PDN-0189] Supply pin TAP_TAPCELL_ROW_5_434/VPWR is not connected to any net.
[WARNING PDN-0189] Supply pin TAP_TAPCELL_ROW_5_433/VGND is not connected to any net.
[WARNING PDN-0189] Supply pin TAP_TAPCELL_ROW_5_433/VPWR is not connected to any net.
[WARNING PDN-0189] Supply pin TAP_TAPCELL_ROW_5_432/VGND is not connected to any net.
[WARNING PDN-0189] Supply pin TAP_TAPCELL_ROW_5_432/VPWR is not connected to any net.
[WARNING PDN-0189] Supply pin TAP_TAPCELL_ROW_5_431/VGND is not connected to any net.
[WARNING PDN-0189] Supply pin TAP_TAPCELL_ROW_5_431/VPWR is not connected to any net.
[WARNING PDN-0189] Supply pin TAP_TAPCELL_ROW_5_430/VGND is not connected to any net.
[WARNING PDN-0189] Supply pin TAP_TAPCELL_ROW_5_430/VPWR is not connected to any net.
[WARNING PDN-0189] Supply pin TAP_TAPCELL_ROW_5_429/VGND is not connected to any net.
[WARNING PDN-0189] Supply pin TAP_TAPCELL_ROW_5_429/VPWR is not connected to any net.
[WARNING PDN-0189] Supply pin TAP_TAPCELL_ROW_5_428/VGND is not connected to any net.
[WARNING PDN-0189] Supply pin TAP_TAPCELL_ROW_5_428/VPWR is not connected to any net.
[WARNING PDN-0189] Supply pin TAP_TAPCELL_ROW_5_427/VGND is not connected to any net.
[WARNING PDN-0189] Supply pin TAP_TAPCELL_ROW_5_427/VPWR is not connected to any net.
[WARNING PDN-0189] Supply pin TAP_TAPCELL_ROW_5_426/VGND is not connected to any net.
[WARNING PDN-0189] Supply pin TAP_TAPCELL_ROW_5_426/VPWR is not connected to any net.
[WARNING PDN-0189] Supply pin TAP_TAPCELL_ROW_4_425/VGND is not connected to any net.
[WARNING PDN-0189] Supply pin TAP_TAPCELL_ROW_4_425/VPWR is not connected to any net.
[WARNING PDN-0189] Supply pin TAP_TAPCELL_ROW_4_424/VGND is not connected to any net.
[WARNING PDN-0189] Supply pin TAP_TAPCELL_ROW_4_424/VPWR is not connected to any net.
[WARNING PDN-0189] Supply pin TAP_TAPCELL_ROW_4_423/VGND is not connected to any net.
[WARNING PDN-0189] Supply pin TAP_TAPCELL_ROW_4_423/VPWR is not connected to any net.
[WARNING PDN-0189] Supply pin TAP_TAPCELL_ROW_4_422/VGND is not connected to any net.
[WARNING PDN-0189] Supply pin TAP_TAPCELL_ROW_4_422/VPWR is not connected to any net.
[WARNING PDN-0189] Supply pin TAP_TAPCELL_ROW_4_421/VGND is not connected to any net.
[WARNING PDN-0189] Supply pin TAP_TAPCELL_ROW_4_421/VPWR is not connected to any net.
[WARNING PDN-0189] Supply pin TAP_TAPCELL_ROW_4_420/VGND is not connected to any net.
[WARNING PDN-0189] Supply pin TAP_TAPCELL_ROW_4_420/VPWR is not connected to any net.
[WARNING PDN-0189] Supply pin TAP_TAPCELL_ROW_4_419/VGND is not connected to any net.
[WARNING PDN-0189] Supply pin TAP_TAPCELL_ROW_4_419/VPWR is not connected to any net.
[WARNING PDN-0189] Supply pin TAP_TAPCELL_ROW_4_418/VGND is not connected to any net.
[WARNING PDN-0189] Supply pin TAP_TAPCELL_ROW_4_418/VPWR is not connected to any net.
[WARNING PDN-0189] Supply pin TAP_TAPCELL_ROW_4_417/VGND is not connected to any net.
[WARNING PDN-0189] Supply pin TAP_TAPCELL_ROW_4_417/VPWR is not connected to any net.
[WARNING PDN-0189] Supply pin TAP_TAPCELL_ROW_4_416/VGND is not connected to any net.
[WARNING PDN-0189] Supply pin TAP_TAPCELL_ROW_4_416/VPWR is not connected to any net.
[WARNING PDN-0189] Supply pin TAP_TAPCELL_ROW_4_415/VGND is not connected to any net.
[WARNING PDN-0189] Supply pin TAP_TAPCELL_ROW_4_415/VPWR is not connected to any net.
[WARNING PDN-0189] Supply pin TAP_TAPCELL_ROW_4_414/VGND is not connected to any net.
[WARNING PDN-0189] Supply pin TAP_TAPCELL_ROW_4_414/VPWR is not connected to any net.
[WARNING PDN-0189] Supply pin TAP_TAPCELL_ROW_4_413/VGND is not connected to any net.
[WARNING PDN-0189] Supply pin TAP_TAPCELL_ROW_4_413/VPWR is not connected to any net.
[WARNING PDN-0189] Supply pin TAP_TAPCELL_ROW_4_412/VGND is not connected to any net.
[WARNING PDN-0189] Supply pin TAP_TAPCELL_ROW_4_412/VPWR is not connected to any net.
[WARNING PDN-0189] Supply pin TAP_TAPCELL_ROW_4_411/VGND is not connected to any net.
[WARNING PDN-0189] Supply pin TAP_TAPCELL_ROW_4_411/VPWR is not connected to any net.
[WARNING PDN-0189] Supply pin TAP_TAPCELL_ROW_4_410/VGND is not connected to any net.
[WARNING PDN-0189] Supply pin TAP_TAPCELL_ROW_4_410/VPWR is not connected to any net.
[WARNING PDN-0189] Supply pin TAP_TAPCELL_ROW_4_409/VGND is not connected to any net.
[WARNING PDN-0189] Supply pin TAP_TAPCELL_ROW_4_409/VPWR is not connected to any net.
[WARNING PDN-0189] Supply pin TAP_TAPCELL_ROW_4_408/VGND is not connected to any net.
[WARNING PDN-0189] Supply pin TAP_TAPCELL_ROW_4_408/VPWR is not connected to any net.
[WARNING PDN-0189] Supply pin TAP_TAPCELL_ROW_4_407/VGND is not connected to any net.
[WARNING PDN-0189] Supply pin TAP_TAPCELL_ROW_4_407/VPWR is not connected to any net.
[WARNING PDN-0189] Supply pin TAP_TAPCELL_ROW_4_406/VGND is not connected to any net.
[WARNING PDN-0189] Supply pin TAP_TAPCELL_ROW_4_406/VPWR is not connected to any net.
[WARNING PDN-0189] Supply pin TAP_TAPCELL_ROW_4_405/VGND is not connected to any net.
[WARNING PDN-0189] Supply pin TAP_TAPCELL_ROW_4_405/VPWR is not connected to any net.
[WARNING PDN-0189] Supply pin TAP_TAPCELL_ROW_4_404/VGND is not connected to any net.
[WARNING PDN-0189] Supply pin TAP_TAPCELL_ROW_4_404/VPWR is not connected to any net.
[WARNING PDN-0189] Supply pin TAP_TAPCELL_ROW_4_403/VGND is not connected to any net.
[WARNING PDN-0189] Supply pin TAP_TAPCELL_ROW_4_403/VPWR is not connected to any net.
[WARNING PDN-0189] Supply pin TAP_TAPCELL_ROW_4_402/VGND is not connected to any net.
[WARNING PDN-0189] Supply pin TAP_TAPCELL_ROW_4_402/VPWR is not connected to any net.
[WARNING PDN-0189] Supply pin TAP_TAPCELL_ROW_4_401/VGND is not connected to any net.
[WARNING PDN-0189] Supply pin TAP_TAPCELL_ROW_4_401/VPWR is not connected to any net.
[WARNING PDN-0189] Supply pin TAP_TAPCELL_ROW_4_400/VGND is not connected to any net.
[WARNING PDN-0189] Supply pin TAP_TAPCELL_ROW_4_400/VPWR is not connected to any net.
[WARNING PDN-0189] Supply pin TAP_TAPCELL_ROW_4_399/VGND is not connected to any net.
[WARNING PDN-0189] Supply pin TAP_TAPCELL_ROW_4_399/VPWR is not connected to any net.
[WARNING PDN-0189] Supply pin TAP_TAPCELL_ROW_4_398/VGND is not connected to any net.
[WARNING PDN-0189] Supply pin TAP_TAPCELL_ROW_4_398/VPWR is not connected to any net.
[WARNING PDN-0189] Supply pin TAP_TAPCELL_ROW_4_397/VGND is not connected to any net.
[WARNING PDN-0189] Supply pin TAP_TAPCELL_ROW_4_397/VPWR is not connected to any net.
[WARNING PDN-0189] Supply pin TAP_TAPCELL_ROW_4_396/VGND is not connected to any net.
[WARNING PDN-0189] Supply pin TAP_TAPCELL_ROW_4_396/VPWR is not connected to any net.
[WARNING PDN-0189] Supply pin TAP_TAPCELL_ROW_4_395/VGND is not connected to any net.
[WARNING PDN-0189] Supply pin TAP_TAPCELL_ROW_4_395/VPWR is not connected to any net.
[WARNING PDN-0189] Supply pin TAP_TAPCELL_ROW_4_394/VGND is not connected to any net.
[WARNING PDN-0189] Supply pin TAP_TAPCELL_ROW_4_394/VPWR is not connected to any net.
[WARNING PDN-0189] Supply pin TAP_TAPCELL_ROW_4_393/VGND is not connected to any net.
[WARNING PDN-0189] Supply pin TAP_TAPCELL_ROW_4_393/VPWR is not connected to any net.
[WARNING PDN-0189] Supply pin TAP_TAPCELL_ROW_4_392/VGND is not connected to any net.
[WARNING PDN-0189] Supply pin TAP_TAPCELL_ROW_4_392/VPWR is not connected to any net.
[WARNING PDN-0189] Supply pin TAP_TAPCELL_ROW_4_391/VGND is not connected to any net.
[WARNING PDN-0189] Supply pin TAP_TAPCELL_ROW_4_391/VPWR is not connected to any net.
[WARNING PDN-0189] Supply pin TAP_TAPCELL_ROW_4_390/VGND is not connected to any net.
[WARNING PDN-0189] Supply pin TAP_TAPCELL_ROW_4_390/VPWR is not connected to any net.
[WARNING PDN-0189] Supply pin TAP_TAPCELL_ROW_4_389/VGND is not connected to any net.
[WARNING PDN-0189] Supply pin TAP_TAPCELL_ROW_4_389/VPWR is not connected to any net.
[WARNING PDN-0189] Supply pin TAP_TAPCELL_ROW_4_388/VGND is not connected to any net.
[WARNING PDN-0189] Supply pin TAP_TAPCELL_ROW_4_388/VPWR is not connected to any net.
[WARNING PDN-0189] Supply pin TAP_TAPCELL_ROW_4_387/VGND is not connected to any net.
[WARNING PDN-0189] Supply pin TAP_TAPCELL_ROW_4_387/VPWR is not connected to any net.
[WARNING PDN-0189] Supply pin TAP_TAPCELL_ROW_4_386/VGND is not connected to any net.
[WARNING PDN-0189] Supply pin TAP_TAPCELL_ROW_4_386/VPWR is not connected to any net.
[WARNING PDN-0189] Supply pin TAP_TAPCELL_ROW_4_385/VGND is not connected to any net.
[WARNING PDN-0189] Supply pin TAP_TAPCELL_ROW_4_385/VPWR is not connected to any net.
[WARNING PDN-0189] Supply pin TAP_TAPCELL_ROW_4_384/VGND is not connected to any net.
[WARNING PDN-0189] Supply pin TAP_TAPCELL_ROW_4_384/VPWR is not connected to any net.
[WARNING PDN-0189] Supply pin TAP_TAPCELL_ROW_4_383/VGND is not connected to any net.
[WARNING PDN-0189] Supply pin TAP_TAPCELL_ROW_4_383/VPWR is not connected to any net.
[WARNING PDN-0189] Supply pin TAP_TAPCELL_ROW_4_382/VGND is not connected to any net.
[WARNING PDN-0189] Supply pin TAP_TAPCELL_ROW_4_382/VPWR is not connected to any net.
[WARNING PDN-0189] Supply pin TAP_TAPCELL_ROW_4_381/VGND is not connected to any net.
[WARNING PDN-0189] Supply pin TAP_TAPCELL_ROW_4_381/VPWR is not connected to any net.
[WARNING PDN-0189] Supply pin TAP_TAPCELL_ROW_4_380/VGND is not connected to any net.
[WARNING PDN-0189] Supply pin TAP_TAPCELL_ROW_4_380/VPWR is not connected to any net.
[WARNING PDN-0189] Supply pin TAP_TAPCELL_ROW_4_379/VGND is not connected to any net.
[WARNING PDN-0189] Supply pin TAP_TAPCELL_ROW_4_379/VPWR is not connected to any net.
[WARNING PDN-0189] Supply pin TAP_TAPCELL_ROW_4_378/VGND is not connected to any net.
[WARNING PDN-0189] Supply pin TAP_TAPCELL_ROW_4_378/VPWR is not connected to any net.
[WARNING PDN-0189] Supply pin TAP_TAPCELL_ROW_4_377/VGND is not connected to any net.
[WARNING PDN-0189] Supply pin TAP_TAPCELL_ROW_4_377/VPWR is not connected to any net.
[WARNING PDN-0189] Supply pin TAP_TAPCELL_ROW_4_376/VGND is not connected to any net.
[WARNING PDN-0189] Supply pin TAP_TAPCELL_ROW_4_376/VPWR is not connected to any net.
[WARNING PDN-0189] Supply pin TAP_TAPCELL_ROW_4_375/VGND is not connected to any net.
[WARNING PDN-0189] Supply pin TAP_TAPCELL_ROW_4_375/VPWR is not connected to any net.
[WARNING PDN-0189] Supply pin TAP_TAPCELL_ROW_4_374/VGND is not connected to any net.
[WARNING PDN-0189] Supply pin TAP_TAPCELL_ROW_4_374/VPWR is not connected to any net.
[WARNING PDN-0189] Supply pin TAP_TAPCELL_ROW_4_373/VGND is not connected to any net.
[WARNING PDN-0189] Supply pin TAP_TAPCELL_ROW_4_373/VPWR is not connected to any net.
[WARNING PDN-0189] Supply pin TAP_TAPCELL_ROW_4_372/VGND is not connected to any net.
[WARNING PDN-0189] Supply pin TAP_TAPCELL_ROW_4_372/VPWR is not connected to any net.
[WARNING PDN-0189] Supply pin TAP_TAPCELL_ROW_4_371/VGND is not connected to any net.
[WARNING PDN-0189] Supply pin TAP_TAPCELL_ROW_4_371/VPWR is not connected to any net.
[WARNING PDN-0189] Supply pin TAP_TAPCELL_ROW_4_370/VGND is not connected to any net.
[WARNING PDN-0189] Supply pin TAP_TAPCELL_ROW_4_370/VPWR is not connected to any net.
[WARNING PDN-0189] Supply pin TAP_TAPCELL_ROW_4_369/VGND is not connected to any net.
[WARNING PDN-0189] Supply pin TAP_TAPCELL_ROW_4_369/VPWR is not connected to any net.
[WARNING PDN-0189] Supply pin TAP_TAPCELL_ROW_4_368/VGND is not connected to any net.
[WARNING PDN-0189] Supply pin TAP_TAPCELL_ROW_4_368/VPWR is not connected to any net.
[WARNING PDN-0189] Supply pin TAP_TAPCELL_ROW_4_367/VGND is not connected to any net.
[WARNING PDN-0189] Supply pin TAP_TAPCELL_ROW_4_367/VPWR is not connected to any net.
[WARNING PDN-0189] Supply pin TAP_TAPCELL_ROW_4_366/VGND is not connected to any net.
[WARNING PDN-0189] Supply pin TAP_TAPCELL_ROW_4_366/VPWR is not connected to any net.
[WARNING PDN-0189] Supply pin TAP_TAPCELL_ROW_4_365/VGND is not connected to any net.
[WARNING PDN-0189] Supply pin TAP_TAPCELL_ROW_4_365/VPWR is not connected to any net.
[WARNING PDN-0189] Supply pin TAP_TAPCELL_ROW_4_364/VGND is not connected to any net.
[WARNING PDN-0189] Supply pin TAP_TAPCELL_ROW_4_364/VPWR is not connected to any net.
[WARNING PDN-0189] Supply pin TAP_TAPCELL_ROW_4_363/VGND is not connected to any net.
[WARNING PDN-0189] Supply pin TAP_TAPCELL_ROW_4_363/VPWR is not connected to any net.
[WARNING PDN-0189] Supply pin TAP_TAPCELL_ROW_4_362/VGND is not connected to any net.
[WARNING PDN-0189] Supply pin TAP_TAPCELL_ROW_4_362/VPWR is not connected to any net.
[WARNING PDN-0189] Supply pin TAP_TAPCELL_ROW_4_361/VGND is not connected to any net.
[WARNING PDN-0189] Supply pin TAP_TAPCELL_ROW_4_361/VPWR is not connected to any net.
[WARNING PDN-0189] Supply pin TAP_TAPCELL_ROW_4_360/VGND is not connected to any net.
[WARNING PDN-0189] Supply pin TAP_TAPCELL_ROW_4_360/VPWR is not connected to any net.
[WARNING PDN-0189] Supply pin TAP_TAPCELL_ROW_4_359/VGND is not connected to any net.
[WARNING PDN-0189] Supply pin TAP_TAPCELL_ROW_4_359/VPWR is not connected to any net.
[WARNING PDN-0189] Supply pin TAP_TAPCELL_ROW_4_358/VGND is not connected to any net.
[WARNING PDN-0189] Supply pin TAP_TAPCELL_ROW_4_358/VPWR is not connected to any net.
[WARNING PDN-0189] Supply pin TAP_TAPCELL_ROW_4_357/VGND is not connected to any net.
[WARNING PDN-0189] Supply pin TAP_TAPCELL_ROW_4_357/VPWR is not connected to any net.
[WARNING PDN-0189] Supply pin TAP_TAPCELL_ROW_4_356/VGND is not connected to any net.
[WARNING PDN-0189] Supply pin TAP_TAPCELL_ROW_4_356/VPWR is not connected to any net.
[WARNING PDN-0189] Supply pin TAP_TAPCELL_ROW_4_355/VGND is not connected to any net.
[WARNING PDN-0189] Supply pin TAP_TAPCELL_ROW_4_355/VPWR is not connected to any net.
[WARNING PDN-0189] Supply pin TAP_TAPCELL_ROW_3_354/VGND is not connected to any net.
[WARNING PDN-0189] Supply pin TAP_TAPCELL_ROW_3_354/VPWR is not connected to any net.
[WARNING PDN-0189] Supply pin TAP_TAPCELL_ROW_3_353/VGND is not connected to any net.
[WARNING PDN-0189] Supply pin TAP_TAPCELL_ROW_3_353/VPWR is not connected to any net.
[WARNING PDN-0189] Supply pin TAP_TAPCELL_ROW_3_352/VGND is not connected to any net.
[WARNING PDN-0189] Supply pin TAP_TAPCELL_ROW_3_352/VPWR is not connected to any net.
[WARNING PDN-0189] Supply pin TAP_TAPCELL_ROW_3_351/VGND is not connected to any net.
[WARNING PDN-0189] Supply pin TAP_TAPCELL_ROW_3_351/VPWR is not connected to any net.
[WARNING PDN-0189] Supply pin TAP_TAPCELL_ROW_3_350/VGND is not connected to any net.
[WARNING PDN-0189] Supply pin TAP_TAPCELL_ROW_3_350/VPWR is not connected to any net.
[WARNING PDN-0189] Supply pin TAP_TAPCELL_ROW_3_349/VGND is not connected to any net.
[WARNING PDN-0189] Supply pin TAP_TAPCELL_ROW_3_349/VPWR is not connected to any net.
[WARNING PDN-0189] Supply pin TAP_TAPCELL_ROW_3_348/VGND is not connected to any net.
[WARNING PDN-0189] Supply pin TAP_TAPCELL_ROW_3_348/VPWR is not connected to any net.
[WARNING PDN-0189] Supply pin TAP_TAPCELL_ROW_3_347/VGND is not connected to any net.
[WARNING PDN-0189] Supply pin TAP_TAPCELL_ROW_3_347/VPWR is not connected to any net.
[WARNING PDN-0189] Supply pin TAP_TAPCELL_ROW_3_346/VGND is not connected to any net.
[WARNING PDN-0189] Supply pin TAP_TAPCELL_ROW_3_346/VPWR is not connected to any net.
[WARNING PDN-0189] Supply pin TAP_TAPCELL_ROW_3_345/VGND is not connected to any net.
[WARNING PDN-0189] Supply pin TAP_TAPCELL_ROW_3_345/VPWR is not connected to any net.
[WARNING PDN-0189] Supply pin TAP_TAPCELL_ROW_3_344/VGND is not connected to any net.
[WARNING PDN-0189] Supply pin TAP_TAPCELL_ROW_3_344/VPWR is not connected to any net.
[WARNING PDN-0189] Supply pin TAP_TAPCELL_ROW_3_343/VGND is not connected to any net.
[WARNING PDN-0189] Supply pin TAP_TAPCELL_ROW_3_343/VPWR is not connected to any net.
[WARNING PDN-0189] Supply pin TAP_TAPCELL_ROW_3_342/VGND is not connected to any net.
[WARNING PDN-0189] Supply pin TAP_TAPCELL_ROW_3_342/VPWR is not connected to any net.
[WARNING PDN-0189] Supply pin TAP_TAPCELL_ROW_3_341/VGND is not connected to any net.
[WARNING PDN-0189] Supply pin TAP_TAPCELL_ROW_3_341/VPWR is not connected to any net.
[WARNING PDN-0189] Supply pin TAP_TAPCELL_ROW_3_340/VGND is not connected to any net.
[WARNING PDN-0189] Supply pin TAP_TAPCELL_ROW_3_340/VPWR is not connected to any net.
[WARNING PDN-0189] Supply pin TAP_TAPCELL_ROW_3_339/VGND is not connected to any net.
[WARNING PDN-0189] Supply pin TAP_TAPCELL_ROW_3_339/VPWR is not connected to any net.
[WARNING PDN-0189] Supply pin TAP_TAPCELL_ROW_3_338/VGND is not connected to any net.
[WARNING PDN-0189] Supply pin TAP_TAPCELL_ROW_3_338/VPWR is not connected to any net.
[WARNING PDN-0189] Supply pin TAP_TAPCELL_ROW_3_337/VGND is not connected to any net.
[WARNING PDN-0189] Supply pin TAP_TAPCELL_ROW_3_337/VPWR is not connected to any net.
[WARNING PDN-0189] Supply pin TAP_TAPCELL_ROW_3_336/VGND is not connected to any net.
[WARNING PDN-0189] Supply pin TAP_TAPCELL_ROW_3_336/VPWR is not connected to any net.
[WARNING PDN-0189] Supply pin TAP_TAPCELL_ROW_3_335/VGND is not connected to any net.
[WARNING PDN-0189] Supply pin TAP_TAPCELL_ROW_3_335/VPWR is not connected to any net.
[WARNING PDN-0189] Supply pin TAP_TAPCELL_ROW_3_334/VGND is not connected to any net.
[WARNING PDN-0189] Supply pin TAP_TAPCELL_ROW_3_334/VPWR is not connected to any net.
[WARNING PDN-0189] Supply pin TAP_TAPCELL_ROW_3_333/VGND is not connected to any net.
[WARNING PDN-0189] Supply pin TAP_TAPCELL_ROW_3_333/VPWR is not connected to any net.
[WARNING PDN-0189] Supply pin TAP_TAPCELL_ROW_3_332/VGND is not connected to any net.
[WARNING PDN-0189] Supply pin TAP_TAPCELL_ROW_3_332/VPWR is not connected to any net.
[WARNING PDN-0189] Supply pin TAP_TAPCELL_ROW_3_331/VGND is not connected to any net.
[WARNING PDN-0189] Supply pin TAP_TAPCELL_ROW_3_331/VPWR is not connected to any net.
[WARNING PDN-0189] Supply pin TAP_TAPCELL_ROW_3_330/VGND is not connected to any net.
[WARNING PDN-0189] Supply pin TAP_TAPCELL_ROW_3_330/VPWR is not connected to any net.
[WARNING PDN-0189] Supply pin TAP_TAPCELL_ROW_3_329/VGND is not connected to any net.
[WARNING PDN-0189] Supply pin TAP_TAPCELL_ROW_3_329/VPWR is not connected to any net.
[WARNING PDN-0189] Supply pin TAP_TAPCELL_ROW_3_328/VGND is not connected to any net.
[WARNING PDN-0189] Supply pin TAP_TAPCELL_ROW_3_328/VPWR is not connected to any net.
[WARNING PDN-0189] Supply pin TAP_TAPCELL_ROW_3_327/VGND is not connected to any net.
[WARNING PDN-0189] Supply pin TAP_TAPCELL_ROW_3_327/VPWR is not connected to any net.
[WARNING PDN-0189] Supply pin TAP_TAPCELL_ROW_3_326/VGND is not connected to any net.
[WARNING PDN-0189] Supply pin TAP_TAPCELL_ROW_3_326/VPWR is not connected to any net.
[WARNING PDN-0189] Supply pin TAP_TAPCELL_ROW_3_325/VGND is not connected to any net.
[WARNING PDN-0189] Supply pin TAP_TAPCELL_ROW_3_325/VPWR is not connected to any net.
[WARNING PDN-0189] Supply pin TAP_TAPCELL_ROW_3_324/VGND is not connected to any net.
[WARNING PDN-0189] Supply pin TAP_TAPCELL_ROW_3_324/VPWR is not connected to any net.
[WARNING PDN-0189] Supply pin TAP_TAPCELL_ROW_3_323/VGND is not connected to any net.
[WARNING PDN-0189] Supply pin TAP_TAPCELL_ROW_3_323/VPWR is not connected to any net.
[WARNING PDN-0189] Supply pin TAP_TAPCELL_ROW_3_322/VGND is not connected to any net.
[WARNING PDN-0189] Supply pin TAP_TAPCELL_ROW_3_322/VPWR is not connected to any net.
[WARNING PDN-0189] Supply pin TAP_TAPCELL_ROW_3_321/VGND is not connected to any net.
[WARNING PDN-0189] Supply pin TAP_TAPCELL_ROW_3_321/VPWR is not connected to any net.
[WARNING PDN-0189] Supply pin TAP_TAPCELL_ROW_3_320/VGND is not connected to any net.
[WARNING PDN-0189] Supply pin TAP_TAPCELL_ROW_3_320/VPWR is not connected to any net.
[WARNING PDN-0189] Supply pin TAP_TAPCELL_ROW_3_319/VGND is not connected to any net.
[WARNING PDN-0189] Supply pin TAP_TAPCELL_ROW_3_319/VPWR is not connected to any net.
[WARNING PDN-0189] Supply pin TAP_TAPCELL_ROW_3_318/VGND is not connected to any net.
[WARNING PDN-0189] Supply pin TAP_TAPCELL_ROW_3_318/VPWR is not connected to any net.
[WARNING PDN-0189] Supply pin TAP_TAPCELL_ROW_3_317/VGND is not connected to any net.
[WARNING PDN-0189] Supply pin TAP_TAPCELL_ROW_3_317/VPWR is not connected to any net.
[WARNING PDN-0189] Supply pin TAP_TAPCELL_ROW_3_316/VGND is not connected to any net.
[WARNING PDN-0189] Supply pin TAP_TAPCELL_ROW_3_316/VPWR is not connected to any net.
[WARNING PDN-0189] Supply pin TAP_TAPCELL_ROW_3_315/VGND is not connected to any net.
[WARNING PDN-0189] Supply pin TAP_TAPCELL_ROW_3_315/VPWR is not connected to any net.
[WARNING PDN-0189] Supply pin TAP_TAPCELL_ROW_3_314/VGND is not connected to any net.
[WARNING PDN-0189] Supply pin TAP_TAPCELL_ROW_3_314/VPWR is not connected to any net.
[WARNING PDN-0189] Supply pin TAP_TAPCELL_ROW_3_313/VGND is not connected to any net.
[WARNING PDN-0189] Supply pin TAP_TAPCELL_ROW_3_313/VPWR is not connected to any net.
[WARNING PDN-0189] Supply pin TAP_TAPCELL_ROW_3_312/VGND is not connected to any net.
[WARNING PDN-0189] Supply pin TAP_TAPCELL_ROW_3_312/VPWR is not connected to any net.
[WARNING PDN-0189] Supply pin TAP_TAPCELL_ROW_3_311/VGND is not connected to any net.
[WARNING PDN-0189] Supply pin TAP_TAPCELL_ROW_3_311/VPWR is not connected to any net.
[WARNING PDN-0189] Supply pin TAP_TAPCELL_ROW_3_310/VGND is not connected to any net.
[WARNING PDN-0189] Supply pin TAP_TAPCELL_ROW_3_310/VPWR is not connected to any net.
[WARNING PDN-0189] Supply pin TAP_TAPCELL_ROW_3_309/VGND is not connected to any net.
[WARNING PDN-0189] Supply pin TAP_TAPCELL_ROW_3_309/VPWR is not connected to any net.
[WARNING PDN-0189] Supply pin TAP_TAPCELL_ROW_3_308/VGND is not connected to any net.
[WARNING PDN-0189] Supply pin TAP_TAPCELL_ROW_3_308/VPWR is not connected to any net.
[WARNING PDN-0189] Supply pin TAP_TAPCELL_ROW_3_307/VGND is not connected to any net.
[WARNING PDN-0189] Supply pin TAP_TAPCELL_ROW_3_307/VPWR is not connected to any net.
[WARNING PDN-0189] Supply pin TAP_TAPCELL_ROW_3_306/VGND is not connected to any net.
[WARNING PDN-0189] Supply pin TAP_TAPCELL_ROW_3_306/VPWR is not connected to any net.
[WARNING PDN-0189] Supply pin TAP_TAPCELL_ROW_3_305/VGND is not connected to any net.
[WARNING PDN-0189] Supply pin TAP_TAPCELL_ROW_3_305/VPWR is not connected to any net.
[WARNING PDN-0189] Supply pin TAP_TAPCELL_ROW_3_304/VGND is not connected to any net.
[WARNING PDN-0189] Supply pin TAP_TAPCELL_ROW_3_304/VPWR is not connected to any net.
[WARNING PDN-0189] Supply pin TAP_TAPCELL_ROW_3_303/VGND is not connected to any net.
[WARNING PDN-0189] Supply pin TAP_TAPCELL_ROW_3_303/VPWR is not connected to any net.
[WARNING PDN-0189] Supply pin TAP_TAPCELL_ROW_3_302/VGND is not connected to any net.
[WARNING PDN-0189] Supply pin TAP_TAPCELL_ROW_3_302/VPWR is not connected to any net.
[WARNING PDN-0189] Supply pin TAP_TAPCELL_ROW_3_301/VGND is not connected to any net.
[WARNING PDN-0189] Supply pin TAP_TAPCELL_ROW_3_301/VPWR is not connected to any net.
[WARNING PDN-0189] Supply pin TAP_TAPCELL_ROW_3_300/VGND is not connected to any net.
[WARNING PDN-0189] Supply pin TAP_TAPCELL_ROW_3_300/VPWR is not connected to any net.
[WARNING PDN-0189] Supply pin TAP_TAPCELL_ROW_3_299/VGND is not connected to any net.
[WARNING PDN-0189] Supply pin TAP_TAPCELL_ROW_3_299/VPWR is not connected to any net.
[WARNING PDN-0189] Supply pin TAP_TAPCELL_ROW_3_298/VGND is not connected to any net.
[WARNING PDN-0189] Supply pin TAP_TAPCELL_ROW_3_298/VPWR is not connected to any net.
[WARNING PDN-0189] Supply pin TAP_TAPCELL_ROW_3_297/VGND is not connected to any net.
[WARNING PDN-0189] Supply pin TAP_TAPCELL_ROW_3_297/VPWR is not connected to any net.
[WARNING PDN-0189] Supply pin TAP_TAPCELL_ROW_3_296/VGND is not connected to any net.
[WARNING PDN-0189] Supply pin TAP_TAPCELL_ROW_3_296/VPWR is not connected to any net.
[WARNING PDN-0189] Supply pin TAP_TAPCELL_ROW_3_295/VGND is not connected to any net.
[WARNING PDN-0189] Supply pin TAP_TAPCELL_ROW_3_295/VPWR is not connected to any net.
[WARNING PDN-0189] Supply pin TAP_TAPCELL_ROW_3_294/VGND is not connected to any net.
[WARNING PDN-0189] Supply pin TAP_TAPCELL_ROW_3_294/VPWR is not connected to any net.
[WARNING PDN-0189] Supply pin TAP_TAPCELL_ROW_3_293/VGND is not connected to any net.
[WARNING PDN-0189] Supply pin TAP_TAPCELL_ROW_3_293/VPWR is not connected to any net.
[WARNING PDN-0189] Supply pin TAP_TAPCELL_ROW_3_292/VGND is not connected to any net.
[WARNING PDN-0189] Supply pin TAP_TAPCELL_ROW_3_292/VPWR is not connected to any net.
[WARNING PDN-0189] Supply pin TAP_TAPCELL_ROW_3_291/VGND is not connected to any net.
[WARNING PDN-0189] Supply pin TAP_TAPCELL_ROW_3_291/VPWR is not connected to any net.
[WARNING PDN-0189] Supply pin TAP_TAPCELL_ROW_3_290/VGND is not connected to any net.
[WARNING PDN-0189] Supply pin TAP_TAPCELL_ROW_3_290/VPWR is not connected to any net.
[WARNING PDN-0189] Supply pin TAP_TAPCELL_ROW_3_289/VGND is not connected to any net.
[WARNING PDN-0189] Supply pin TAP_TAPCELL_ROW_3_289/VPWR is not connected to any net.
[WARNING PDN-0189] Supply pin TAP_TAPCELL_ROW_3_288/VGND is not connected to any net.
[WARNING PDN-0189] Supply pin TAP_TAPCELL_ROW_3_288/VPWR is not connected to any net.
[WARNING PDN-0189] Supply pin TAP_TAPCELL_ROW_3_287/VGND is not connected to any net.
[WARNING PDN-0189] Supply pin TAP_TAPCELL_ROW_3_287/VPWR is not connected to any net.
[WARNING PDN-0189] Supply pin TAP_TAPCELL_ROW_3_286/VGND is not connected to any net.
[WARNING PDN-0189] Supply pin TAP_TAPCELL_ROW_3_286/VPWR is not connected to any net.
[WARNING PDN-0189] Supply pin TAP_TAPCELL_ROW_3_285/VGND is not connected to any net.
[WARNING PDN-0189] Supply pin TAP_TAPCELL_ROW_3_285/VPWR is not connected to any net.
[WARNING PDN-0189] Supply pin TAP_TAPCELL_ROW_3_284/VGND is not connected to any net.
[WARNING PDN-0189] Supply pin TAP_TAPCELL_ROW_3_284/VPWR is not connected to any net.
[WARNING PDN-0189] Supply pin TAP_TAPCELL_ROW_2_283/VGND is not connected to any net.
[WARNING PDN-0189] Supply pin TAP_TAPCELL_ROW_2_283/VPWR is not connected to any net.
[WARNING PDN-0189] Supply pin TAP_TAPCELL_ROW_2_282/VGND is not connected to any net.
[WARNING PDN-0189] Supply pin TAP_TAPCELL_ROW_2_282/VPWR is not connected to any net.
[WARNING PDN-0189] Supply pin TAP_TAPCELL_ROW_2_281/VGND is not connected to any net.
[WARNING PDN-0189] Supply pin TAP_TAPCELL_ROW_2_281/VPWR is not connected to any net.
[WARNING PDN-0189] Supply pin TAP_TAPCELL_ROW_2_280/VGND is not connected to any net.
[WARNING PDN-0189] Supply pin TAP_TAPCELL_ROW_2_280/VPWR is not connected to any net.
[WARNING PDN-0189] Supply pin TAP_TAPCELL_ROW_2_279/VGND is not connected to any net.
[WARNING PDN-0189] Supply pin TAP_TAPCELL_ROW_2_279/VPWR is not connected to any net.
[WARNING PDN-0189] Supply pin TAP_TAPCELL_ROW_2_278/VGND is not connected to any net.
[WARNING PDN-0189] Supply pin TAP_TAPCELL_ROW_2_278/VPWR is not connected to any net.
[WARNING PDN-0189] Supply pin TAP_TAPCELL_ROW_2_277/VGND is not connected to any net.
[WARNING PDN-0189] Supply pin TAP_TAPCELL_ROW_2_277/VPWR is not connected to any net.
[WARNING PDN-0189] Supply pin TAP_TAPCELL_ROW_2_276/VGND is not connected to any net.
[WARNING PDN-0189] Supply pin TAP_TAPCELL_ROW_2_276/VPWR is not connected to any net.
[WARNING PDN-0189] Supply pin TAP_TAPCELL_ROW_2_275/VGND is not connected to any net.
[WARNING PDN-0189] Supply pin TAP_TAPCELL_ROW_2_275/VPWR is not connected to any net.
[WARNING PDN-0189] Supply pin TAP_TAPCELL_ROW_2_274/VGND is not connected to any net.
[WARNING PDN-0189] Supply pin TAP_TAPCELL_ROW_2_274/VPWR is not connected to any net.
[WARNING PDN-0189] Supply pin TAP_TAPCELL_ROW_2_273/VGND is not connected to any net.
[WARNING PDN-0189] Supply pin TAP_TAPCELL_ROW_2_273/VPWR is not connected to any net.
[WARNING PDN-0189] Supply pin TAP_TAPCELL_ROW_2_272/VGND is not connected to any net.
[WARNING PDN-0189] Supply pin TAP_TAPCELL_ROW_2_272/VPWR is not connected to any net.
[WARNING PDN-0189] Supply pin TAP_TAPCELL_ROW_2_271/VGND is not connected to any net.
[WARNING PDN-0189] Supply pin TAP_TAPCELL_ROW_2_271/VPWR is not connected to any net.
[WARNING PDN-0189] Supply pin TAP_TAPCELL_ROW_2_270/VGND is not connected to any net.
[WARNING PDN-0189] Supply pin TAP_TAPCELL_ROW_2_270/VPWR is not connected to any net.
[WARNING PDN-0189] Supply pin TAP_TAPCELL_ROW_2_269/VGND is not connected to any net.
[WARNING PDN-0189] Supply pin TAP_TAPCELL_ROW_2_269/VPWR is not connected to any net.
[WARNING PDN-0189] Supply pin TAP_TAPCELL_ROW_2_268/VGND is not connected to any net.
[WARNING PDN-0189] Supply pin TAP_TAPCELL_ROW_2_268/VPWR is not connected to any net.
[WARNING PDN-0189] Supply pin TAP_TAPCELL_ROW_2_267/VGND is not connected to any net.
[WARNING PDN-0189] Supply pin TAP_TAPCELL_ROW_2_267/VPWR is not connected to any net.
[WARNING PDN-0189] Supply pin TAP_TAPCELL_ROW_2_266/VGND is not connected to any net.
[WARNING PDN-0189] Supply pin TAP_TAPCELL_ROW_2_266/VPWR is not connected to any net.
[WARNING PDN-0189] Supply pin TAP_TAPCELL_ROW_2_265/VGND is not connected to any net.
[WARNING PDN-0189] Supply pin TAP_TAPCELL_ROW_2_265/VPWR is not connected to any net.
[WARNING PDN-0189] Supply pin TAP_TAPCELL_ROW_2_264/VGND is not connected to any net.
[WARNING PDN-0189] Supply pin TAP_TAPCELL_ROW_2_264/VPWR is not connected to any net.
[WARNING PDN-0189] Supply pin TAP_TAPCELL_ROW_2_263/VGND is not connected to any net.
[WARNING PDN-0189] Supply pin TAP_TAPCELL_ROW_2_263/VPWR is not connected to any net.
[WARNING PDN-0189] Supply pin TAP_TAPCELL_ROW_2_262/VGND is not connected to any net.
[WARNING PDN-0189] Supply pin TAP_TAPCELL_ROW_2_262/VPWR is not connected to any net.
[WARNING PDN-0189] Supply pin TAP_TAPCELL_ROW_2_261/VGND is not connected to any net.
[WARNING PDN-0189] Supply pin TAP_TAPCELL_ROW_2_261/VPWR is not connected to any net.
[WARNING PDN-0189] Supply pin TAP_TAPCELL_ROW_2_260/VGND is not connected to any net.
[WARNING PDN-0189] Supply pin TAP_TAPCELL_ROW_2_260/VPWR is not connected to any net.
[WARNING PDN-0189] Supply pin TAP_TAPCELL_ROW_2_259/VGND is not connected to any net.
[WARNING PDN-0189] Supply pin TAP_TAPCELL_ROW_2_259/VPWR is not connected to any net.
[WARNING PDN-0189] Supply pin TAP_TAPCELL_ROW_2_258/VGND is not connected to any net.
[WARNING PDN-0189] Supply pin TAP_TAPCELL_ROW_2_258/VPWR is not connected to any net.
[WARNING PDN-0189] Supply pin TAP_TAPCELL_ROW_2_257/VGND is not connected to any net.
[WARNING PDN-0189] Supply pin TAP_TAPCELL_ROW_2_257/VPWR is not connected to any net.
[WARNING PDN-0189] Supply pin TAP_TAPCELL_ROW_2_256/VGND is not connected to any net.
[WARNING PDN-0189] Supply pin TAP_TAPCELL_ROW_2_256/VPWR is not connected to any net.
[WARNING PDN-0189] Supply pin TAP_TAPCELL_ROW_2_255/VGND is not connected to any net.
[WARNING PDN-0189] Supply pin TAP_TAPCELL_ROW_2_255/VPWR is not connected to any net.
[WARNING PDN-0189] Supply pin TAP_TAPCELL_ROW_2_254/VGND is not connected to any net.
[WARNING PDN-0189] Supply pin TAP_TAPCELL_ROW_2_254/VPWR is not connected to any net.
[WARNING PDN-0189] Supply pin TAP_TAPCELL_ROW_2_253/VGND is not connected to any net.
[WARNING PDN-0189] Supply pin TAP_TAPCELL_ROW_2_253/VPWR is not connected to any net.
[WARNING PDN-0189] Supply pin TAP_TAPCELL_ROW_2_252/VGND is not connected to any net.
[WARNING PDN-0189] Supply pin TAP_TAPCELL_ROW_2_252/VPWR is not connected to any net.
[WARNING PDN-0189] Supply pin TAP_TAPCELL_ROW_2_251/VGND is not connected to any net.
[WARNING PDN-0189] Supply pin TAP_TAPCELL_ROW_2_251/VPWR is not connected to any net.
[WARNING PDN-0189] Supply pin TAP_TAPCELL_ROW_2_250/VGND is not connected to any net.
[WARNING PDN-0189] Supply pin TAP_TAPCELL_ROW_2_250/VPWR is not connected to any net.
[WARNING PDN-0189] Supply pin TAP_TAPCELL_ROW_2_249/VGND is not connected to any net.
[WARNING PDN-0189] Supply pin TAP_TAPCELL_ROW_2_249/VPWR is not connected to any net.
[WARNING PDN-0189] Supply pin TAP_TAPCELL_ROW_2_248/VGND is not connected to any net.
[WARNING PDN-0189] Supply pin TAP_TAPCELL_ROW_2_248/VPWR is not connected to any net.
[WARNING PDN-0189] Supply pin TAP_TAPCELL_ROW_2_247/VGND is not connected to any net.
[WARNING PDN-0189] Supply pin TAP_TAPCELL_ROW_2_247/VPWR is not connected to any net.
[WARNING PDN-0189] Supply pin TAP_TAPCELL_ROW_2_246/VGND is not connected to any net.
[WARNING PDN-0189] Supply pin TAP_TAPCELL_ROW_2_246/VPWR is not connected to any net.
[WARNING PDN-0189] Supply pin TAP_TAPCELL_ROW_2_245/VGND is not connected to any net.
[WARNING PDN-0189] Supply pin TAP_TAPCELL_ROW_2_245/VPWR is not connected to any net.
[WARNING PDN-0189] Supply pin TAP_TAPCELL_ROW_2_244/VGND is not connected to any net.
[WARNING PDN-0189] Supply pin TAP_TAPCELL_ROW_2_244/VPWR is not connected to any net.
[WARNING PDN-0189] Supply pin TAP_TAPCELL_ROW_2_243/VGND is not connected to any net.
[WARNING PDN-0189] Supply pin TAP_TAPCELL_ROW_2_243/VPWR is not connected to any net.
[WARNING PDN-0189] Supply pin TAP_TAPCELL_ROW_2_242/VGND is not connected to any net.
[WARNING PDN-0189] Supply pin TAP_TAPCELL_ROW_2_242/VPWR is not connected to any net.
[WARNING PDN-0189] Supply pin TAP_TAPCELL_ROW_2_241/VGND is not connected to any net.
[WARNING PDN-0189] Supply pin TAP_TAPCELL_ROW_2_241/VPWR is not connected to any net.
[WARNING PDN-0189] Supply pin TAP_TAPCELL_ROW_2_240/VGND is not connected to any net.
[WARNING PDN-0189] Supply pin TAP_TAPCELL_ROW_2_240/VPWR is not connected to any net.
[WARNING PDN-0189] Supply pin TAP_TAPCELL_ROW_2_239/VGND is not connected to any net.
[WARNING PDN-0189] Supply pin TAP_TAPCELL_ROW_2_239/VPWR is not connected to any net.
[WARNING PDN-0189] Supply pin TAP_TAPCELL_ROW_2_238/VGND is not connected to any net.
[WARNING PDN-0189] Supply pin TAP_TAPCELL_ROW_2_238/VPWR is not connected to any net.
[WARNING PDN-0189] Supply pin TAP_TAPCELL_ROW_2_237/VGND is not connected to any net.
[WARNING PDN-0189] Supply pin TAP_TAPCELL_ROW_2_237/VPWR is not connected to any net.
[WARNING PDN-0189] Supply pin TAP_TAPCELL_ROW_2_236/VGND is not connected to any net.
[WARNING PDN-0189] Supply pin TAP_TAPCELL_ROW_2_236/VPWR is not connected to any net.
[WARNING PDN-0189] Supply pin TAP_TAPCELL_ROW_2_235/VGND is not connected to any net.
[WARNING PDN-0189] Supply pin TAP_TAPCELL_ROW_2_235/VPWR is not connected to any net.
[WARNING PDN-0189] Supply pin TAP_TAPCELL_ROW_2_234/VGND is not connected to any net.
[WARNING PDN-0189] Supply pin TAP_TAPCELL_ROW_2_234/VPWR is not connected to any net.
[WARNING PDN-0189] Supply pin TAP_TAPCELL_ROW_2_233/VGND is not connected to any net.
[WARNING PDN-0189] Supply pin TAP_TAPCELL_ROW_2_233/VPWR is not connected to any net.
[WARNING PDN-0189] Supply pin TAP_TAPCELL_ROW_2_232/VGND is not connected to any net.
[WARNING PDN-0189] Supply pin TAP_TAPCELL_ROW_2_232/VPWR is not connected to any net.
[WARNING PDN-0189] Supply pin TAP_TAPCELL_ROW_2_231/VGND is not connected to any net.
[WARNING PDN-0189] Supply pin TAP_TAPCELL_ROW_2_231/VPWR is not connected to any net.
[WARNING PDN-0189] Supply pin TAP_TAPCELL_ROW_2_230/VGND is not connected to any net.
[WARNING PDN-0189] Supply pin TAP_TAPCELL_ROW_2_230/VPWR is not connected to any net.
[WARNING PDN-0189] Supply pin TAP_TAPCELL_ROW_2_229/VGND is not connected to any net.
[WARNING PDN-0189] Supply pin TAP_TAPCELL_ROW_2_229/VPWR is not connected to any net.
[WARNING PDN-0189] Supply pin TAP_TAPCELL_ROW_2_228/VGND is not connected to any net.
[WARNING PDN-0189] Supply pin TAP_TAPCELL_ROW_2_228/VPWR is not connected to any net.
[WARNING PDN-0189] Supply pin TAP_TAPCELL_ROW_2_227/VGND is not connected to any net.
[WARNING PDN-0189] Supply pin TAP_TAPCELL_ROW_2_227/VPWR is not connected to any net.
[WARNING PDN-0189] Supply pin TAP_TAPCELL_ROW_2_226/VGND is not connected to any net.
[WARNING PDN-0189] Supply pin TAP_TAPCELL_ROW_2_226/VPWR is not connected to any net.
[WARNING PDN-0189] Supply pin TAP_TAPCELL_ROW_2_225/VGND is not connected to any net.
[WARNING PDN-0189] Supply pin TAP_TAPCELL_ROW_2_225/VPWR is not connected to any net.
[WARNING PDN-0189] Supply pin TAP_TAPCELL_ROW_2_224/VGND is not connected to any net.
[WARNING PDN-0189] Supply pin TAP_TAPCELL_ROW_2_224/VPWR is not connected to any net.
[WARNING PDN-0189] Supply pin TAP_TAPCELL_ROW_2_223/VGND is not connected to any net.
[WARNING PDN-0189] Supply pin TAP_TAPCELL_ROW_2_223/VPWR is not connected to any net.
[WARNING PDN-0189] Supply pin TAP_TAPCELL_ROW_2_222/VGND is not connected to any net.
[WARNING PDN-0189] Supply pin TAP_TAPCELL_ROW_2_222/VPWR is not connected to any net.
[WARNING PDN-0189] Supply pin TAP_TAPCELL_ROW_2_221/VGND is not connected to any net.
[WARNING PDN-0189] Supply pin TAP_TAPCELL_ROW_2_221/VPWR is not connected to any net.
[WARNING PDN-0189] Supply pin TAP_TAPCELL_ROW_2_220/VGND is not connected to any net.
[WARNING PDN-0189] Supply pin TAP_TAPCELL_ROW_2_220/VPWR is not connected to any net.
[WARNING PDN-0189] Supply pin TAP_TAPCELL_ROW_2_219/VGND is not connected to any net.
[WARNING PDN-0189] Supply pin TAP_TAPCELL_ROW_2_219/VPWR is not connected to any net.
[WARNING PDN-0189] Supply pin TAP_TAPCELL_ROW_2_218/VGND is not connected to any net.
[WARNING PDN-0189] Supply pin TAP_TAPCELL_ROW_2_218/VPWR is not connected to any net.
[WARNING PDN-0189] Supply pin TAP_TAPCELL_ROW_2_217/VGND is not connected to any net.
[WARNING PDN-0189] Supply pin TAP_TAPCELL_ROW_2_217/VPWR is not connected to any net.
[WARNING PDN-0189] Supply pin TAP_TAPCELL_ROW_2_216/VGND is not connected to any net.
[WARNING PDN-0189] Supply pin TAP_TAPCELL_ROW_2_216/VPWR is not connected to any net.
[WARNING PDN-0189] Supply pin TAP_TAPCELL_ROW_2_215/VGND is not connected to any net.
[WARNING PDN-0189] Supply pin TAP_TAPCELL_ROW_2_215/VPWR is not connected to any net.
[WARNING PDN-0189] Supply pin TAP_TAPCELL_ROW_2_214/VGND is not connected to any net.
[WARNING PDN-0189] Supply pin TAP_TAPCELL_ROW_2_214/VPWR is not connected to any net.
[WARNING PDN-0189] Supply pin TAP_TAPCELL_ROW_2_213/VGND is not connected to any net.
[WARNING PDN-0189] Supply pin TAP_TAPCELL_ROW_2_213/VPWR is not connected to any net.
[WARNING PDN-0189] Supply pin TAP_TAPCELL_ROW_1_212/VGND is not connected to any net.
[WARNING PDN-0189] Supply pin TAP_TAPCELL_ROW_1_212/VPWR is not connected to any net.
[WARNING PDN-0189] Supply pin TAP_TAPCELL_ROW_1_211/VGND is not connected to any net.
[WARNING PDN-0189] Supply pin TAP_TAPCELL_ROW_1_211/VPWR is not connected to any net.
[WARNING PDN-0189] Supply pin TAP_TAPCELL_ROW_1_210/VGND is not connected to any net.
[WARNING PDN-0189] Supply pin TAP_TAPCELL_ROW_1_210/VPWR is not connected to any net.
[WARNING PDN-0189] Supply pin TAP_TAPCELL_ROW_1_209/VGND is not connected to any net.
[WARNING PDN-0189] Supply pin TAP_TAPCELL_ROW_1_209/VPWR is not connected to any net.
[WARNING PDN-0189] Supply pin TAP_TAPCELL_ROW_1_208/VGND is not connected to any net.
[WARNING PDN-0189] Supply pin TAP_TAPCELL_ROW_1_208/VPWR is not connected to any net.
[WARNING PDN-0189] Supply pin TAP_TAPCELL_ROW_1_207/VGND is not connected to any net.
[WARNING PDN-0189] Supply pin TAP_TAPCELL_ROW_1_207/VPWR is not connected to any net.
[WARNING PDN-0189] Supply pin TAP_TAPCELL_ROW_1_206/VGND is not connected to any net.
[WARNING PDN-0189] Supply pin TAP_TAPCELL_ROW_1_206/VPWR is not connected to any net.
[WARNING PDN-0189] Supply pin TAP_TAPCELL_ROW_1_205/VGND is not connected to any net.
[WARNING PDN-0189] Supply pin TAP_TAPCELL_ROW_1_205/VPWR is not connected to any net.
[WARNING PDN-0189] Supply pin TAP_TAPCELL_ROW_1_204/VGND is not connected to any net.
[WARNING PDN-0189] Supply pin TAP_TAPCELL_ROW_1_204/VPWR is not connected to any net.
[WARNING PDN-0189] Supply pin TAP_TAPCELL_ROW_1_203/VGND is not connected to any net.
[WARNING PDN-0189] Supply pin TAP_TAPCELL_ROW_1_203/VPWR is not connected to any net.
[WARNING PDN-0189] Supply pin TAP_TAPCELL_ROW_1_202/VGND is not connected to any net.
[WARNING PDN-0189] Supply pin TAP_TAPCELL_ROW_1_202/VPWR is not connected to any net.
[WARNING PDN-0189] Supply pin TAP_TAPCELL_ROW_1_201/VGND is not connected to any net.
[WARNING PDN-0189] Supply pin TAP_TAPCELL_ROW_1_201/VPWR is not connected to any net.
[WARNING PDN-0189] Supply pin TAP_TAPCELL_ROW_1_200/VGND is not connected to any net.
[WARNING PDN-0189] Supply pin TAP_TAPCELL_ROW_1_200/VPWR is not connected to any net.
[WARNING PDN-0189] Supply pin TAP_TAPCELL_ROW_1_199/VGND is not connected to any net.
[WARNING PDN-0189] Supply pin TAP_TAPCELL_ROW_1_199/VPWR is not connected to any net.
[WARNING PDN-0189] Supply pin TAP_TAPCELL_ROW_1_198/VGND is not connected to any net.
[WARNING PDN-0189] Supply pin TAP_TAPCELL_ROW_1_198/VPWR is not connected to any net.
[WARNING PDN-0189] Supply pin TAP_TAPCELL_ROW_1_197/VGND is not connected to any net.
[WARNING PDN-0189] Supply pin TAP_TAPCELL_ROW_1_197/VPWR is not connected to any net.
[WARNING PDN-0189] Supply pin TAP_TAPCELL_ROW_1_196/VGND is not connected to any net.
[WARNING PDN-0189] Supply pin TAP_TAPCELL_ROW_1_196/VPWR is not connected to any net.
[WARNING PDN-0189] Supply pin TAP_TAPCELL_ROW_1_195/VGND is not connected to any net.
[WARNING PDN-0189] Supply pin TAP_TAPCELL_ROW_1_195/VPWR is not connected to any net.
[WARNING PDN-0189] Supply pin TAP_TAPCELL_ROW_1_194/VGND is not connected to any net.
[WARNING PDN-0189] Supply pin TAP_TAPCELL_ROW_1_194/VPWR is not connected to any net.
[WARNING PDN-0189] Supply pin TAP_TAPCELL_ROW_1_193/VGND is not connected to any net.
[WARNING PDN-0189] Supply pin TAP_TAPCELL_ROW_1_193/VPWR is not connected to any net.
[WARNING PDN-0189] Supply pin TAP_TAPCELL_ROW_1_192/VGND is not connected to any net.
[WARNING PDN-0189] Supply pin TAP_TAPCELL_ROW_1_192/VPWR is not connected to any net.
[WARNING PDN-0189] Supply pin TAP_TAPCELL_ROW_1_191/VGND is not connected to any net.
[WARNING PDN-0189] Supply pin TAP_TAPCELL_ROW_1_191/VPWR is not connected to any net.
[WARNING PDN-0189] Supply pin TAP_TAPCELL_ROW_1_190/VGND is not connected to any net.
[WARNING PDN-0189] Supply pin TAP_TAPCELL_ROW_1_190/VPWR is not connected to any net.
[WARNING PDN-0189] Supply pin TAP_TAPCELL_ROW_1_189/VGND is not connected to any net.
[WARNING PDN-0189] Supply pin TAP_TAPCELL_ROW_1_189/VPWR is not connected to any net.
[WARNING PDN-0189] Supply pin TAP_TAPCELL_ROW_1_188/VGND is not connected to any net.
[WARNING PDN-0189] Supply pin TAP_TAPCELL_ROW_1_188/VPWR is not connected to any net.
[WARNING PDN-0189] Supply pin TAP_TAPCELL_ROW_1_187/VGND is not connected to any net.
[WARNING PDN-0189] Supply pin TAP_TAPCELL_ROW_1_187/VPWR is not connected to any net.
[WARNING PDN-0189] Supply pin TAP_TAPCELL_ROW_1_186/VGND is not connected to any net.
[WARNING PDN-0189] Supply pin TAP_TAPCELL_ROW_1_186/VPWR is not connected to any net.
[WARNING PDN-0189] Supply pin TAP_TAPCELL_ROW_1_185/VGND is not connected to any net.
[WARNING PDN-0189] Supply pin TAP_TAPCELL_ROW_1_185/VPWR is not connected to any net.
[WARNING PDN-0189] Supply pin TAP_TAPCELL_ROW_1_184/VGND is not connected to any net.
[WARNING PDN-0189] Supply pin TAP_TAPCELL_ROW_1_184/VPWR is not connected to any net.
[WARNING PDN-0189] Supply pin TAP_TAPCELL_ROW_1_183/VGND is not connected to any net.
[WARNING PDN-0189] Supply pin TAP_TAPCELL_ROW_1_183/VPWR is not connected to any net.
[WARNING PDN-0189] Supply pin TAP_TAPCELL_ROW_1_182/VGND is not connected to any net.
[WARNING PDN-0189] Supply pin TAP_TAPCELL_ROW_1_182/VPWR is not connected to any net.
[WARNING PDN-0189] Supply pin TAP_TAPCELL_ROW_1_181/VGND is not connected to any net.
[WARNING PDN-0189] Supply pin TAP_TAPCELL_ROW_1_181/VPWR is not connected to any net.
[WARNING PDN-0189] Supply pin TAP_TAPCELL_ROW_1_180/VGND is not connected to any net.
[WARNING PDN-0189] Supply pin TAP_TAPCELL_ROW_1_180/VPWR is not connected to any net.
[WARNING PDN-0189] Supply pin TAP_TAPCELL_ROW_1_179/VGND is not connected to any net.
[WARNING PDN-0189] Supply pin TAP_TAPCELL_ROW_1_179/VPWR is not connected to any net.
[WARNING PDN-0189] Supply pin TAP_TAPCELL_ROW_1_178/VGND is not connected to any net.
[WARNING PDN-0189] Supply pin TAP_TAPCELL_ROW_1_178/VPWR is not connected to any net.
[WARNING PDN-0189] Supply pin TAP_TAPCELL_ROW_1_177/VGND is not connected to any net.
[WARNING PDN-0189] Supply pin TAP_TAPCELL_ROW_1_177/VPWR is not connected to any net.
[WARNING PDN-0189] Supply pin TAP_TAPCELL_ROW_1_176/VGND is not connected to any net.
[WARNING PDN-0189] Supply pin TAP_TAPCELL_ROW_1_176/VPWR is not connected to any net.
[WARNING PDN-0189] Supply pin TAP_TAPCELL_ROW_1_175/VGND is not connected to any net.
[WARNING PDN-0189] Supply pin TAP_TAPCELL_ROW_1_175/VPWR is not connected to any net.
[WARNING PDN-0189] Supply pin TAP_TAPCELL_ROW_1_174/VGND is not connected to any net.
[WARNING PDN-0189] Supply pin TAP_TAPCELL_ROW_1_174/VPWR is not connected to any net.
[WARNING PDN-0189] Supply pin TAP_TAPCELL_ROW_1_173/VGND is not connected to any net.
[WARNING PDN-0189] Supply pin TAP_TAPCELL_ROW_1_173/VPWR is not connected to any net.
[WARNING PDN-0189] Supply pin TAP_TAPCELL_ROW_1_172/VGND is not connected to any net.
[WARNING PDN-0189] Supply pin TAP_TAPCELL_ROW_1_172/VPWR is not connected to any net.
[WARNING PDN-0189] Supply pin TAP_TAPCELL_ROW_1_171/VGND is not connected to any net.
[WARNING PDN-0189] Supply pin TAP_TAPCELL_ROW_1_171/VPWR is not connected to any net.
[WARNING PDN-0189] Supply pin TAP_TAPCELL_ROW_1_170/VGND is not connected to any net.
[WARNING PDN-0189] Supply pin TAP_TAPCELL_ROW_1_170/VPWR is not connected to any net.
[WARNING PDN-0189] Supply pin TAP_TAPCELL_ROW_1_169/VGND is not connected to any net.
[WARNING PDN-0189] Supply pin TAP_TAPCELL_ROW_1_169/VPWR is not connected to any net.
[WARNING PDN-0189] Supply pin TAP_TAPCELL_ROW_1_168/VGND is not connected to any net.
[WARNING PDN-0189] Supply pin TAP_TAPCELL_ROW_1_168/VPWR is not connected to any net.
[WARNING PDN-0189] Supply pin TAP_TAPCELL_ROW_1_167/VGND is not connected to any net.
[WARNING PDN-0189] Supply pin TAP_TAPCELL_ROW_1_167/VPWR is not connected to any net.
[WARNING PDN-0189] Supply pin TAP_TAPCELL_ROW_1_166/VGND is not connected to any net.
[WARNING PDN-0189] Supply pin TAP_TAPCELL_ROW_1_166/VPWR is not connected to any net.
[WARNING PDN-0189] Supply pin TAP_TAPCELL_ROW_1_165/VGND is not connected to any net.
[WARNING PDN-0189] Supply pin TAP_TAPCELL_ROW_1_165/VPWR is not connected to any net.
[WARNING PDN-0189] Supply pin TAP_TAPCELL_ROW_1_164/VGND is not connected to any net.
[WARNING PDN-0189] Supply pin TAP_TAPCELL_ROW_1_164/VPWR is not connected to any net.
[WARNING PDN-0189] Supply pin TAP_TAPCELL_ROW_1_163/VGND is not connected to any net.
[WARNING PDN-0189] Supply pin TAP_TAPCELL_ROW_1_163/VPWR is not connected to any net.
[WARNING PDN-0189] Supply pin TAP_TAPCELL_ROW_1_162/VGND is not connected to any net.
[WARNING PDN-0189] Supply pin TAP_TAPCELL_ROW_1_162/VPWR is not connected to any net.
[WARNING PDN-0189] message limit reached, this message will no longer print
[INFO PDN-0001] Inserting grid: grid
[INFO PDN-0001] Inserting grid: CORE_macro_grid_1 - dac
Elapsed time: 0:01.30[h:]min:sec. CPU time: user 1.19 sys 0.11 (100%). Peak memory: 253080KB.
