OpenROAD v2.0-17013-gf7f634f88 
Features included (+) or not (-): +Charts +GPU +GUI +Python
This program is licensed under the BSD-3 license. See the LICENSE file for details.
Components of this program may be licensed under more restrictive licenses which must be honored.
[INFO ORD-0030] Using 32 thread(s).
[INFO GPL-0002] DBU: 1000
[INFO GPL-0003] SiteSize: (  0.460  2.720 ) um
[INFO GPL-0004] CoreBBox: (  1.380  2.720 ) ( 1969.720 1969.280 ) um
[INFO GPL-0006] NumInstances:             38901
[INFO GPL-0007] NumPlaceInstances:         6413
[INFO GPL-0008] NumFixedInstances:        28939
[INFO GPL-0009] NumDummyInstances:         3549
[INFO GPL-0010] NumNets:                   6559
[INFO GPL-0011] NumPins:                  23768
[INFO GPL-0012] DieBBox:  (  0.000  0.000 ) ( 1970.950 1970.950 ) um
[INFO GPL-0013] CoreBBox: (  1.380  2.720 ) ( 1969.720 1969.280 ) um
[INFO GPL-0016] CoreArea:            3870858.710 um^2
[INFO GPL-0017] NonPlaceInstsArea:   1952956.790 um^2
[INFO GPL-0018] PlaceInstsArea:       54224.506 um^2
[INFO GPL-0019] Util:                     2.827 %
[INFO GPL-0020] StdInstsArea:         54224.506 um^2
[INFO GPL-0021] MacroInstsArea:           0.000 um^2
[INFO GPL-0031] FillerInit:NumGCells:    237345
[INFO GPL-0032] FillerInit:NumGNets:       6559
[INFO GPL-0033] FillerInit:NumGPins:      23768
[INFO GPL-0023] TargetDensity:            1.000
[INFO GPL-0024] AvrgPlaceInstArea:        8.455 um^2
[INFO GPL-0025] IdealBinArea:             8.455 um^2
[INFO GPL-0026] IdealBinCnt:             457797
[INFO GPL-0027] TotalBinArea:        3870858.710 um^2
[INFO GPL-0028] BinCnt:       512    512
[INFO GPL-0029] BinSize: (  3.845  3.841 )
[INFO GPL-0030] NumBins: 262144
Placement density is 0.23261826097965244, computed from PLACE_DENSITY_LB_ADDON 0.2 and lower bound 0.028272826224565506
global_placement -density 0.23261826097965244 -pad_left 0 -pad_right 0 -routability_driven -timing_driven
[INFO GPL-0002] DBU: 1000
[INFO GPL-0003] SiteSize: (  0.460  2.720 ) um
[INFO GPL-0004] CoreBBox: (  1.380  2.720 ) ( 1969.720 1969.280 ) um
[INFO GPL-0006] NumInstances:             38901
[INFO GPL-0007] NumPlaceInstances:         6413
[INFO GPL-0008] NumFixedInstances:        28939
[INFO GPL-0009] NumDummyInstances:         3549
[INFO GPL-0010] NumNets:                   6559
[INFO GPL-0011] NumPins:                  23768
[INFO GPL-0012] DieBBox:  (  0.000  0.000 ) ( 1970.950 1970.950 ) um
[INFO GPL-0013] CoreBBox: (  1.380  2.720 ) ( 1969.720 1969.280 ) um
[INFO GPL-0016] CoreArea:            3870858.710 um^2
[INFO GPL-0017] NonPlaceInstsArea:   1952956.790 um^2
[INFO GPL-0018] PlaceInstsArea:       54224.506 um^2
[INFO GPL-0019] Util:                     2.827 %
[INFO GPL-0020] StdInstsArea:         54224.506 um^2
[INFO GPL-0021] MacroInstsArea:           0.000 um^2
[InitialPlace]  Iter: 1 CG residual: 0.00040872 HPWL: 285485925
[InitialPlace]  Iter: 2 CG residual: 0.00053733 HPWL: 85965785
[InitialPlace]  Iter: 3 CG residual: 0.00018821 HPWL: 86575968
[InitialPlace]  Iter: 4 CG residual: 0.00025658 HPWL: 87036216
[InitialPlace]  Iter: 5 CG residual: 0.00042331 HPWL: 87131206
[InitialPlace]  Iter: 6 CG residual: 0.00019123 HPWL: 87277110
[InitialPlace]  Iter: 7 CG residual: 0.00035140 HPWL: 87331328
[InitialPlace]  Iter: 8 CG residual: 0.00108590 HPWL: 87439120
[InitialPlace]  Iter: 9 CG residual: 0.00026750 HPWL: 87252532
[InitialPlace]  Iter: 10 CG residual: 0.00046603 HPWL: 87382386
[InitialPlace]  Iter: 11 CG residual: 0.00931777 HPWL: 87369238
[InitialPlace]  Iter: 12 CG residual: 0.00343743 HPWL: 88414031
[InitialPlace]  Iter: 13 CG residual: 0.00048514 HPWL: 87129930
[InitialPlace]  Iter: 14 CG residual: 0.00029154 HPWL: 87173050
[InitialPlace]  Iter: 15 CG residual: 0.00110257 HPWL: 87146633
[InitialPlace]  Iter: 16 CG residual: 0.00027639 HPWL: 87164752
[InitialPlace]  Iter: 17 CG residual: 0.00033555 HPWL: 87110863
[InitialPlace]  Iter: 18 CG residual: 0.00041585 HPWL: 87255955
[InitialPlace]  Iter: 19 CG residual: 0.00043740 HPWL: 87222066
[InitialPlace]  Iter: 20 CG residual: 0.00041839 HPWL: 87311118
[INFO GPL-0031] FillerInit:NumGCells:     54975
[INFO GPL-0032] FillerInit:NumGNets:       6559
[INFO GPL-0033] FillerInit:NumGPins:      23768
[INFO GPL-0023] TargetDensity:            0.233
[INFO GPL-0024] AvrgPlaceInstArea:        8.455 um^2
[INFO GPL-0025] IdealBinArea:            36.349 um^2
[INFO GPL-0026] IdealBinCnt:             106491
[INFO GPL-0027] TotalBinArea:        3870858.710 um^2
[INFO GPL-0028] BinCnt:       256    256
[INFO GPL-0029] BinSize: (  7.689  7.682 )
[INFO GPL-0030] NumBins: 65536
[NesterovSolve] Iter:    1 overflow: 1.000 HPWL: 27885561
[NesterovSolve] Iter:   10 overflow: 1.000 HPWL: 36689338
[NesterovSolve] Iter:   20 overflow: 0.999 HPWL: 39646116
[NesterovSolve] Iter:   30 overflow: 0.999 HPWL: 40751047
[NesterovSolve] Iter:   40 overflow: 0.999 HPWL: 41856767
[NesterovSolve] Iter:   50 overflow: 0.999 HPWL: 42592974
[NesterovSolve] Iter:   60 overflow: 0.999 HPWL: 43118443
[NesterovSolve] Iter:   70 overflow: 0.999 HPWL: 43393822
[NesterovSolve] Iter:   80 overflow: 0.999 HPWL: 43366260
[NesterovSolve] Iter:   90 overflow: 0.999 HPWL: 43296054
[NesterovSolve] Iter:  100 overflow: 0.999 HPWL: 43344487
[NesterovSolve] Iter:  110 overflow: 0.999 HPWL: 43510530
[NesterovSolve] Iter:  120 overflow: 0.999 HPWL: 43733900
[NesterovSolve] Iter:  130 overflow: 0.999 HPWL: 43998031
[NesterovSolve] Iter:  140 overflow: 0.999 HPWL: 44398549
[NesterovSolve] Iter:  150 overflow: 0.999 HPWL: 45140597
[NesterovSolve] Iter:  160 overflow: 0.999 HPWL: 46615453
[NesterovSolve] Iter:  170 overflow: 0.999 HPWL: 49342720
[NesterovSolve] Iter:  180 overflow: 0.999 HPWL: 54096300
[NesterovSolve] Iter:  190 overflow: 0.999 HPWL: 62171131
[NesterovSolve] Iter:  200 overflow: 0.999 HPWL: 75440667
[NesterovSolve] Iter:  210 overflow: 0.999 HPWL: 96141996
[NesterovSolve] Iter:  220 overflow: 0.999 HPWL: 123024461
[NesterovSolve] Iter:  230 overflow: 0.999 HPWL: 151412229
[NesterovSolve] Iter:  240 overflow: 0.999 HPWL: 174018623
[NesterovSolve] Iter:  250 overflow: 0.975 HPWL: 196983818
[NesterovSolve] Iter:  260 overflow: 0.906 HPWL: 248887656
[NesterovSolve] Iter:  270 overflow: 0.723 HPWL: 266322317
[NesterovSolve] Iter:  280 overflow: 0.695 HPWL: 255868028
[NesterovSolve] Iter:  290 overflow: 0.634 HPWL: 265947602
[NesterovSolve] Iter:  300 overflow: 0.600 HPWL: 295184696
[NesterovSolve] Snapshot saved at iter = 300
[NesterovSolve] Iter:  310 overflow: 0.547 HPWL: 300776474
[INFO GPL-0100] Timing-driven: executing resizer for reweighting nets.
[INFO GPL-0101] Timing-driven: worst slack 6.24e-09
[INFO GPL-0103] Timing-driven: weighted 655 nets.
[NesterovSolve] Iter:  320 overflow: 0.514 HPWL: 264889399
[NesterovSolve] Iter:  330 overflow: 0.476 HPWL: 244235910
[NesterovSolve] Iter:  340 overflow: 0.431 HPWL: 231032662
[INFO GPL-0100] Timing-driven: executing resizer for reweighting nets.
[INFO GPL-0101] Timing-driven: worst slack 5.75e-09
[INFO GPL-0103] Timing-driven: weighted 653 nets.
[NesterovSolve] Iter:  350 overflow: 0.386 HPWL: 227579436
[NesterovSolve] Iter:  360 overflow: 0.346 HPWL: 219948079
[NesterovSolve] Iter:  370 overflow: 0.309 HPWL: 212827370
[INFO GPL-0075] Routability numCall: 1 inflationIterCnt: 1 bloatIterCnt: 0
[INFO GPL-0036] TileBBox: (    0    0 ) ( 6900 6900 ) DBU
[INFO GPL-0038] TileCnt:     285  285
[INFO GPL-0040] NumTiles: 81225
[INFO GPL-0081] TotalRouteOverflow: 13.50020956993103
[INFO GPL-0082] OverflowTileCnt: 21099
[INFO GPL-0083] 0.5%RC: 1.0061377283982036
[INFO GPL-0084] 1.0%RC: 1.0050974569637396
[INFO GPL-0085] 2.0%RC: 1.004512645134559
[INFO GPL-0086] 5.0%RC: 1.0025914645089355
[INFO GPL-0087] FinalRC: 1.0056176
[INFO GPL-0077] FinalRC lower than targetRC(1.01), routability not needed.
[NesterovSolve] Iter:  380 overflow: 0.280 HPWL: 207112434
[NesterovSolve] Iter:  390 overflow: 0.250 HPWL: 205449947
[INFO GPL-0100] Timing-driven: executing resizer for reweighting nets.
[INFO GPL-0101] Timing-driven: worst slack 6.17e-09
[INFO GPL-0103] Timing-driven: weighted 655 nets.
[NesterovSolve] Iter:  400 overflow: 0.220 HPWL: 201469216
[NesterovSolve] Iter:  410 overflow: 0.194 HPWL: 200440011
[NesterovSolve] Iter:  420 overflow: 0.170 HPWL: 192360769
[NesterovSolve] Iter:  430 overflow: 0.147 HPWL: 192433664
[NesterovSolve] Iter:  440 overflow: 0.129 HPWL: 192382980
[NesterovSolve] Iter:  450 overflow: 0.114 HPWL: 192454491
[NesterovSolve] Iter:  460 overflow: 0.099 HPWL: 192817225
[NesterovSolve] Finished with Overflow: 0.098558
Report metrics stage 5, global place...

==========================================================================
global place report_design_area
--------------------------------------------------------------------------
Design area 1778233 u^2 46% utilization.
Elapsed time: 0:11.68[h:]min:sec. CPU time: user 186.97 sys 0.41 (1603%). Peak memory: 820184KB.
