OpenROAD v2.0-17013-gf7f634f88 
Features included (+) or not (-): +Charts +GPU +GUI +Python
This program is licensed under the BSD-3 license. See the LICENSE file for details.
Components of this program may be licensed under more restrictive licenses which must be honored.
[INFO ORD-0030] Using 32 thread(s).
Perform port buffering...
[INFO RSZ-0027] Inserted 6 input buffers.
[INFO RSZ-0028] Inserted 1 output buffers.
Perform buffer insertion and gate resizing...
repair_design 
[INFO RSZ-0058] Using max wire length 2154um.
[INFO RSZ-0034] Found 613 slew violations.
[INFO RSZ-0036] Found 41 capacitance violations.
[INFO RSZ-0038] Inserted 140 buffers in 613 nets.
[INFO RSZ-0039] Resized 814 instances.
Repair tie lo fanout...
[INFO RSZ-0042] Inserted 3 tie sky130_fd_sc_hd__conb_1 instances.
Repair tie hi fanout...
Floating nets: 
[WARNING RSZ-0095] found 1 floating pins.
Report metrics stage 3, resizer...

==========================================================================
resizer report_design_area
--------------------------------------------------------------------------
Design area 1787025 u^2 46% utilization.
Instance count before 35352, after 35501
Pin count before 23763, after 24061
Elapsed time: 0:02.48[h:]min:sec. CPU time: user 2.19 sys 0.29 (100%). Peak memory: 673516KB.
