OpenROAD v2.0-17013-gf7f634f88 
Features included (+) or not (-): +Charts +GPU +GUI +Python
This program is licensed under the BSD-3 license. See the LICENSE file for details.
Components of this program may be licensed under more restrictive licenses which must be honored.
[INFO ORD-0030] Using 32 thread(s).
Placement Analysis
---------------------------------
total displacement      12109.5 u
average displacement        0.3 u
max displacement           24.6 u
original HPWL          228291.1 u
legalized HPWL         235175.1 u
delta HPWL                    3 %

Detailed placement improvement.
Importing netlist into detailed improver.
[INFO DPO-0100] Creating network with 35501 cells, 7 terminals, 6708 edges, 24064 pins, and 0 blockages.
[INFO DPO-0109] Network stats: inst 35508, edges 6708, pins 24064
[INFO DPO-0110] Number of regions is 1
[INFO DPO-0401] Setting random seed to 1.
[INFO DPO-0402] Setting maximum displacement 5 1 to 13600 2720 units.
[INFO DPO-0320] Collected 29365 fixed cells.
[INFO DPO-0318] Collected 6562 single height cells.
[INFO DPO-0321] Collected 0 wide cells.
[INFO DPO-0322] Image (1380, 2720) - (1969720, 1969280)
[INFO DPO-0310] Assigned 6562 cells into segments.  Movement in X-direction is 0.000000, movement in Y-direction is 0.000000.
[INFO DPO-0313] Found 0 cells in wrong regions.
[INFO DPO-0315] Found 0 row alignment problems.
[INFO DPO-0314] Found 0 site alignment problems.
[INFO DPO-0311] Found 0 overlaps between adjacent cells.
[INFO DPO-0312] Found 0 edge spacing violations and 0 padding violations.
[INFO DPO-0303] Running algorithm for independent set matching.
[INFO DPO-0300] Set matching objective is wirelength.
[INFO DPO-0301] Pass   1 of matching; objective is 2.296524e+08.
[INFO DPO-0302] End of matching; objective is 2.296220e+08, improvement is 0.01 percent.
[INFO DPO-0303] Running algorithm for global swaps.
[INFO DPO-0306] Pass   1 of global swaps; hpwl is 2.245269e+08.
[INFO DPO-0306] Pass   2 of global swaps; hpwl is 2.235444e+08.
[INFO DPO-0307] End of global swaps; objective is 2.235444e+08, improvement is 2.65 percent.
[INFO DPO-0303] Running algorithm for vertical swaps.
[INFO DPO-0308] Pass   1 of vertical swaps; hpwl is 2.226129e+08.
[INFO DPO-0309] End of vertical swaps; objective is 2.226129e+08, improvement is 0.42 percent.
[INFO DPO-0303] Running algorithm for reordering.
[INFO DPO-0304] Pass   1 of reordering; objective is 2.225241e+08.
[INFO DPO-0305] End of reordering; objective is 2.225241e+08, improvement is 0.04 percent.
[INFO DPO-0303] Running algorithm for random improvement.
[INFO DPO-0324] Random improver is using displacement generator.
[INFO DPO-0325] Random improver is using hpwl objective.
[INFO DPO-0326] Random improver cost string is (a).
[INFO DPO-0332] End of pass, Generator displacement called 131240 times.
[INFO DPO-0335] Generator displacement, Cumulative attempts 131240, swaps 7866, moves 53556 since last reset.
[INFO DPO-0333] End of pass, Objective hpwl, Initial cost 2.187752e+08, Scratch cost 2.157413e+08, Incremental cost 2.157413e+08, Mismatch? N
[INFO DPO-0338] End of pass, Total cost is 2.157413e+08.
[INFO DPO-0327] Pass   1 of random improver; improvement in cost is 1.39 percent.
[INFO DPO-0332] End of pass, Generator displacement called 131240 times.
[INFO DPO-0335] Generator displacement, Cumulative attempts 262480, swaps 15458, moves 106671 since last reset.
[INFO DPO-0333] End of pass, Objective hpwl, Initial cost 2.157413e+08, Scratch cost 2.146966e+08, Incremental cost 2.146966e+08, Mismatch? N
[INFO DPO-0338] End of pass, Total cost is 2.146966e+08.
[INFO DPO-0327] Pass   2 of random improver; improvement in cost is 0.48 percent.
[INFO DPO-0328] End of random improver; improvement is 1.864312 percent.
[INFO DPO-0380] Cell flipping.
[INFO DPO-0382] Changed 3295 cell orientations for row compatibility.
[INFO DPO-0383] Performed 1846 cell flips.
[INFO DPO-0384] End of flipping; objective is 2.160372e+08, improvement is 1.10 percent.
[INFO DPO-0313] Found 0 cells in wrong regions.
[INFO DPO-0315] Found 0 row alignment problems.
[INFO DPO-0314] Found 0 site alignment problems.
[INFO DPO-0311] Found 0 overlaps between adjacent cells.
[INFO DPO-0312] Found 0 edge spacing violations and 0 padding violations.
Detailed Improvement Results
------------------------------------------
Original HPWL           235175.1 u
Final HPWL              220883.5 u
Delta HPWL                  -6.1 %

[INFO DPL-0020] Mirrored 367 instances
[INFO DPL-0021] HPWL before          220883.5 u
[INFO DPL-0022] HPWL after           220735.8 u
[INFO DPL-0023] HPWL delta               -0.1 %
[INFO FLW-0012] Placement violations .
Report metrics stage 3, detailed place...

==========================================================================
detailed place report_design_area
--------------------------------------------------------------------------
Design area 1787025 u^2 46% utilization.
Elapsed time: 0:03.05[h:]min:sec. CPU time: user 2.87 sys 0.18 (100%). Peak memory: 561936KB.
