OpenROAD v2.0-17013-gf7f634f88 
Features included (+) or not (-): +Charts +GPU +GUI +Python
This program is licensed under the BSD-3 license. See the LICENSE file for details.
Components of this program may be licensed under more restrictive licenses which must be honored.
[INFO ORD-0030] Using 32 thread(s).
[WARNING PDN-0189] Supply pin TAP_TAPCELL_ROW_28_657/VGND is not connected to any net.
[WARNING PDN-0189] Supply pin TAP_TAPCELL_ROW_28_657/VPWR is not connected to any net.
[WARNING PDN-0189] Supply pin TAP_TAPCELL_ROW_28_656/VGND is not connected to any net.
[WARNING PDN-0189] Supply pin TAP_TAPCELL_ROW_28_656/VPWR is not connected to any net.
[WARNING PDN-0189] Supply pin TAP_TAPCELL_ROW_28_655/VGND is not connected to any net.
[WARNING PDN-0189] Supply pin TAP_TAPCELL_ROW_28_655/VPWR is not connected to any net.
[WARNING PDN-0189] Supply pin TAP_TAPCELL_ROW_28_654/VGND is not connected to any net.
[WARNING PDN-0189] Supply pin TAP_TAPCELL_ROW_28_654/VPWR is not connected to any net.
[WARNING PDN-0189] Supply pin TAP_TAPCELL_ROW_28_653/VGND is not connected to any net.
[WARNING PDN-0189] Supply pin TAP_TAPCELL_ROW_28_653/VPWR is not connected to any net.
[WARNING PDN-0189] Supply pin TAP_TAPCELL_ROW_28_652/VGND is not connected to any net.
[WARNING PDN-0189] Supply pin TAP_TAPCELL_ROW_28_652/VPWR is not connected to any net.
[WARNING PDN-0189] Supply pin TAP_TAPCELL_ROW_28_651/VGND is not connected to any net.
[WARNING PDN-0189] Supply pin TAP_TAPCELL_ROW_28_651/VPWR is not connected to any net.
[WARNING PDN-0189] Supply pin TAP_TAPCELL_ROW_28_650/VGND is not connected to any net.
[WARNING PDN-0189] Supply pin TAP_TAPCELL_ROW_28_650/VPWR is not connected to any net.
[WARNING PDN-0189] Supply pin TAP_TAPCELL_ROW_28_649/VGND is not connected to any net.
[WARNING PDN-0189] Supply pin TAP_TAPCELL_ROW_28_649/VPWR is not connected to any net.
[WARNING PDN-0189] Supply pin TAP_TAPCELL_ROW_28_648/VGND is not connected to any net.
[WARNING PDN-0189] Supply pin TAP_TAPCELL_ROW_28_648/VPWR is not connected to any net.
[WARNING PDN-0189] Supply pin TAP_TAPCELL_ROW_28_647/VGND is not connected to any net.
[WARNING PDN-0189] Supply pin TAP_TAPCELL_ROW_28_647/VPWR is not connected to any net.
[WARNING PDN-0189] Supply pin TAP_TAPCELL_ROW_28_646/VGND is not connected to any net.
[WARNING PDN-0189] Supply pin TAP_TAPCELL_ROW_28_646/VPWR is not connected to any net.
[WARNING PDN-0189] Supply pin TAP_TAPCELL_ROW_28_645/VGND is not connected to any net.
[WARNING PDN-0189] Supply pin TAP_TAPCELL_ROW_28_645/VPWR is not connected to any net.
[WARNING PDN-0189] Supply pin TAP_TAPCELL_ROW_28_644/VGND is not connected to any net.
[WARNING PDN-0189] Supply pin TAP_TAPCELL_ROW_28_644/VPWR is not connected to any net.
[WARNING PDN-0189] Supply pin TAP_TAPCELL_ROW_28_643/VGND is not connected to any net.
[WARNING PDN-0189] Supply pin TAP_TAPCELL_ROW_28_643/VPWR is not connected to any net.
[WARNING PDN-0189] Supply pin TAP_TAPCELL_ROW_28_642/VGND is not connected to any net.
[WARNING PDN-0189] Supply pin TAP_TAPCELL_ROW_28_642/VPWR is not connected to any net.
[WARNING PDN-0189] Supply pin TAP_TAPCELL_ROW_28_641/VGND is not connected to any net.
[WARNING PDN-0189] Supply pin TAP_TAPCELL_ROW_28_641/VPWR is not connected to any net.
[WARNING PDN-0189] Supply pin TAP_TAPCELL_ROW_28_640/VGND is not connected to any net.
[WARNING PDN-0189] Supply pin TAP_TAPCELL_ROW_28_640/VPWR is not connected to any net.
[WARNING PDN-0189] Supply pin TAP_TAPCELL_ROW_28_639/VGND is not connected to any net.
[WARNING PDN-0189] Supply pin TAP_TAPCELL_ROW_28_639/VPWR is not connected to any net.
[WARNING PDN-0189] Supply pin TAP_TAPCELL_ROW_28_638/VGND is not connected to any net.
[WARNING PDN-0189] Supply pin TAP_TAPCELL_ROW_28_638/VPWR is not connected to any net.
[WARNING PDN-0189] Supply pin TAP_TAPCELL_ROW_27_637/VGND is not connected to any net.
[WARNING PDN-0189] Supply pin TAP_TAPCELL_ROW_27_637/VPWR is not connected to any net.
[WARNING PDN-0189] Supply pin TAP_TAPCELL_ROW_27_636/VGND is not connected to any net.
[WARNING PDN-0189] Supply pin TAP_TAPCELL_ROW_27_636/VPWR is not connected to any net.
[WARNING PDN-0189] Supply pin TAP_TAPCELL_ROW_27_635/VGND is not connected to any net.
[WARNING PDN-0189] Supply pin TAP_TAPCELL_ROW_27_635/VPWR is not connected to any net.
[WARNING PDN-0189] Supply pin TAP_TAPCELL_ROW_27_634/VGND is not connected to any net.
[WARNING PDN-0189] Supply pin TAP_TAPCELL_ROW_27_634/VPWR is not connected to any net.
[WARNING PDN-0189] Supply pin TAP_TAPCELL_ROW_27_633/VGND is not connected to any net.
[WARNING PDN-0189] Supply pin TAP_TAPCELL_ROW_27_633/VPWR is not connected to any net.
[WARNING PDN-0189] Supply pin TAP_TAPCELL_ROW_27_632/VGND is not connected to any net.
[WARNING PDN-0189] Supply pin TAP_TAPCELL_ROW_27_632/VPWR is not connected to any net.
[WARNING PDN-0189] Supply pin TAP_TAPCELL_ROW_27_631/VGND is not connected to any net.
[WARNING PDN-0189] Supply pin TAP_TAPCELL_ROW_27_631/VPWR is not connected to any net.
[WARNING PDN-0189] Supply pin TAP_TAPCELL_ROW_27_630/VGND is not connected to any net.
[WARNING PDN-0189] Supply pin TAP_TAPCELL_ROW_27_630/VPWR is not connected to any net.
[WARNING PDN-0189] Supply pin TAP_TAPCELL_ROW_27_629/VGND is not connected to any net.
[WARNING PDN-0189] Supply pin TAP_TAPCELL_ROW_27_629/VPWR is not connected to any net.
[WARNING PDN-0189] Supply pin TAP_TAPCELL_ROW_27_628/VGND is not connected to any net.
[WARNING PDN-0189] Supply pin TAP_TAPCELL_ROW_27_628/VPWR is not connected to any net.
[WARNING PDN-0189] Supply pin TAP_TAPCELL_ROW_27_627/VGND is not connected to any net.
[WARNING PDN-0189] Supply pin TAP_TAPCELL_ROW_27_627/VPWR is not connected to any net.
[WARNING PDN-0189] Supply pin TAP_TAPCELL_ROW_27_626/VGND is not connected to any net.
[WARNING PDN-0189] Supply pin TAP_TAPCELL_ROW_27_626/VPWR is not connected to any net.
[WARNING PDN-0189] Supply pin TAP_TAPCELL_ROW_27_625/VGND is not connected to any net.
[WARNING PDN-0189] Supply pin TAP_TAPCELL_ROW_27_625/VPWR is not connected to any net.
[WARNING PDN-0189] Supply pin TAP_TAPCELL_ROW_27_624/VGND is not connected to any net.
[WARNING PDN-0189] Supply pin TAP_TAPCELL_ROW_27_624/VPWR is not connected to any net.
[WARNING PDN-0189] Supply pin TAP_TAPCELL_ROW_27_623/VGND is not connected to any net.
[WARNING PDN-0189] Supply pin TAP_TAPCELL_ROW_27_623/VPWR is not connected to any net.
[WARNING PDN-0189] Supply pin TAP_TAPCELL_ROW_27_622/VGND is not connected to any net.
[WARNING PDN-0189] Supply pin TAP_TAPCELL_ROW_27_622/VPWR is not connected to any net.
[WARNING PDN-0189] Supply pin TAP_TAPCELL_ROW_27_621/VGND is not connected to any net.
[WARNING PDN-0189] Supply pin TAP_TAPCELL_ROW_27_621/VPWR is not connected to any net.
[WARNING PDN-0189] Supply pin TAP_TAPCELL_ROW_27_620/VGND is not connected to any net.
[WARNING PDN-0189] Supply pin TAP_TAPCELL_ROW_27_620/VPWR is not connected to any net.
[WARNING PDN-0189] Supply pin TAP_TAPCELL_ROW_27_619/VGND is not connected to any net.
[WARNING PDN-0189] Supply pin TAP_TAPCELL_ROW_27_619/VPWR is not connected to any net.
[WARNING PDN-0189] Supply pin TAP_TAPCELL_ROW_27_618/VGND is not connected to any net.
[WARNING PDN-0189] Supply pin TAP_TAPCELL_ROW_27_618/VPWR is not connected to any net.
[WARNING PDN-0189] Supply pin TAP_TAPCELL_ROW_27_617/VGND is not connected to any net.
[WARNING PDN-0189] Supply pin TAP_TAPCELL_ROW_27_617/VPWR is not connected to any net.
[WARNING PDN-0189] Supply pin TAP_TAPCELL_ROW_27_616/VGND is not connected to any net.
[WARNING PDN-0189] Supply pin TAP_TAPCELL_ROW_27_616/VPWR is not connected to any net.
[WARNING PDN-0189] Supply pin TAP_TAPCELL_ROW_26_615/VGND is not connected to any net.
[WARNING PDN-0189] Supply pin TAP_TAPCELL_ROW_26_615/VPWR is not connected to any net.
[WARNING PDN-0189] Supply pin TAP_TAPCELL_ROW_26_614/VGND is not connected to any net.
[WARNING PDN-0189] Supply pin TAP_TAPCELL_ROW_26_614/VPWR is not connected to any net.
[WARNING PDN-0189] Supply pin TAP_TAPCELL_ROW_26_613/VGND is not connected to any net.
[WARNING PDN-0189] Supply pin TAP_TAPCELL_ROW_26_613/VPWR is not connected to any net.
[WARNING PDN-0189] Supply pin TAP_TAPCELL_ROW_26_612/VGND is not connected to any net.
[WARNING PDN-0189] Supply pin TAP_TAPCELL_ROW_26_612/VPWR is not connected to any net.
[WARNING PDN-0189] Supply pin TAP_TAPCELL_ROW_26_611/VGND is not connected to any net.
[WARNING PDN-0189] Supply pin TAP_TAPCELL_ROW_26_611/VPWR is not connected to any net.
[WARNING PDN-0189] Supply pin TAP_TAPCELL_ROW_26_610/VGND is not connected to any net.
[WARNING PDN-0189] Supply pin TAP_TAPCELL_ROW_26_610/VPWR is not connected to any net.
[WARNING PDN-0189] Supply pin TAP_TAPCELL_ROW_26_609/VGND is not connected to any net.
[WARNING PDN-0189] Supply pin TAP_TAPCELL_ROW_26_609/VPWR is not connected to any net.
[WARNING PDN-0189] Supply pin TAP_TAPCELL_ROW_26_608/VGND is not connected to any net.
[WARNING PDN-0189] Supply pin TAP_TAPCELL_ROW_26_608/VPWR is not connected to any net.
[WARNING PDN-0189] Supply pin TAP_TAPCELL_ROW_26_607/VGND is not connected to any net.
[WARNING PDN-0189] Supply pin TAP_TAPCELL_ROW_26_607/VPWR is not connected to any net.
[WARNING PDN-0189] Supply pin TAP_TAPCELL_ROW_26_606/VGND is not connected to any net.
[WARNING PDN-0189] Supply pin TAP_TAPCELL_ROW_26_606/VPWR is not connected to any net.
[WARNING PDN-0189] Supply pin TAP_TAPCELL_ROW_26_605/VGND is not connected to any net.
[WARNING PDN-0189] Supply pin TAP_TAPCELL_ROW_26_605/VPWR is not connected to any net.
[WARNING PDN-0189] Supply pin TAP_TAPCELL_ROW_26_604/VGND is not connected to any net.
[WARNING PDN-0189] Supply pin TAP_TAPCELL_ROW_26_604/VPWR is not connected to any net.
[WARNING PDN-0189] Supply pin TAP_TAPCELL_ROW_26_603/VGND is not connected to any net.
[WARNING PDN-0189] Supply pin TAP_TAPCELL_ROW_26_603/VPWR is not connected to any net.
[WARNING PDN-0189] Supply pin TAP_TAPCELL_ROW_26_602/VGND is not connected to any net.
[WARNING PDN-0189] Supply pin TAP_TAPCELL_ROW_26_602/VPWR is not connected to any net.
[WARNING PDN-0189] Supply pin TAP_TAPCELL_ROW_26_601/VGND is not connected to any net.
[WARNING PDN-0189] Supply pin TAP_TAPCELL_ROW_26_601/VPWR is not connected to any net.
[WARNING PDN-0189] Supply pin TAP_TAPCELL_ROW_26_600/VGND is not connected to any net.
[WARNING PDN-0189] Supply pin TAP_TAPCELL_ROW_26_600/VPWR is not connected to any net.
[WARNING PDN-0189] Supply pin TAP_TAPCELL_ROW_26_599/VGND is not connected to any net.
[WARNING PDN-0189] Supply pin TAP_TAPCELL_ROW_26_599/VPWR is not connected to any net.
[WARNING PDN-0189] Supply pin TAP_TAPCELL_ROW_26_598/VGND is not connected to any net.
[WARNING PDN-0189] Supply pin TAP_TAPCELL_ROW_26_598/VPWR is not connected to any net.
[WARNING PDN-0189] Supply pin TAP_TAPCELL_ROW_26_597/VGND is not connected to any net.
[WARNING PDN-0189] Supply pin TAP_TAPCELL_ROW_26_597/VPWR is not connected to any net.
[WARNING PDN-0189] Supply pin TAP_TAPCELL_ROW_26_596/VGND is not connected to any net.
[WARNING PDN-0189] Supply pin TAP_TAPCELL_ROW_26_596/VPWR is not connected to any net.
[WARNING PDN-0189] Supply pin TAP_TAPCELL_ROW_26_595/VGND is not connected to any net.
[WARNING PDN-0189] Supply pin TAP_TAPCELL_ROW_26_595/VPWR is not connected to any net.
[WARNING PDN-0189] Supply pin TAP_TAPCELL_ROW_26_594/VGND is not connected to any net.
[WARNING PDN-0189] Supply pin TAP_TAPCELL_ROW_26_594/VPWR is not connected to any net.
[WARNING PDN-0189] Supply pin TAP_TAPCELL_ROW_25_593/VGND is not connected to any net.
[WARNING PDN-0189] Supply pin TAP_TAPCELL_ROW_25_593/VPWR is not connected to any net.
[WARNING PDN-0189] Supply pin TAP_TAPCELL_ROW_25_592/VGND is not connected to any net.
[WARNING PDN-0189] Supply pin TAP_TAPCELL_ROW_25_592/VPWR is not connected to any net.
[WARNING PDN-0189] Supply pin TAP_TAPCELL_ROW_25_591/VGND is not connected to any net.
[WARNING PDN-0189] Supply pin TAP_TAPCELL_ROW_25_591/VPWR is not connected to any net.
[WARNING PDN-0189] Supply pin TAP_TAPCELL_ROW_25_590/VGND is not connected to any net.
[WARNING PDN-0189] Supply pin TAP_TAPCELL_ROW_25_590/VPWR is not connected to any net.
[WARNING PDN-0189] Supply pin TAP_TAPCELL_ROW_25_589/VGND is not connected to any net.
[WARNING PDN-0189] Supply pin TAP_TAPCELL_ROW_25_589/VPWR is not connected to any net.
[WARNING PDN-0189] Supply pin TAP_TAPCELL_ROW_25_588/VGND is not connected to any net.
[WARNING PDN-0189] Supply pin TAP_TAPCELL_ROW_25_588/VPWR is not connected to any net.
[WARNING PDN-0189] Supply pin TAP_TAPCELL_ROW_25_587/VGND is not connected to any net.
[WARNING PDN-0189] Supply pin TAP_TAPCELL_ROW_25_587/VPWR is not connected to any net.
[WARNING PDN-0189] Supply pin TAP_TAPCELL_ROW_25_586/VGND is not connected to any net.
[WARNING PDN-0189] Supply pin TAP_TAPCELL_ROW_25_586/VPWR is not connected to any net.
[WARNING PDN-0189] Supply pin TAP_TAPCELL_ROW_25_585/VGND is not connected to any net.
[WARNING PDN-0189] Supply pin TAP_TAPCELL_ROW_25_585/VPWR is not connected to any net.
[WARNING PDN-0189] Supply pin TAP_TAPCELL_ROW_25_584/VGND is not connected to any net.
[WARNING PDN-0189] Supply pin TAP_TAPCELL_ROW_25_584/VPWR is not connected to any net.
[WARNING PDN-0189] Supply pin TAP_TAPCELL_ROW_25_583/VGND is not connected to any net.
[WARNING PDN-0189] Supply pin TAP_TAPCELL_ROW_25_583/VPWR is not connected to any net.
[WARNING PDN-0189] Supply pin TAP_TAPCELL_ROW_25_582/VGND is not connected to any net.
[WARNING PDN-0189] Supply pin TAP_TAPCELL_ROW_25_582/VPWR is not connected to any net.
[WARNING PDN-0189] Supply pin TAP_TAPCELL_ROW_25_581/VGND is not connected to any net.
[WARNING PDN-0189] Supply pin TAP_TAPCELL_ROW_25_581/VPWR is not connected to any net.
[WARNING PDN-0189] Supply pin TAP_TAPCELL_ROW_25_580/VGND is not connected to any net.
[WARNING PDN-0189] Supply pin TAP_TAPCELL_ROW_25_580/VPWR is not connected to any net.
[WARNING PDN-0189] Supply pin TAP_TAPCELL_ROW_25_579/VGND is not connected to any net.
[WARNING PDN-0189] Supply pin TAP_TAPCELL_ROW_25_579/VPWR is not connected to any net.
[WARNING PDN-0189] Supply pin TAP_TAPCELL_ROW_25_578/VGND is not connected to any net.
[WARNING PDN-0189] Supply pin TAP_TAPCELL_ROW_25_578/VPWR is not connected to any net.
[WARNING PDN-0189] Supply pin TAP_TAPCELL_ROW_25_577/VGND is not connected to any net.
[WARNING PDN-0189] Supply pin TAP_TAPCELL_ROW_25_577/VPWR is not connected to any net.
[WARNING PDN-0189] Supply pin TAP_TAPCELL_ROW_25_576/VGND is not connected to any net.
[WARNING PDN-0189] Supply pin TAP_TAPCELL_ROW_25_576/VPWR is not connected to any net.
[WARNING PDN-0189] Supply pin TAP_TAPCELL_ROW_25_575/VGND is not connected to any net.
[WARNING PDN-0189] Supply pin TAP_TAPCELL_ROW_25_575/VPWR is not connected to any net.
[WARNING PDN-0189] Supply pin TAP_TAPCELL_ROW_25_574/VGND is not connected to any net.
[WARNING PDN-0189] Supply pin TAP_TAPCELL_ROW_25_574/VPWR is not connected to any net.
[WARNING PDN-0189] Supply pin TAP_TAPCELL_ROW_25_573/VGND is not connected to any net.
[WARNING PDN-0189] Supply pin TAP_TAPCELL_ROW_25_573/VPWR is not connected to any net.
[WARNING PDN-0189] Supply pin TAP_TAPCELL_ROW_25_572/VGND is not connected to any net.
[WARNING PDN-0189] Supply pin TAP_TAPCELL_ROW_25_572/VPWR is not connected to any net.
[WARNING PDN-0189] Supply pin TAP_TAPCELL_ROW_24_571/VGND is not connected to any net.
[WARNING PDN-0189] Supply pin TAP_TAPCELL_ROW_24_571/VPWR is not connected to any net.
[WARNING PDN-0189] Supply pin TAP_TAPCELL_ROW_24_570/VGND is not connected to any net.
[WARNING PDN-0189] Supply pin TAP_TAPCELL_ROW_24_570/VPWR is not connected to any net.
[WARNING PDN-0189] Supply pin TAP_TAPCELL_ROW_24_569/VGND is not connected to any net.
[WARNING PDN-0189] Supply pin TAP_TAPCELL_ROW_24_569/VPWR is not connected to any net.
[WARNING PDN-0189] Supply pin TAP_TAPCELL_ROW_24_568/VGND is not connected to any net.
[WARNING PDN-0189] Supply pin TAP_TAPCELL_ROW_24_568/VPWR is not connected to any net.
[WARNING PDN-0189] Supply pin TAP_TAPCELL_ROW_24_567/VGND is not connected to any net.
[WARNING PDN-0189] Supply pin TAP_TAPCELL_ROW_24_567/VPWR is not connected to any net.
[WARNING PDN-0189] Supply pin TAP_TAPCELL_ROW_24_566/VGND is not connected to any net.
[WARNING PDN-0189] Supply pin TAP_TAPCELL_ROW_24_566/VPWR is not connected to any net.
[WARNING PDN-0189] Supply pin TAP_TAPCELL_ROW_24_565/VGND is not connected to any net.
[WARNING PDN-0189] Supply pin TAP_TAPCELL_ROW_24_565/VPWR is not connected to any net.
[WARNING PDN-0189] Supply pin TAP_TAPCELL_ROW_24_564/VGND is not connected to any net.
[WARNING PDN-0189] Supply pin TAP_TAPCELL_ROW_24_564/VPWR is not connected to any net.
[WARNING PDN-0189] Supply pin TAP_TAPCELL_ROW_24_563/VGND is not connected to any net.
[WARNING PDN-0189] Supply pin TAP_TAPCELL_ROW_24_563/VPWR is not connected to any net.
[WARNING PDN-0189] Supply pin TAP_TAPCELL_ROW_24_562/VGND is not connected to any net.
[WARNING PDN-0189] Supply pin TAP_TAPCELL_ROW_24_562/VPWR is not connected to any net.
[WARNING PDN-0189] Supply pin TAP_TAPCELL_ROW_24_561/VGND is not connected to any net.
[WARNING PDN-0189] Supply pin TAP_TAPCELL_ROW_24_561/VPWR is not connected to any net.
[WARNING PDN-0189] Supply pin TAP_TAPCELL_ROW_24_560/VGND is not connected to any net.
[WARNING PDN-0189] Supply pin TAP_TAPCELL_ROW_24_560/VPWR is not connected to any net.
[WARNING PDN-0189] Supply pin TAP_TAPCELL_ROW_24_559/VGND is not connected to any net.
[WARNING PDN-0189] Supply pin TAP_TAPCELL_ROW_24_559/VPWR is not connected to any net.
[WARNING PDN-0189] Supply pin TAP_TAPCELL_ROW_24_558/VGND is not connected to any net.
[WARNING PDN-0189] Supply pin TAP_TAPCELL_ROW_24_558/VPWR is not connected to any net.
[WARNING PDN-0189] Supply pin TAP_TAPCELL_ROW_24_557/VGND is not connected to any net.
[WARNING PDN-0189] Supply pin TAP_TAPCELL_ROW_24_557/VPWR is not connected to any net.
[WARNING PDN-0189] Supply pin TAP_TAPCELL_ROW_24_556/VGND is not connected to any net.
[WARNING PDN-0189] Supply pin TAP_TAPCELL_ROW_24_556/VPWR is not connected to any net.
[WARNING PDN-0189] Supply pin TAP_TAPCELL_ROW_24_555/VGND is not connected to any net.
[WARNING PDN-0189] Supply pin TAP_TAPCELL_ROW_24_555/VPWR is not connected to any net.
[WARNING PDN-0189] Supply pin TAP_TAPCELL_ROW_24_554/VGND is not connected to any net.
[WARNING PDN-0189] Supply pin TAP_TAPCELL_ROW_24_554/VPWR is not connected to any net.
[WARNING PDN-0189] Supply pin TAP_TAPCELL_ROW_24_553/VGND is not connected to any net.
[WARNING PDN-0189] Supply pin TAP_TAPCELL_ROW_24_553/VPWR is not connected to any net.
[WARNING PDN-0189] Supply pin TAP_TAPCELL_ROW_24_552/VGND is not connected to any net.
[WARNING PDN-0189] Supply pin TAP_TAPCELL_ROW_24_552/VPWR is not connected to any net.
[WARNING PDN-0189] Supply pin TAP_TAPCELL_ROW_24_551/VGND is not connected to any net.
[WARNING PDN-0189] Supply pin TAP_TAPCELL_ROW_24_551/VPWR is not connected to any net.
[WARNING PDN-0189] Supply pin TAP_TAPCELL_ROW_24_550/VGND is not connected to any net.
[WARNING PDN-0189] Supply pin TAP_TAPCELL_ROW_24_550/VPWR is not connected to any net.
[WARNING PDN-0189] Supply pin TAP_TAPCELL_ROW_23_549/VGND is not connected to any net.
[WARNING PDN-0189] Supply pin TAP_TAPCELL_ROW_23_549/VPWR is not connected to any net.
[WARNING PDN-0189] Supply pin TAP_TAPCELL_ROW_23_548/VGND is not connected to any net.
[WARNING PDN-0189] Supply pin TAP_TAPCELL_ROW_23_548/VPWR is not connected to any net.
[WARNING PDN-0189] Supply pin TAP_TAPCELL_ROW_23_547/VGND is not connected to any net.
[WARNING PDN-0189] Supply pin TAP_TAPCELL_ROW_23_547/VPWR is not connected to any net.
[WARNING PDN-0189] Supply pin TAP_TAPCELL_ROW_23_546/VGND is not connected to any net.
[WARNING PDN-0189] Supply pin TAP_TAPCELL_ROW_23_546/VPWR is not connected to any net.
[WARNING PDN-0189] Supply pin TAP_TAPCELL_ROW_23_545/VGND is not connected to any net.
[WARNING PDN-0189] Supply pin TAP_TAPCELL_ROW_23_545/VPWR is not connected to any net.
[WARNING PDN-0189] Supply pin TAP_TAPCELL_ROW_23_544/VGND is not connected to any net.
[WARNING PDN-0189] Supply pin TAP_TAPCELL_ROW_23_544/VPWR is not connected to any net.
[WARNING PDN-0189] Supply pin TAP_TAPCELL_ROW_23_543/VGND is not connected to any net.
[WARNING PDN-0189] Supply pin TAP_TAPCELL_ROW_23_543/VPWR is not connected to any net.
[WARNING PDN-0189] Supply pin TAP_TAPCELL_ROW_23_542/VGND is not connected to any net.
[WARNING PDN-0189] Supply pin TAP_TAPCELL_ROW_23_542/VPWR is not connected to any net.
[WARNING PDN-0189] Supply pin TAP_TAPCELL_ROW_23_541/VGND is not connected to any net.
[WARNING PDN-0189] Supply pin TAP_TAPCELL_ROW_23_541/VPWR is not connected to any net.
[WARNING PDN-0189] Supply pin TAP_TAPCELL_ROW_23_540/VGND is not connected to any net.
[WARNING PDN-0189] Supply pin TAP_TAPCELL_ROW_23_540/VPWR is not connected to any net.
[WARNING PDN-0189] Supply pin TAP_TAPCELL_ROW_23_539/VGND is not connected to any net.
[WARNING PDN-0189] Supply pin TAP_TAPCELL_ROW_23_539/VPWR is not connected to any net.
[WARNING PDN-0189] Supply pin TAP_TAPCELL_ROW_23_538/VGND is not connected to any net.
[WARNING PDN-0189] Supply pin TAP_TAPCELL_ROW_23_538/VPWR is not connected to any net.
[WARNING PDN-0189] Supply pin TAP_TAPCELL_ROW_23_537/VGND is not connected to any net.
[WARNING PDN-0189] Supply pin TAP_TAPCELL_ROW_23_537/VPWR is not connected to any net.
[WARNING PDN-0189] Supply pin TAP_TAPCELL_ROW_23_536/VGND is not connected to any net.
[WARNING PDN-0189] Supply pin TAP_TAPCELL_ROW_23_536/VPWR is not connected to any net.
[WARNING PDN-0189] Supply pin TAP_TAPCELL_ROW_23_535/VGND is not connected to any net.
[WARNING PDN-0189] Supply pin TAP_TAPCELL_ROW_23_535/VPWR is not connected to any net.
[WARNING PDN-0189] Supply pin TAP_TAPCELL_ROW_23_534/VGND is not connected to any net.
[WARNING PDN-0189] Supply pin TAP_TAPCELL_ROW_23_534/VPWR is not connected to any net.
[WARNING PDN-0189] Supply pin TAP_TAPCELL_ROW_23_533/VGND is not connected to any net.
[WARNING PDN-0189] Supply pin TAP_TAPCELL_ROW_23_533/VPWR is not connected to any net.
[WARNING PDN-0189] Supply pin TAP_TAPCELL_ROW_23_532/VGND is not connected to any net.
[WARNING PDN-0189] Supply pin TAP_TAPCELL_ROW_23_532/VPWR is not connected to any net.
[WARNING PDN-0189] Supply pin TAP_TAPCELL_ROW_23_531/VGND is not connected to any net.
[WARNING PDN-0189] Supply pin TAP_TAPCELL_ROW_23_531/VPWR is not connected to any net.
[WARNING PDN-0189] Supply pin TAP_TAPCELL_ROW_23_530/VGND is not connected to any net.
[WARNING PDN-0189] Supply pin TAP_TAPCELL_ROW_23_530/VPWR is not connected to any net.
[WARNING PDN-0189] Supply pin TAP_TAPCELL_ROW_23_529/VGND is not connected to any net.
[WARNING PDN-0189] Supply pin TAP_TAPCELL_ROW_23_529/VPWR is not connected to any net.
[WARNING PDN-0189] Supply pin TAP_TAPCELL_ROW_23_528/VGND is not connected to any net.
[WARNING PDN-0189] Supply pin TAP_TAPCELL_ROW_23_528/VPWR is not connected to any net.
[WARNING PDN-0189] Supply pin TAP_TAPCELL_ROW_22_527/VGND is not connected to any net.
[WARNING PDN-0189] Supply pin TAP_TAPCELL_ROW_22_527/VPWR is not connected to any net.
[WARNING PDN-0189] Supply pin TAP_TAPCELL_ROW_22_526/VGND is not connected to any net.
[WARNING PDN-0189] Supply pin TAP_TAPCELL_ROW_22_526/VPWR is not connected to any net.
[WARNING PDN-0189] Supply pin TAP_TAPCELL_ROW_22_525/VGND is not connected to any net.
[WARNING PDN-0189] Supply pin TAP_TAPCELL_ROW_22_525/VPWR is not connected to any net.
[WARNING PDN-0189] Supply pin TAP_TAPCELL_ROW_22_524/VGND is not connected to any net.
[WARNING PDN-0189] Supply pin TAP_TAPCELL_ROW_22_524/VPWR is not connected to any net.
[WARNING PDN-0189] Supply pin TAP_TAPCELL_ROW_22_523/VGND is not connected to any net.
[WARNING PDN-0189] Supply pin TAP_TAPCELL_ROW_22_523/VPWR is not connected to any net.
[WARNING PDN-0189] Supply pin TAP_TAPCELL_ROW_22_522/VGND is not connected to any net.
[WARNING PDN-0189] Supply pin TAP_TAPCELL_ROW_22_522/VPWR is not connected to any net.
[WARNING PDN-0189] Supply pin TAP_TAPCELL_ROW_22_521/VGND is not connected to any net.
[WARNING PDN-0189] Supply pin TAP_TAPCELL_ROW_22_521/VPWR is not connected to any net.
[WARNING PDN-0189] Supply pin TAP_TAPCELL_ROW_22_520/VGND is not connected to any net.
[WARNING PDN-0189] Supply pin TAP_TAPCELL_ROW_22_520/VPWR is not connected to any net.
[WARNING PDN-0189] Supply pin TAP_TAPCELL_ROW_22_519/VGND is not connected to any net.
[WARNING PDN-0189] Supply pin TAP_TAPCELL_ROW_22_519/VPWR is not connected to any net.
[WARNING PDN-0189] Supply pin TAP_TAPCELL_ROW_22_518/VGND is not connected to any net.
[WARNING PDN-0189] Supply pin TAP_TAPCELL_ROW_22_518/VPWR is not connected to any net.
[WARNING PDN-0189] Supply pin TAP_TAPCELL_ROW_22_517/VGND is not connected to any net.
[WARNING PDN-0189] Supply pin TAP_TAPCELL_ROW_22_517/VPWR is not connected to any net.
[WARNING PDN-0189] Supply pin TAP_TAPCELL_ROW_22_516/VGND is not connected to any net.
[WARNING PDN-0189] Supply pin TAP_TAPCELL_ROW_22_516/VPWR is not connected to any net.
[WARNING PDN-0189] Supply pin TAP_TAPCELL_ROW_22_515/VGND is not connected to any net.
[WARNING PDN-0189] Supply pin TAP_TAPCELL_ROW_22_515/VPWR is not connected to any net.
[WARNING PDN-0189] Supply pin TAP_TAPCELL_ROW_22_514/VGND is not connected to any net.
[WARNING PDN-0189] Supply pin TAP_TAPCELL_ROW_22_514/VPWR is not connected to any net.
[WARNING PDN-0189] Supply pin TAP_TAPCELL_ROW_22_513/VGND is not connected to any net.
[WARNING PDN-0189] Supply pin TAP_TAPCELL_ROW_22_513/VPWR is not connected to any net.
[WARNING PDN-0189] Supply pin TAP_TAPCELL_ROW_22_512/VGND is not connected to any net.
[WARNING PDN-0189] Supply pin TAP_TAPCELL_ROW_22_512/VPWR is not connected to any net.
[WARNING PDN-0189] Supply pin TAP_TAPCELL_ROW_22_511/VGND is not connected to any net.
[WARNING PDN-0189] Supply pin TAP_TAPCELL_ROW_22_511/VPWR is not connected to any net.
[WARNING PDN-0189] Supply pin TAP_TAPCELL_ROW_22_510/VGND is not connected to any net.
[WARNING PDN-0189] Supply pin TAP_TAPCELL_ROW_22_510/VPWR is not connected to any net.
[WARNING PDN-0189] Supply pin TAP_TAPCELL_ROW_22_509/VGND is not connected to any net.
[WARNING PDN-0189] Supply pin TAP_TAPCELL_ROW_22_509/VPWR is not connected to any net.
[WARNING PDN-0189] Supply pin TAP_TAPCELL_ROW_22_508/VGND is not connected to any net.
[WARNING PDN-0189] Supply pin TAP_TAPCELL_ROW_22_508/VPWR is not connected to any net.
[WARNING PDN-0189] Supply pin TAP_TAPCELL_ROW_22_507/VGND is not connected to any net.
[WARNING PDN-0189] Supply pin TAP_TAPCELL_ROW_22_507/VPWR is not connected to any net.
[WARNING PDN-0189] Supply pin TAP_TAPCELL_ROW_22_506/VGND is not connected to any net.
[WARNING PDN-0189] Supply pin TAP_TAPCELL_ROW_22_506/VPWR is not connected to any net.
[WARNING PDN-0189] Supply pin TAP_TAPCELL_ROW_21_505/VGND is not connected to any net.
[WARNING PDN-0189] Supply pin TAP_TAPCELL_ROW_21_505/VPWR is not connected to any net.
[WARNING PDN-0189] Supply pin TAP_TAPCELL_ROW_21_504/VGND is not connected to any net.
[WARNING PDN-0189] Supply pin TAP_TAPCELL_ROW_21_504/VPWR is not connected to any net.
[WARNING PDN-0189] Supply pin TAP_TAPCELL_ROW_21_503/VGND is not connected to any net.
[WARNING PDN-0189] Supply pin TAP_TAPCELL_ROW_21_503/VPWR is not connected to any net.
[WARNING PDN-0189] Supply pin TAP_TAPCELL_ROW_21_502/VGND is not connected to any net.
[WARNING PDN-0189] Supply pin TAP_TAPCELL_ROW_21_502/VPWR is not connected to any net.
[WARNING PDN-0189] Supply pin TAP_TAPCELL_ROW_21_501/VGND is not connected to any net.
[WARNING PDN-0189] Supply pin TAP_TAPCELL_ROW_21_501/VPWR is not connected to any net.
[WARNING PDN-0189] Supply pin TAP_TAPCELL_ROW_21_500/VGND is not connected to any net.
[WARNING PDN-0189] Supply pin TAP_TAPCELL_ROW_21_500/VPWR is not connected to any net.
[WARNING PDN-0189] Supply pin TAP_TAPCELL_ROW_21_499/VGND is not connected to any net.
[WARNING PDN-0189] Supply pin TAP_TAPCELL_ROW_21_499/VPWR is not connected to any net.
[WARNING PDN-0189] Supply pin TAP_TAPCELL_ROW_21_498/VGND is not connected to any net.
[WARNING PDN-0189] Supply pin TAP_TAPCELL_ROW_21_498/VPWR is not connected to any net.
[WARNING PDN-0189] Supply pin TAP_TAPCELL_ROW_21_497/VGND is not connected to any net.
[WARNING PDN-0189] Supply pin TAP_TAPCELL_ROW_21_497/VPWR is not connected to any net.
[WARNING PDN-0189] Supply pin TAP_TAPCELL_ROW_21_496/VGND is not connected to any net.
[WARNING PDN-0189] Supply pin TAP_TAPCELL_ROW_21_496/VPWR is not connected to any net.
[WARNING PDN-0189] Supply pin TAP_TAPCELL_ROW_21_495/VGND is not connected to any net.
[WARNING PDN-0189] Supply pin TAP_TAPCELL_ROW_21_495/VPWR is not connected to any net.
[WARNING PDN-0189] Supply pin TAP_TAPCELL_ROW_21_494/VGND is not connected to any net.
[WARNING PDN-0189] Supply pin TAP_TAPCELL_ROW_21_494/VPWR is not connected to any net.
[WARNING PDN-0189] Supply pin TAP_TAPCELL_ROW_21_493/VGND is not connected to any net.
[WARNING PDN-0189] Supply pin TAP_TAPCELL_ROW_21_493/VPWR is not connected to any net.
[WARNING PDN-0189] Supply pin TAP_TAPCELL_ROW_21_492/VGND is not connected to any net.
[WARNING PDN-0189] Supply pin TAP_TAPCELL_ROW_21_492/VPWR is not connected to any net.
[WARNING PDN-0189] Supply pin TAP_TAPCELL_ROW_21_491/VGND is not connected to any net.
[WARNING PDN-0189] Supply pin TAP_TAPCELL_ROW_21_491/VPWR is not connected to any net.
[WARNING PDN-0189] Supply pin TAP_TAPCELL_ROW_21_490/VGND is not connected to any net.
[WARNING PDN-0189] Supply pin TAP_TAPCELL_ROW_21_490/VPWR is not connected to any net.
[WARNING PDN-0189] Supply pin TAP_TAPCELL_ROW_21_489/VGND is not connected to any net.
[WARNING PDN-0189] Supply pin TAP_TAPCELL_ROW_21_489/VPWR is not connected to any net.
[WARNING PDN-0189] Supply pin TAP_TAPCELL_ROW_21_488/VGND is not connected to any net.
[WARNING PDN-0189] Supply pin TAP_TAPCELL_ROW_21_488/VPWR is not connected to any net.
[WARNING PDN-0189] Supply pin TAP_TAPCELL_ROW_21_487/VGND is not connected to any net.
[WARNING PDN-0189] Supply pin TAP_TAPCELL_ROW_21_487/VPWR is not connected to any net.
[WARNING PDN-0189] Supply pin TAP_TAPCELL_ROW_21_486/VGND is not connected to any net.
[WARNING PDN-0189] Supply pin TAP_TAPCELL_ROW_21_486/VPWR is not connected to any net.
[WARNING PDN-0189] Supply pin TAP_TAPCELL_ROW_21_485/VGND is not connected to any net.
[WARNING PDN-0189] Supply pin TAP_TAPCELL_ROW_21_485/VPWR is not connected to any net.
[WARNING PDN-0189] Supply pin TAP_TAPCELL_ROW_21_484/VGND is not connected to any net.
[WARNING PDN-0189] Supply pin TAP_TAPCELL_ROW_21_484/VPWR is not connected to any net.
[WARNING PDN-0189] Supply pin TAP_TAPCELL_ROW_20_483/VGND is not connected to any net.
[WARNING PDN-0189] Supply pin TAP_TAPCELL_ROW_20_483/VPWR is not connected to any net.
[WARNING PDN-0189] Supply pin TAP_TAPCELL_ROW_20_482/VGND is not connected to any net.
[WARNING PDN-0189] Supply pin TAP_TAPCELL_ROW_20_482/VPWR is not connected to any net.
[WARNING PDN-0189] Supply pin TAP_TAPCELL_ROW_20_481/VGND is not connected to any net.
[WARNING PDN-0189] Supply pin TAP_TAPCELL_ROW_20_481/VPWR is not connected to any net.
[WARNING PDN-0189] Supply pin TAP_TAPCELL_ROW_20_480/VGND is not connected to any net.
[WARNING PDN-0189] Supply pin TAP_TAPCELL_ROW_20_480/VPWR is not connected to any net.
[WARNING PDN-0189] Supply pin TAP_TAPCELL_ROW_20_479/VGND is not connected to any net.
[WARNING PDN-0189] Supply pin TAP_TAPCELL_ROW_20_479/VPWR is not connected to any net.
[WARNING PDN-0189] Supply pin TAP_TAPCELL_ROW_20_478/VGND is not connected to any net.
[WARNING PDN-0189] Supply pin TAP_TAPCELL_ROW_20_478/VPWR is not connected to any net.
[WARNING PDN-0189] Supply pin TAP_TAPCELL_ROW_20_477/VGND is not connected to any net.
[WARNING PDN-0189] Supply pin TAP_TAPCELL_ROW_20_477/VPWR is not connected to any net.
[WARNING PDN-0189] Supply pin TAP_TAPCELL_ROW_20_476/VGND is not connected to any net.
[WARNING PDN-0189] Supply pin TAP_TAPCELL_ROW_20_476/VPWR is not connected to any net.
[WARNING PDN-0189] Supply pin TAP_TAPCELL_ROW_20_475/VGND is not connected to any net.
[WARNING PDN-0189] Supply pin TAP_TAPCELL_ROW_20_475/VPWR is not connected to any net.
[WARNING PDN-0189] Supply pin TAP_TAPCELL_ROW_20_474/VGND is not connected to any net.
[WARNING PDN-0189] Supply pin TAP_TAPCELL_ROW_20_474/VPWR is not connected to any net.
[WARNING PDN-0189] Supply pin TAP_TAPCELL_ROW_20_473/VGND is not connected to any net.
[WARNING PDN-0189] Supply pin TAP_TAPCELL_ROW_20_473/VPWR is not connected to any net.
[WARNING PDN-0189] Supply pin TAP_TAPCELL_ROW_20_472/VGND is not connected to any net.
[WARNING PDN-0189] Supply pin TAP_TAPCELL_ROW_20_472/VPWR is not connected to any net.
[WARNING PDN-0189] Supply pin TAP_TAPCELL_ROW_20_471/VGND is not connected to any net.
[WARNING PDN-0189] Supply pin TAP_TAPCELL_ROW_20_471/VPWR is not connected to any net.
[WARNING PDN-0189] Supply pin TAP_TAPCELL_ROW_20_470/VGND is not connected to any net.
[WARNING PDN-0189] Supply pin TAP_TAPCELL_ROW_20_470/VPWR is not connected to any net.
[WARNING PDN-0189] Supply pin TAP_TAPCELL_ROW_20_469/VGND is not connected to any net.
[WARNING PDN-0189] Supply pin TAP_TAPCELL_ROW_20_469/VPWR is not connected to any net.
[WARNING PDN-0189] Supply pin TAP_TAPCELL_ROW_20_468/VGND is not connected to any net.
[WARNING PDN-0189] Supply pin TAP_TAPCELL_ROW_20_468/VPWR is not connected to any net.
[WARNING PDN-0189] Supply pin TAP_TAPCELL_ROW_20_467/VGND is not connected to any net.
[WARNING PDN-0189] Supply pin TAP_TAPCELL_ROW_20_467/VPWR is not connected to any net.
[WARNING PDN-0189] Supply pin TAP_TAPCELL_ROW_20_466/VGND is not connected to any net.
[WARNING PDN-0189] Supply pin TAP_TAPCELL_ROW_20_466/VPWR is not connected to any net.
[WARNING PDN-0189] Supply pin TAP_TAPCELL_ROW_20_465/VGND is not connected to any net.
[WARNING PDN-0189] Supply pin TAP_TAPCELL_ROW_20_465/VPWR is not connected to any net.
[WARNING PDN-0189] Supply pin TAP_TAPCELL_ROW_20_464/VGND is not connected to any net.
[WARNING PDN-0189] Supply pin TAP_TAPCELL_ROW_20_464/VPWR is not connected to any net.
[WARNING PDN-0189] Supply pin TAP_TAPCELL_ROW_20_463/VGND is not connected to any net.
[WARNING PDN-0189] Supply pin TAP_TAPCELL_ROW_20_463/VPWR is not connected to any net.
[WARNING PDN-0189] Supply pin TAP_TAPCELL_ROW_20_462/VGND is not connected to any net.
[WARNING PDN-0189] Supply pin TAP_TAPCELL_ROW_20_462/VPWR is not connected to any net.
[WARNING PDN-0189] Supply pin TAP_TAPCELL_ROW_19_461/VGND is not connected to any net.
[WARNING PDN-0189] Supply pin TAP_TAPCELL_ROW_19_461/VPWR is not connected to any net.
[WARNING PDN-0189] Supply pin TAP_TAPCELL_ROW_19_460/VGND is not connected to any net.
[WARNING PDN-0189] Supply pin TAP_TAPCELL_ROW_19_460/VPWR is not connected to any net.
[WARNING PDN-0189] Supply pin TAP_TAPCELL_ROW_19_459/VGND is not connected to any net.
[WARNING PDN-0189] Supply pin TAP_TAPCELL_ROW_19_459/VPWR is not connected to any net.
[WARNING PDN-0189] Supply pin TAP_TAPCELL_ROW_19_458/VGND is not connected to any net.
[WARNING PDN-0189] Supply pin TAP_TAPCELL_ROW_19_458/VPWR is not connected to any net.
[WARNING PDN-0189] Supply pin TAP_TAPCELL_ROW_19_457/VGND is not connected to any net.
[WARNING PDN-0189] Supply pin TAP_TAPCELL_ROW_19_457/VPWR is not connected to any net.
[WARNING PDN-0189] Supply pin TAP_TAPCELL_ROW_19_456/VGND is not connected to any net.
[WARNING PDN-0189] Supply pin TAP_TAPCELL_ROW_19_456/VPWR is not connected to any net.
[WARNING PDN-0189] Supply pin TAP_TAPCELL_ROW_19_455/VGND is not connected to any net.
[WARNING PDN-0189] Supply pin TAP_TAPCELL_ROW_19_455/VPWR is not connected to any net.
[WARNING PDN-0189] Supply pin TAP_TAPCELL_ROW_19_454/VGND is not connected to any net.
[WARNING PDN-0189] Supply pin TAP_TAPCELL_ROW_19_454/VPWR is not connected to any net.
[WARNING PDN-0189] Supply pin TAP_TAPCELL_ROW_19_453/VGND is not connected to any net.
[WARNING PDN-0189] Supply pin TAP_TAPCELL_ROW_19_453/VPWR is not connected to any net.
[WARNING PDN-0189] Supply pin TAP_TAPCELL_ROW_19_452/VGND is not connected to any net.
[WARNING PDN-0189] Supply pin TAP_TAPCELL_ROW_19_452/VPWR is not connected to any net.
[WARNING PDN-0189] Supply pin TAP_TAPCELL_ROW_19_451/VGND is not connected to any net.
[WARNING PDN-0189] Supply pin TAP_TAPCELL_ROW_19_451/VPWR is not connected to any net.
[WARNING PDN-0189] Supply pin TAP_TAPCELL_ROW_19_450/VGND is not connected to any net.
[WARNING PDN-0189] Supply pin TAP_TAPCELL_ROW_19_450/VPWR is not connected to any net.
[WARNING PDN-0189] Supply pin TAP_TAPCELL_ROW_19_449/VGND is not connected to any net.
[WARNING PDN-0189] Supply pin TAP_TAPCELL_ROW_19_449/VPWR is not connected to any net.
[WARNING PDN-0189] Supply pin TAP_TAPCELL_ROW_19_448/VGND is not connected to any net.
[WARNING PDN-0189] Supply pin TAP_TAPCELL_ROW_19_448/VPWR is not connected to any net.
[WARNING PDN-0189] Supply pin TAP_TAPCELL_ROW_19_447/VGND is not connected to any net.
[WARNING PDN-0189] Supply pin TAP_TAPCELL_ROW_19_447/VPWR is not connected to any net.
[WARNING PDN-0189] Supply pin TAP_TAPCELL_ROW_19_446/VGND is not connected to any net.
[WARNING PDN-0189] Supply pin TAP_TAPCELL_ROW_19_446/VPWR is not connected to any net.
[WARNING PDN-0189] Supply pin TAP_TAPCELL_ROW_19_445/VGND is not connected to any net.
[WARNING PDN-0189] Supply pin TAP_TAPCELL_ROW_19_445/VPWR is not connected to any net.
[WARNING PDN-0189] Supply pin TAP_TAPCELL_ROW_19_444/VGND is not connected to any net.
[WARNING PDN-0189] Supply pin TAP_TAPCELL_ROW_19_444/VPWR is not connected to any net.
[WARNING PDN-0189] Supply pin TAP_TAPCELL_ROW_19_443/VGND is not connected to any net.
[WARNING PDN-0189] Supply pin TAP_TAPCELL_ROW_19_443/VPWR is not connected to any net.
[WARNING PDN-0189] Supply pin TAP_TAPCELL_ROW_19_442/VGND is not connected to any net.
[WARNING PDN-0189] Supply pin TAP_TAPCELL_ROW_19_442/VPWR is not connected to any net.
[WARNING PDN-0189] Supply pin TAP_TAPCELL_ROW_19_441/VGND is not connected to any net.
[WARNING PDN-0189] Supply pin TAP_TAPCELL_ROW_19_441/VPWR is not connected to any net.
[WARNING PDN-0189] Supply pin TAP_TAPCELL_ROW_19_440/VGND is not connected to any net.
[WARNING PDN-0189] Supply pin TAP_TAPCELL_ROW_19_440/VPWR is not connected to any net.
[WARNING PDN-0189] Supply pin TAP_TAPCELL_ROW_18_439/VGND is not connected to any net.
[WARNING PDN-0189] Supply pin TAP_TAPCELL_ROW_18_439/VPWR is not connected to any net.
[WARNING PDN-0189] Supply pin TAP_TAPCELL_ROW_18_438/VGND is not connected to any net.
[WARNING PDN-0189] Supply pin TAP_TAPCELL_ROW_18_438/VPWR is not connected to any net.
[WARNING PDN-0189] Supply pin TAP_TAPCELL_ROW_18_437/VGND is not connected to any net.
[WARNING PDN-0189] Supply pin TAP_TAPCELL_ROW_18_437/VPWR is not connected to any net.
[WARNING PDN-0189] Supply pin TAP_TAPCELL_ROW_18_436/VGND is not connected to any net.
[WARNING PDN-0189] Supply pin TAP_TAPCELL_ROW_18_436/VPWR is not connected to any net.
[WARNING PDN-0189] Supply pin TAP_TAPCELL_ROW_18_435/VGND is not connected to any net.
[WARNING PDN-0189] Supply pin TAP_TAPCELL_ROW_18_435/VPWR is not connected to any net.
[WARNING PDN-0189] Supply pin TAP_TAPCELL_ROW_18_434/VGND is not connected to any net.
[WARNING PDN-0189] Supply pin TAP_TAPCELL_ROW_18_434/VPWR is not connected to any net.
[WARNING PDN-0189] Supply pin TAP_TAPCELL_ROW_18_433/VGND is not connected to any net.
[WARNING PDN-0189] Supply pin TAP_TAPCELL_ROW_18_433/VPWR is not connected to any net.
[WARNING PDN-0189] Supply pin TAP_TAPCELL_ROW_18_432/VGND is not connected to any net.
[WARNING PDN-0189] Supply pin TAP_TAPCELL_ROW_18_432/VPWR is not connected to any net.
[WARNING PDN-0189] Supply pin TAP_TAPCELL_ROW_18_431/VGND is not connected to any net.
[WARNING PDN-0189] Supply pin TAP_TAPCELL_ROW_18_431/VPWR is not connected to any net.
[WARNING PDN-0189] Supply pin TAP_TAPCELL_ROW_18_430/VGND is not connected to any net.
[WARNING PDN-0189] Supply pin TAP_TAPCELL_ROW_18_430/VPWR is not connected to any net.
[WARNING PDN-0189] Supply pin TAP_TAPCELL_ROW_18_429/VGND is not connected to any net.
[WARNING PDN-0189] Supply pin TAP_TAPCELL_ROW_18_429/VPWR is not connected to any net.
[WARNING PDN-0189] Supply pin TAP_TAPCELL_ROW_18_428/VGND is not connected to any net.
[WARNING PDN-0189] Supply pin TAP_TAPCELL_ROW_18_428/VPWR is not connected to any net.
[WARNING PDN-0189] Supply pin TAP_TAPCELL_ROW_18_427/VGND is not connected to any net.
[WARNING PDN-0189] Supply pin TAP_TAPCELL_ROW_18_427/VPWR is not connected to any net.
[WARNING PDN-0189] Supply pin TAP_TAPCELL_ROW_18_426/VGND is not connected to any net.
[WARNING PDN-0189] Supply pin TAP_TAPCELL_ROW_18_426/VPWR is not connected to any net.
[WARNING PDN-0189] Supply pin TAP_TAPCELL_ROW_18_425/VGND is not connected to any net.
[WARNING PDN-0189] Supply pin TAP_TAPCELL_ROW_18_425/VPWR is not connected to any net.
[WARNING PDN-0189] Supply pin TAP_TAPCELL_ROW_18_424/VGND is not connected to any net.
[WARNING PDN-0189] Supply pin TAP_TAPCELL_ROW_18_424/VPWR is not connected to any net.
[WARNING PDN-0189] Supply pin TAP_TAPCELL_ROW_18_423/VGND is not connected to any net.
[WARNING PDN-0189] Supply pin TAP_TAPCELL_ROW_18_423/VPWR is not connected to any net.
[WARNING PDN-0189] Supply pin TAP_TAPCELL_ROW_18_422/VGND is not connected to any net.
[WARNING PDN-0189] Supply pin TAP_TAPCELL_ROW_18_422/VPWR is not connected to any net.
[WARNING PDN-0189] Supply pin TAP_TAPCELL_ROW_18_421/VGND is not connected to any net.
[WARNING PDN-0189] Supply pin TAP_TAPCELL_ROW_18_421/VPWR is not connected to any net.
[WARNING PDN-0189] Supply pin TAP_TAPCELL_ROW_18_420/VGND is not connected to any net.
[WARNING PDN-0189] Supply pin TAP_TAPCELL_ROW_18_420/VPWR is not connected to any net.
[WARNING PDN-0189] Supply pin TAP_TAPCELL_ROW_18_419/VGND is not connected to any net.
[WARNING PDN-0189] Supply pin TAP_TAPCELL_ROW_18_419/VPWR is not connected to any net.
[WARNING PDN-0189] Supply pin TAP_TAPCELL_ROW_18_418/VGND is not connected to any net.
[WARNING PDN-0189] Supply pin TAP_TAPCELL_ROW_18_418/VPWR is not connected to any net.
[WARNING PDN-0189] Supply pin TAP_TAPCELL_ROW_17_417/VGND is not connected to any net.
[WARNING PDN-0189] Supply pin TAP_TAPCELL_ROW_17_417/VPWR is not connected to any net.
[WARNING PDN-0189] Supply pin TAP_TAPCELL_ROW_17_416/VGND is not connected to any net.
[WARNING PDN-0189] Supply pin TAP_TAPCELL_ROW_17_416/VPWR is not connected to any net.
[WARNING PDN-0189] Supply pin TAP_TAPCELL_ROW_17_415/VGND is not connected to any net.
[WARNING PDN-0189] Supply pin TAP_TAPCELL_ROW_17_415/VPWR is not connected to any net.
[WARNING PDN-0189] Supply pin TAP_TAPCELL_ROW_17_414/VGND is not connected to any net.
[WARNING PDN-0189] Supply pin TAP_TAPCELL_ROW_17_414/VPWR is not connected to any net.
[WARNING PDN-0189] Supply pin TAP_TAPCELL_ROW_17_413/VGND is not connected to any net.
[WARNING PDN-0189] Supply pin TAP_TAPCELL_ROW_17_413/VPWR is not connected to any net.
[WARNING PDN-0189] Supply pin TAP_TAPCELL_ROW_17_412/VGND is not connected to any net.
[WARNING PDN-0189] Supply pin TAP_TAPCELL_ROW_17_412/VPWR is not connected to any net.
[WARNING PDN-0189] Supply pin TAP_TAPCELL_ROW_17_411/VGND is not connected to any net.
[WARNING PDN-0189] Supply pin TAP_TAPCELL_ROW_17_411/VPWR is not connected to any net.
[WARNING PDN-0189] Supply pin TAP_TAPCELL_ROW_17_410/VGND is not connected to any net.
[WARNING PDN-0189] Supply pin TAP_TAPCELL_ROW_17_410/VPWR is not connected to any net.
[WARNING PDN-0189] Supply pin TAP_TAPCELL_ROW_17_409/VGND is not connected to any net.
[WARNING PDN-0189] Supply pin TAP_TAPCELL_ROW_17_409/VPWR is not connected to any net.
[WARNING PDN-0189] Supply pin TAP_TAPCELL_ROW_17_408/VGND is not connected to any net.
[WARNING PDN-0189] Supply pin TAP_TAPCELL_ROW_17_408/VPWR is not connected to any net.
[WARNING PDN-0189] Supply pin TAP_TAPCELL_ROW_17_407/VGND is not connected to any net.
[WARNING PDN-0189] Supply pin TAP_TAPCELL_ROW_17_407/VPWR is not connected to any net.
[WARNING PDN-0189] Supply pin TAP_TAPCELL_ROW_17_406/VGND is not connected to any net.
[WARNING PDN-0189] Supply pin TAP_TAPCELL_ROW_17_406/VPWR is not connected to any net.
[WARNING PDN-0189] Supply pin TAP_TAPCELL_ROW_17_405/VGND is not connected to any net.
[WARNING PDN-0189] Supply pin TAP_TAPCELL_ROW_17_405/VPWR is not connected to any net.
[WARNING PDN-0189] Supply pin TAP_TAPCELL_ROW_17_404/VGND is not connected to any net.
[WARNING PDN-0189] Supply pin TAP_TAPCELL_ROW_17_404/VPWR is not connected to any net.
[WARNING PDN-0189] Supply pin TAP_TAPCELL_ROW_17_403/VGND is not connected to any net.
[WARNING PDN-0189] Supply pin TAP_TAPCELL_ROW_17_403/VPWR is not connected to any net.
[WARNING PDN-0189] Supply pin TAP_TAPCELL_ROW_17_402/VGND is not connected to any net.
[WARNING PDN-0189] Supply pin TAP_TAPCELL_ROW_17_402/VPWR is not connected to any net.
[WARNING PDN-0189] Supply pin TAP_TAPCELL_ROW_17_401/VGND is not connected to any net.
[WARNING PDN-0189] Supply pin TAP_TAPCELL_ROW_17_401/VPWR is not connected to any net.
[WARNING PDN-0189] Supply pin TAP_TAPCELL_ROW_17_400/VGND is not connected to any net.
[WARNING PDN-0189] Supply pin TAP_TAPCELL_ROW_17_400/VPWR is not connected to any net.
[WARNING PDN-0189] Supply pin TAP_TAPCELL_ROW_17_399/VGND is not connected to any net.
[WARNING PDN-0189] Supply pin TAP_TAPCELL_ROW_17_399/VPWR is not connected to any net.
[WARNING PDN-0189] Supply pin TAP_TAPCELL_ROW_17_398/VGND is not connected to any net.
[WARNING PDN-0189] Supply pin TAP_TAPCELL_ROW_17_398/VPWR is not connected to any net.
[WARNING PDN-0189] Supply pin TAP_TAPCELL_ROW_17_397/VGND is not connected to any net.
[WARNING PDN-0189] Supply pin TAP_TAPCELL_ROW_17_397/VPWR is not connected to any net.
[WARNING PDN-0189] Supply pin TAP_TAPCELL_ROW_17_396/VGND is not connected to any net.
[WARNING PDN-0189] Supply pin TAP_TAPCELL_ROW_17_396/VPWR is not connected to any net.
[WARNING PDN-0189] Supply pin TAP_TAPCELL_ROW_16_395/VGND is not connected to any net.
[WARNING PDN-0189] Supply pin TAP_TAPCELL_ROW_16_395/VPWR is not connected to any net.
[WARNING PDN-0189] Supply pin TAP_TAPCELL_ROW_16_394/VGND is not connected to any net.
[WARNING PDN-0189] Supply pin TAP_TAPCELL_ROW_16_394/VPWR is not connected to any net.
[WARNING PDN-0189] Supply pin TAP_TAPCELL_ROW_16_393/VGND is not connected to any net.
[WARNING PDN-0189] Supply pin TAP_TAPCELL_ROW_16_393/VPWR is not connected to any net.
[WARNING PDN-0189] Supply pin TAP_TAPCELL_ROW_16_392/VGND is not connected to any net.
[WARNING PDN-0189] Supply pin TAP_TAPCELL_ROW_16_392/VPWR is not connected to any net.
[WARNING PDN-0189] Supply pin TAP_TAPCELL_ROW_16_391/VGND is not connected to any net.
[WARNING PDN-0189] Supply pin TAP_TAPCELL_ROW_16_391/VPWR is not connected to any net.
[WARNING PDN-0189] Supply pin TAP_TAPCELL_ROW_16_390/VGND is not connected to any net.
[WARNING PDN-0189] Supply pin TAP_TAPCELL_ROW_16_390/VPWR is not connected to any net.
[WARNING PDN-0189] Supply pin TAP_TAPCELL_ROW_16_389/VGND is not connected to any net.
[WARNING PDN-0189] Supply pin TAP_TAPCELL_ROW_16_389/VPWR is not connected to any net.
[WARNING PDN-0189] Supply pin TAP_TAPCELL_ROW_16_388/VGND is not connected to any net.
[WARNING PDN-0189] Supply pin TAP_TAPCELL_ROW_16_388/VPWR is not connected to any net.
[WARNING PDN-0189] Supply pin TAP_TAPCELL_ROW_16_387/VGND is not connected to any net.
[WARNING PDN-0189] Supply pin TAP_TAPCELL_ROW_16_387/VPWR is not connected to any net.
[WARNING PDN-0189] Supply pin TAP_TAPCELL_ROW_16_386/VGND is not connected to any net.
[WARNING PDN-0189] Supply pin TAP_TAPCELL_ROW_16_386/VPWR is not connected to any net.
[WARNING PDN-0189] Supply pin TAP_TAPCELL_ROW_16_385/VGND is not connected to any net.
[WARNING PDN-0189] Supply pin TAP_TAPCELL_ROW_16_385/VPWR is not connected to any net.
[WARNING PDN-0189] Supply pin TAP_TAPCELL_ROW_16_384/VGND is not connected to any net.
[WARNING PDN-0189] Supply pin TAP_TAPCELL_ROW_16_384/VPWR is not connected to any net.
[WARNING PDN-0189] Supply pin TAP_TAPCELL_ROW_16_383/VGND is not connected to any net.
[WARNING PDN-0189] Supply pin TAP_TAPCELL_ROW_16_383/VPWR is not connected to any net.
[WARNING PDN-0189] Supply pin TAP_TAPCELL_ROW_16_382/VGND is not connected to any net.
[WARNING PDN-0189] Supply pin TAP_TAPCELL_ROW_16_382/VPWR is not connected to any net.
[WARNING PDN-0189] Supply pin TAP_TAPCELL_ROW_16_381/VGND is not connected to any net.
[WARNING PDN-0189] Supply pin TAP_TAPCELL_ROW_16_381/VPWR is not connected to any net.
[WARNING PDN-0189] Supply pin TAP_TAPCELL_ROW_16_380/VGND is not connected to any net.
[WARNING PDN-0189] Supply pin TAP_TAPCELL_ROW_16_380/VPWR is not connected to any net.
[WARNING PDN-0189] Supply pin TAP_TAPCELL_ROW_16_379/VGND is not connected to any net.
[WARNING PDN-0189] Supply pin TAP_TAPCELL_ROW_16_379/VPWR is not connected to any net.
[WARNING PDN-0189] Supply pin TAP_TAPCELL_ROW_16_378/VGND is not connected to any net.
[WARNING PDN-0189] Supply pin TAP_TAPCELL_ROW_16_378/VPWR is not connected to any net.
[WARNING PDN-0189] Supply pin TAP_TAPCELL_ROW_16_377/VGND is not connected to any net.
[WARNING PDN-0189] Supply pin TAP_TAPCELL_ROW_16_377/VPWR is not connected to any net.
[WARNING PDN-0189] Supply pin TAP_TAPCELL_ROW_16_376/VGND is not connected to any net.
[WARNING PDN-0189] Supply pin TAP_TAPCELL_ROW_16_376/VPWR is not connected to any net.
[WARNING PDN-0189] Supply pin TAP_TAPCELL_ROW_16_375/VGND is not connected to any net.
[WARNING PDN-0189] Supply pin TAP_TAPCELL_ROW_16_375/VPWR is not connected to any net.
[WARNING PDN-0189] Supply pin TAP_TAPCELL_ROW_16_374/VGND is not connected to any net.
[WARNING PDN-0189] Supply pin TAP_TAPCELL_ROW_16_374/VPWR is not connected to any net.
[WARNING PDN-0189] Supply pin TAP_TAPCELL_ROW_15_373/VGND is not connected to any net.
[WARNING PDN-0189] Supply pin TAP_TAPCELL_ROW_15_373/VPWR is not connected to any net.
[WARNING PDN-0189] Supply pin TAP_TAPCELL_ROW_15_372/VGND is not connected to any net.
[WARNING PDN-0189] Supply pin TAP_TAPCELL_ROW_15_372/VPWR is not connected to any net.
[WARNING PDN-0189] Supply pin TAP_TAPCELL_ROW_15_371/VGND is not connected to any net.
[WARNING PDN-0189] Supply pin TAP_TAPCELL_ROW_15_371/VPWR is not connected to any net.
[WARNING PDN-0189] Supply pin TAP_TAPCELL_ROW_15_370/VGND is not connected to any net.
[WARNING PDN-0189] Supply pin TAP_TAPCELL_ROW_15_370/VPWR is not connected to any net.
[WARNING PDN-0189] Supply pin TAP_TAPCELL_ROW_15_369/VGND is not connected to any net.
[WARNING PDN-0189] Supply pin TAP_TAPCELL_ROW_15_369/VPWR is not connected to any net.
[WARNING PDN-0189] Supply pin TAP_TAPCELL_ROW_15_368/VGND is not connected to any net.
[WARNING PDN-0189] Supply pin TAP_TAPCELL_ROW_15_368/VPWR is not connected to any net.
[WARNING PDN-0189] Supply pin TAP_TAPCELL_ROW_15_367/VGND is not connected to any net.
[WARNING PDN-0189] Supply pin TAP_TAPCELL_ROW_15_367/VPWR is not connected to any net.
[WARNING PDN-0189] Supply pin TAP_TAPCELL_ROW_15_366/VGND is not connected to any net.
[WARNING PDN-0189] Supply pin TAP_TAPCELL_ROW_15_366/VPWR is not connected to any net.
[WARNING PDN-0189] Supply pin TAP_TAPCELL_ROW_15_365/VGND is not connected to any net.
[WARNING PDN-0189] Supply pin TAP_TAPCELL_ROW_15_365/VPWR is not connected to any net.
[WARNING PDN-0189] Supply pin TAP_TAPCELL_ROW_15_364/VGND is not connected to any net.
[WARNING PDN-0189] Supply pin TAP_TAPCELL_ROW_15_364/VPWR is not connected to any net.
[WARNING PDN-0189] Supply pin TAP_TAPCELL_ROW_15_363/VGND is not connected to any net.
[WARNING PDN-0189] Supply pin TAP_TAPCELL_ROW_15_363/VPWR is not connected to any net.
[WARNING PDN-0189] Supply pin TAP_TAPCELL_ROW_15_362/VGND is not connected to any net.
[WARNING PDN-0189] Supply pin TAP_TAPCELL_ROW_15_362/VPWR is not connected to any net.
[WARNING PDN-0189] Supply pin TAP_TAPCELL_ROW_15_361/VGND is not connected to any net.
[WARNING PDN-0189] Supply pin TAP_TAPCELL_ROW_15_361/VPWR is not connected to any net.
[WARNING PDN-0189] Supply pin TAP_TAPCELL_ROW_15_360/VGND is not connected to any net.
[WARNING PDN-0189] Supply pin TAP_TAPCELL_ROW_15_360/VPWR is not connected to any net.
[WARNING PDN-0189] Supply pin TAP_TAPCELL_ROW_15_359/VGND is not connected to any net.
[WARNING PDN-0189] Supply pin TAP_TAPCELL_ROW_15_359/VPWR is not connected to any net.
[WARNING PDN-0189] Supply pin TAP_TAPCELL_ROW_15_358/VGND is not connected to any net.
[WARNING PDN-0189] Supply pin TAP_TAPCELL_ROW_15_358/VPWR is not connected to any net.
[WARNING PDN-0189] Supply pin TAP_TAPCELL_ROW_15_357/VGND is not connected to any net.
[WARNING PDN-0189] Supply pin TAP_TAPCELL_ROW_15_357/VPWR is not connected to any net.
[WARNING PDN-0189] Supply pin TAP_TAPCELL_ROW_15_356/VGND is not connected to any net.
[WARNING PDN-0189] Supply pin TAP_TAPCELL_ROW_15_356/VPWR is not connected to any net.
[WARNING PDN-0189] Supply pin TAP_TAPCELL_ROW_15_355/VGND is not connected to any net.
[WARNING PDN-0189] Supply pin TAP_TAPCELL_ROW_15_355/VPWR is not connected to any net.
[WARNING PDN-0189] Supply pin TAP_TAPCELL_ROW_15_354/VGND is not connected to any net.
[WARNING PDN-0189] Supply pin TAP_TAPCELL_ROW_15_354/VPWR is not connected to any net.
[WARNING PDN-0189] Supply pin TAP_TAPCELL_ROW_15_353/VGND is not connected to any net.
[WARNING PDN-0189] Supply pin TAP_TAPCELL_ROW_15_353/VPWR is not connected to any net.
[WARNING PDN-0189] Supply pin TAP_TAPCELL_ROW_15_352/VGND is not connected to any net.
[WARNING PDN-0189] Supply pin TAP_TAPCELL_ROW_15_352/VPWR is not connected to any net.
[WARNING PDN-0189] Supply pin TAP_TAPCELL_ROW_14_351/VGND is not connected to any net.
[WARNING PDN-0189] Supply pin TAP_TAPCELL_ROW_14_351/VPWR is not connected to any net.
[WARNING PDN-0189] Supply pin TAP_TAPCELL_ROW_14_350/VGND is not connected to any net.
[WARNING PDN-0189] Supply pin TAP_TAPCELL_ROW_14_350/VPWR is not connected to any net.
[WARNING PDN-0189] Supply pin TAP_TAPCELL_ROW_14_349/VGND is not connected to any net.
[WARNING PDN-0189] Supply pin TAP_TAPCELL_ROW_14_349/VPWR is not connected to any net.
[WARNING PDN-0189] Supply pin TAP_TAPCELL_ROW_14_348/VGND is not connected to any net.
[WARNING PDN-0189] Supply pin TAP_TAPCELL_ROW_14_348/VPWR is not connected to any net.
[WARNING PDN-0189] Supply pin TAP_TAPCELL_ROW_14_347/VGND is not connected to any net.
[WARNING PDN-0189] Supply pin TAP_TAPCELL_ROW_14_347/VPWR is not connected to any net.
[WARNING PDN-0189] Supply pin TAP_TAPCELL_ROW_14_346/VGND is not connected to any net.
[WARNING PDN-0189] Supply pin TAP_TAPCELL_ROW_14_346/VPWR is not connected to any net.
[WARNING PDN-0189] Supply pin TAP_TAPCELL_ROW_14_345/VGND is not connected to any net.
[WARNING PDN-0189] Supply pin TAP_TAPCELL_ROW_14_345/VPWR is not connected to any net.
[WARNING PDN-0189] Supply pin TAP_TAPCELL_ROW_14_344/VGND is not connected to any net.
[WARNING PDN-0189] Supply pin TAP_TAPCELL_ROW_14_344/VPWR is not connected to any net.
[WARNING PDN-0189] Supply pin TAP_TAPCELL_ROW_14_343/VGND is not connected to any net.
[WARNING PDN-0189] Supply pin TAP_TAPCELL_ROW_14_343/VPWR is not connected to any net.
[WARNING PDN-0189] Supply pin TAP_TAPCELL_ROW_14_342/VGND is not connected to any net.
[WARNING PDN-0189] Supply pin TAP_TAPCELL_ROW_14_342/VPWR is not connected to any net.
[WARNING PDN-0189] Supply pin TAP_TAPCELL_ROW_14_341/VGND is not connected to any net.
[WARNING PDN-0189] Supply pin TAP_TAPCELL_ROW_14_341/VPWR is not connected to any net.
[WARNING PDN-0189] Supply pin TAP_TAPCELL_ROW_14_340/VGND is not connected to any net.
[WARNING PDN-0189] Supply pin TAP_TAPCELL_ROW_14_340/VPWR is not connected to any net.
[WARNING PDN-0189] Supply pin TAP_TAPCELL_ROW_14_339/VGND is not connected to any net.
[WARNING PDN-0189] Supply pin TAP_TAPCELL_ROW_14_339/VPWR is not connected to any net.
[WARNING PDN-0189] Supply pin TAP_TAPCELL_ROW_14_338/VGND is not connected to any net.
[WARNING PDN-0189] Supply pin TAP_TAPCELL_ROW_14_338/VPWR is not connected to any net.
[WARNING PDN-0189] Supply pin TAP_TAPCELL_ROW_14_337/VGND is not connected to any net.
[WARNING PDN-0189] Supply pin TAP_TAPCELL_ROW_14_337/VPWR is not connected to any net.
[WARNING PDN-0189] Supply pin TAP_TAPCELL_ROW_14_336/VGND is not connected to any net.
[WARNING PDN-0189] Supply pin TAP_TAPCELL_ROW_14_336/VPWR is not connected to any net.
[WARNING PDN-0189] Supply pin TAP_TAPCELL_ROW_14_335/VGND is not connected to any net.
[WARNING PDN-0189] Supply pin TAP_TAPCELL_ROW_14_335/VPWR is not connected to any net.
[WARNING PDN-0189] Supply pin TAP_TAPCELL_ROW_14_334/VGND is not connected to any net.
[WARNING PDN-0189] Supply pin TAP_TAPCELL_ROW_14_334/VPWR is not connected to any net.
[WARNING PDN-0189] Supply pin TAP_TAPCELL_ROW_14_333/VGND is not connected to any net.
[WARNING PDN-0189] Supply pin TAP_TAPCELL_ROW_14_333/VPWR is not connected to any net.
[WARNING PDN-0189] Supply pin TAP_TAPCELL_ROW_14_332/VGND is not connected to any net.
[WARNING PDN-0189] Supply pin TAP_TAPCELL_ROW_14_332/VPWR is not connected to any net.
[WARNING PDN-0189] Supply pin TAP_TAPCELL_ROW_14_331/VGND is not connected to any net.
[WARNING PDN-0189] Supply pin TAP_TAPCELL_ROW_14_331/VPWR is not connected to any net.
[WARNING PDN-0189] Supply pin TAP_TAPCELL_ROW_14_330/VGND is not connected to any net.
[WARNING PDN-0189] Supply pin TAP_TAPCELL_ROW_14_330/VPWR is not connected to any net.
[WARNING PDN-0189] Supply pin TAP_TAPCELL_ROW_13_329/VGND is not connected to any net.
[WARNING PDN-0189] Supply pin TAP_TAPCELL_ROW_13_329/VPWR is not connected to any net.
[WARNING PDN-0189] Supply pin TAP_TAPCELL_ROW_13_328/VGND is not connected to any net.
[WARNING PDN-0189] Supply pin TAP_TAPCELL_ROW_13_328/VPWR is not connected to any net.
[WARNING PDN-0189] Supply pin TAP_TAPCELL_ROW_13_327/VGND is not connected to any net.
[WARNING PDN-0189] Supply pin TAP_TAPCELL_ROW_13_327/VPWR is not connected to any net.
[WARNING PDN-0189] Supply pin TAP_TAPCELL_ROW_13_326/VGND is not connected to any net.
[WARNING PDN-0189] Supply pin TAP_TAPCELL_ROW_13_326/VPWR is not connected to any net.
[WARNING PDN-0189] Supply pin TAP_TAPCELL_ROW_13_325/VGND is not connected to any net.
[WARNING PDN-0189] Supply pin TAP_TAPCELL_ROW_13_325/VPWR is not connected to any net.
[WARNING PDN-0189] Supply pin TAP_TAPCELL_ROW_13_324/VGND is not connected to any net.
[WARNING PDN-0189] Supply pin TAP_TAPCELL_ROW_13_324/VPWR is not connected to any net.
[WARNING PDN-0189] Supply pin TAP_TAPCELL_ROW_13_323/VGND is not connected to any net.
[WARNING PDN-0189] Supply pin TAP_TAPCELL_ROW_13_323/VPWR is not connected to any net.
[WARNING PDN-0189] Supply pin TAP_TAPCELL_ROW_13_322/VGND is not connected to any net.
[WARNING PDN-0189] Supply pin TAP_TAPCELL_ROW_13_322/VPWR is not connected to any net.
[WARNING PDN-0189] Supply pin TAP_TAPCELL_ROW_13_321/VGND is not connected to any net.
[WARNING PDN-0189] Supply pin TAP_TAPCELL_ROW_13_321/VPWR is not connected to any net.
[WARNING PDN-0189] Supply pin TAP_TAPCELL_ROW_13_320/VGND is not connected to any net.
[WARNING PDN-0189] Supply pin TAP_TAPCELL_ROW_13_320/VPWR is not connected to any net.
[WARNING PDN-0189] Supply pin TAP_TAPCELL_ROW_13_319/VGND is not connected to any net.
[WARNING PDN-0189] Supply pin TAP_TAPCELL_ROW_13_319/VPWR is not connected to any net.
[WARNING PDN-0189] Supply pin TAP_TAPCELL_ROW_13_318/VGND is not connected to any net.
[WARNING PDN-0189] Supply pin TAP_TAPCELL_ROW_13_318/VPWR is not connected to any net.
[WARNING PDN-0189] Supply pin TAP_TAPCELL_ROW_13_317/VGND is not connected to any net.
[WARNING PDN-0189] Supply pin TAP_TAPCELL_ROW_13_317/VPWR is not connected to any net.
[WARNING PDN-0189] Supply pin TAP_TAPCELL_ROW_13_316/VGND is not connected to any net.
[WARNING PDN-0189] Supply pin TAP_TAPCELL_ROW_13_316/VPWR is not connected to any net.
[WARNING PDN-0189] Supply pin TAP_TAPCELL_ROW_13_315/VGND is not connected to any net.
[WARNING PDN-0189] Supply pin TAP_TAPCELL_ROW_13_315/VPWR is not connected to any net.
[WARNING PDN-0189] Supply pin TAP_TAPCELL_ROW_13_314/VGND is not connected to any net.
[WARNING PDN-0189] Supply pin TAP_TAPCELL_ROW_13_314/VPWR is not connected to any net.
[WARNING PDN-0189] Supply pin TAP_TAPCELL_ROW_13_313/VGND is not connected to any net.
[WARNING PDN-0189] Supply pin TAP_TAPCELL_ROW_13_313/VPWR is not connected to any net.
[WARNING PDN-0189] Supply pin TAP_TAPCELL_ROW_13_312/VGND is not connected to any net.
[WARNING PDN-0189] Supply pin TAP_TAPCELL_ROW_13_312/VPWR is not connected to any net.
[WARNING PDN-0189] Supply pin TAP_TAPCELL_ROW_13_311/VGND is not connected to any net.
[WARNING PDN-0189] Supply pin TAP_TAPCELL_ROW_13_311/VPWR is not connected to any net.
[WARNING PDN-0189] Supply pin TAP_TAPCELL_ROW_13_310/VGND is not connected to any net.
[WARNING PDN-0189] Supply pin TAP_TAPCELL_ROW_13_310/VPWR is not connected to any net.
[WARNING PDN-0189] Supply pin TAP_TAPCELL_ROW_13_309/VGND is not connected to any net.
[WARNING PDN-0189] Supply pin TAP_TAPCELL_ROW_13_309/VPWR is not connected to any net.
[WARNING PDN-0189] Supply pin TAP_TAPCELL_ROW_13_308/VGND is not connected to any net.
[WARNING PDN-0189] Supply pin TAP_TAPCELL_ROW_13_308/VPWR is not connected to any net.
[WARNING PDN-0189] Supply pin TAP_TAPCELL_ROW_12_307/VGND is not connected to any net.
[WARNING PDN-0189] Supply pin TAP_TAPCELL_ROW_12_307/VPWR is not connected to any net.
[WARNING PDN-0189] Supply pin TAP_TAPCELL_ROW_12_306/VGND is not connected to any net.
[WARNING PDN-0189] Supply pin TAP_TAPCELL_ROW_12_306/VPWR is not connected to any net.
[WARNING PDN-0189] Supply pin TAP_TAPCELL_ROW_12_305/VGND is not connected to any net.
[WARNING PDN-0189] Supply pin TAP_TAPCELL_ROW_12_305/VPWR is not connected to any net.
[WARNING PDN-0189] Supply pin TAP_TAPCELL_ROW_12_304/VGND is not connected to any net.
[WARNING PDN-0189] Supply pin TAP_TAPCELL_ROW_12_304/VPWR is not connected to any net.
[WARNING PDN-0189] Supply pin TAP_TAPCELL_ROW_12_303/VGND is not connected to any net.
[WARNING PDN-0189] Supply pin TAP_TAPCELL_ROW_12_303/VPWR is not connected to any net.
[WARNING PDN-0189] Supply pin TAP_TAPCELL_ROW_12_302/VGND is not connected to any net.
[WARNING PDN-0189] Supply pin TAP_TAPCELL_ROW_12_302/VPWR is not connected to any net.
[WARNING PDN-0189] Supply pin TAP_TAPCELL_ROW_12_301/VGND is not connected to any net.
[WARNING PDN-0189] Supply pin TAP_TAPCELL_ROW_12_301/VPWR is not connected to any net.
[WARNING PDN-0189] Supply pin TAP_TAPCELL_ROW_12_300/VGND is not connected to any net.
[WARNING PDN-0189] Supply pin TAP_TAPCELL_ROW_12_300/VPWR is not connected to any net.
[WARNING PDN-0189] Supply pin TAP_TAPCELL_ROW_12_299/VGND is not connected to any net.
[WARNING PDN-0189] Supply pin TAP_TAPCELL_ROW_12_299/VPWR is not connected to any net.
[WARNING PDN-0189] Supply pin TAP_TAPCELL_ROW_12_298/VGND is not connected to any net.
[WARNING PDN-0189] Supply pin TAP_TAPCELL_ROW_12_298/VPWR is not connected to any net.
[WARNING PDN-0189] Supply pin TAP_TAPCELL_ROW_12_297/VGND is not connected to any net.
[WARNING PDN-0189] Supply pin TAP_TAPCELL_ROW_12_297/VPWR is not connected to any net.
[WARNING PDN-0189] Supply pin TAP_TAPCELL_ROW_12_296/VGND is not connected to any net.
[WARNING PDN-0189] Supply pin TAP_TAPCELL_ROW_12_296/VPWR is not connected to any net.
[WARNING PDN-0189] Supply pin TAP_TAPCELL_ROW_12_295/VGND is not connected to any net.
[WARNING PDN-0189] Supply pin TAP_TAPCELL_ROW_12_295/VPWR is not connected to any net.
[WARNING PDN-0189] Supply pin TAP_TAPCELL_ROW_12_294/VGND is not connected to any net.
[WARNING PDN-0189] Supply pin TAP_TAPCELL_ROW_12_294/VPWR is not connected to any net.
[WARNING PDN-0189] Supply pin TAP_TAPCELL_ROW_12_293/VGND is not connected to any net.
[WARNING PDN-0189] Supply pin TAP_TAPCELL_ROW_12_293/VPWR is not connected to any net.
[WARNING PDN-0189] Supply pin TAP_TAPCELL_ROW_12_292/VGND is not connected to any net.
[WARNING PDN-0189] Supply pin TAP_TAPCELL_ROW_12_292/VPWR is not connected to any net.
[WARNING PDN-0189] Supply pin TAP_TAPCELL_ROW_12_291/VGND is not connected to any net.
[WARNING PDN-0189] Supply pin TAP_TAPCELL_ROW_12_291/VPWR is not connected to any net.
[WARNING PDN-0189] Supply pin TAP_TAPCELL_ROW_12_290/VGND is not connected to any net.
[WARNING PDN-0189] Supply pin TAP_TAPCELL_ROW_12_290/VPWR is not connected to any net.
[WARNING PDN-0189] Supply pin TAP_TAPCELL_ROW_12_289/VGND is not connected to any net.
[WARNING PDN-0189] Supply pin TAP_TAPCELL_ROW_12_289/VPWR is not connected to any net.
[WARNING PDN-0189] Supply pin TAP_TAPCELL_ROW_12_288/VGND is not connected to any net.
[WARNING PDN-0189] Supply pin TAP_TAPCELL_ROW_12_288/VPWR is not connected to any net.
[WARNING PDN-0189] Supply pin TAP_TAPCELL_ROW_12_287/VGND is not connected to any net.
[WARNING PDN-0189] Supply pin TAP_TAPCELL_ROW_12_287/VPWR is not connected to any net.
[WARNING PDN-0189] Supply pin TAP_TAPCELL_ROW_12_286/VGND is not connected to any net.
[WARNING PDN-0189] Supply pin TAP_TAPCELL_ROW_12_286/VPWR is not connected to any net.
[WARNING PDN-0189] Supply pin TAP_TAPCELL_ROW_11_285/VGND is not connected to any net.
[WARNING PDN-0189] Supply pin TAP_TAPCELL_ROW_11_285/VPWR is not connected to any net.
[WARNING PDN-0189] Supply pin TAP_TAPCELL_ROW_11_284/VGND is not connected to any net.
[WARNING PDN-0189] Supply pin TAP_TAPCELL_ROW_11_284/VPWR is not connected to any net.
[WARNING PDN-0189] Supply pin TAP_TAPCELL_ROW_11_283/VGND is not connected to any net.
[WARNING PDN-0189] Supply pin TAP_TAPCELL_ROW_11_283/VPWR is not connected to any net.
[WARNING PDN-0189] Supply pin TAP_TAPCELL_ROW_11_282/VGND is not connected to any net.
[WARNING PDN-0189] Supply pin TAP_TAPCELL_ROW_11_282/VPWR is not connected to any net.
[WARNING PDN-0189] Supply pin TAP_TAPCELL_ROW_11_281/VGND is not connected to any net.
[WARNING PDN-0189] Supply pin TAP_TAPCELL_ROW_11_281/VPWR is not connected to any net.
[WARNING PDN-0189] Supply pin TAP_TAPCELL_ROW_11_280/VGND is not connected to any net.
[WARNING PDN-0189] Supply pin TAP_TAPCELL_ROW_11_280/VPWR is not connected to any net.
[WARNING PDN-0189] Supply pin TAP_TAPCELL_ROW_11_279/VGND is not connected to any net.
[WARNING PDN-0189] Supply pin TAP_TAPCELL_ROW_11_279/VPWR is not connected to any net.
[WARNING PDN-0189] Supply pin TAP_TAPCELL_ROW_11_278/VGND is not connected to any net.
[WARNING PDN-0189] Supply pin TAP_TAPCELL_ROW_11_278/VPWR is not connected to any net.
[WARNING PDN-0189] Supply pin TAP_TAPCELL_ROW_11_277/VGND is not connected to any net.
[WARNING PDN-0189] Supply pin TAP_TAPCELL_ROW_11_277/VPWR is not connected to any net.
[WARNING PDN-0189] Supply pin TAP_TAPCELL_ROW_11_276/VGND is not connected to any net.
[WARNING PDN-0189] Supply pin TAP_TAPCELL_ROW_11_276/VPWR is not connected to any net.
[WARNING PDN-0189] Supply pin TAP_TAPCELL_ROW_11_275/VGND is not connected to any net.
[WARNING PDN-0189] Supply pin TAP_TAPCELL_ROW_11_275/VPWR is not connected to any net.
[WARNING PDN-0189] Supply pin TAP_TAPCELL_ROW_11_274/VGND is not connected to any net.
[WARNING PDN-0189] Supply pin TAP_TAPCELL_ROW_11_274/VPWR is not connected to any net.
[WARNING PDN-0189] Supply pin TAP_TAPCELL_ROW_11_273/VGND is not connected to any net.
[WARNING PDN-0189] Supply pin TAP_TAPCELL_ROW_11_273/VPWR is not connected to any net.
[WARNING PDN-0189] Supply pin TAP_TAPCELL_ROW_11_272/VGND is not connected to any net.
[WARNING PDN-0189] Supply pin TAP_TAPCELL_ROW_11_272/VPWR is not connected to any net.
[WARNING PDN-0189] Supply pin TAP_TAPCELL_ROW_11_271/VGND is not connected to any net.
[WARNING PDN-0189] Supply pin TAP_TAPCELL_ROW_11_271/VPWR is not connected to any net.
[WARNING PDN-0189] Supply pin TAP_TAPCELL_ROW_11_270/VGND is not connected to any net.
[WARNING PDN-0189] Supply pin TAP_TAPCELL_ROW_11_270/VPWR is not connected to any net.
[WARNING PDN-0189] Supply pin TAP_TAPCELL_ROW_11_269/VGND is not connected to any net.
[WARNING PDN-0189] Supply pin TAP_TAPCELL_ROW_11_269/VPWR is not connected to any net.
[WARNING PDN-0189] Supply pin TAP_TAPCELL_ROW_11_268/VGND is not connected to any net.
[WARNING PDN-0189] Supply pin TAP_TAPCELL_ROW_11_268/VPWR is not connected to any net.
[WARNING PDN-0189] Supply pin TAP_TAPCELL_ROW_11_267/VGND is not connected to any net.
[WARNING PDN-0189] Supply pin TAP_TAPCELL_ROW_11_267/VPWR is not connected to any net.
[WARNING PDN-0189] Supply pin TAP_TAPCELL_ROW_11_266/VGND is not connected to any net.
[WARNING PDN-0189] Supply pin TAP_TAPCELL_ROW_11_266/VPWR is not connected to any net.
[WARNING PDN-0189] Supply pin TAP_TAPCELL_ROW_11_265/VGND is not connected to any net.
[WARNING PDN-0189] Supply pin TAP_TAPCELL_ROW_11_265/VPWR is not connected to any net.
[WARNING PDN-0189] Supply pin TAP_TAPCELL_ROW_11_264/VGND is not connected to any net.
[WARNING PDN-0189] Supply pin TAP_TAPCELL_ROW_11_264/VPWR is not connected to any net.
[WARNING PDN-0189] Supply pin TAP_TAPCELL_ROW_10_263/VGND is not connected to any net.
[WARNING PDN-0189] Supply pin TAP_TAPCELL_ROW_10_263/VPWR is not connected to any net.
[WARNING PDN-0189] Supply pin TAP_TAPCELL_ROW_10_262/VGND is not connected to any net.
[WARNING PDN-0189] Supply pin TAP_TAPCELL_ROW_10_262/VPWR is not connected to any net.
[WARNING PDN-0189] Supply pin TAP_TAPCELL_ROW_10_261/VGND is not connected to any net.
[WARNING PDN-0189] Supply pin TAP_TAPCELL_ROW_10_261/VPWR is not connected to any net.
[WARNING PDN-0189] Supply pin TAP_TAPCELL_ROW_10_260/VGND is not connected to any net.
[WARNING PDN-0189] Supply pin TAP_TAPCELL_ROW_10_260/VPWR is not connected to any net.
[WARNING PDN-0189] Supply pin TAP_TAPCELL_ROW_10_259/VGND is not connected to any net.
[WARNING PDN-0189] Supply pin TAP_TAPCELL_ROW_10_259/VPWR is not connected to any net.
[WARNING PDN-0189] Supply pin TAP_TAPCELL_ROW_10_258/VGND is not connected to any net.
[WARNING PDN-0189] Supply pin TAP_TAPCELL_ROW_10_258/VPWR is not connected to any net.
[WARNING PDN-0189] Supply pin TAP_TAPCELL_ROW_10_257/VGND is not connected to any net.
[WARNING PDN-0189] Supply pin TAP_TAPCELL_ROW_10_257/VPWR is not connected to any net.
[WARNING PDN-0189] Supply pin TAP_TAPCELL_ROW_10_256/VGND is not connected to any net.
[WARNING PDN-0189] Supply pin TAP_TAPCELL_ROW_10_256/VPWR is not connected to any net.
[WARNING PDN-0189] Supply pin TAP_TAPCELL_ROW_10_255/VGND is not connected to any net.
[WARNING PDN-0189] Supply pin TAP_TAPCELL_ROW_10_255/VPWR is not connected to any net.
[WARNING PDN-0189] Supply pin TAP_TAPCELL_ROW_10_254/VGND is not connected to any net.
[WARNING PDN-0189] Supply pin TAP_TAPCELL_ROW_10_254/VPWR is not connected to any net.
[WARNING PDN-0189] Supply pin TAP_TAPCELL_ROW_10_253/VGND is not connected to any net.
[WARNING PDN-0189] Supply pin TAP_TAPCELL_ROW_10_253/VPWR is not connected to any net.
[WARNING PDN-0189] Supply pin TAP_TAPCELL_ROW_10_252/VGND is not connected to any net.
[WARNING PDN-0189] Supply pin TAP_TAPCELL_ROW_10_252/VPWR is not connected to any net.
[WARNING PDN-0189] Supply pin TAP_TAPCELL_ROW_10_251/VGND is not connected to any net.
[WARNING PDN-0189] Supply pin TAP_TAPCELL_ROW_10_251/VPWR is not connected to any net.
[WARNING PDN-0189] Supply pin TAP_TAPCELL_ROW_10_250/VGND is not connected to any net.
[WARNING PDN-0189] Supply pin TAP_TAPCELL_ROW_10_250/VPWR is not connected to any net.
[WARNING PDN-0189] Supply pin TAP_TAPCELL_ROW_10_249/VGND is not connected to any net.
[WARNING PDN-0189] Supply pin TAP_TAPCELL_ROW_10_249/VPWR is not connected to any net.
[WARNING PDN-0189] Supply pin TAP_TAPCELL_ROW_10_248/VGND is not connected to any net.
[WARNING PDN-0189] Supply pin TAP_TAPCELL_ROW_10_248/VPWR is not connected to any net.
[WARNING PDN-0189] Supply pin TAP_TAPCELL_ROW_10_247/VGND is not connected to any net.
[WARNING PDN-0189] Supply pin TAP_TAPCELL_ROW_10_247/VPWR is not connected to any net.
[WARNING PDN-0189] Supply pin TAP_TAPCELL_ROW_10_246/VGND is not connected to any net.
[WARNING PDN-0189] Supply pin TAP_TAPCELL_ROW_10_246/VPWR is not connected to any net.
[WARNING PDN-0189] Supply pin TAP_TAPCELL_ROW_10_245/VGND is not connected to any net.
[WARNING PDN-0189] Supply pin TAP_TAPCELL_ROW_10_245/VPWR is not connected to any net.
[WARNING PDN-0189] Supply pin TAP_TAPCELL_ROW_10_244/VGND is not connected to any net.
[WARNING PDN-0189] Supply pin TAP_TAPCELL_ROW_10_244/VPWR is not connected to any net.
[WARNING PDN-0189] Supply pin TAP_TAPCELL_ROW_10_243/VGND is not connected to any net.
[WARNING PDN-0189] Supply pin TAP_TAPCELL_ROW_10_243/VPWR is not connected to any net.
[WARNING PDN-0189] Supply pin TAP_TAPCELL_ROW_10_242/VGND is not connected to any net.
[WARNING PDN-0189] Supply pin TAP_TAPCELL_ROW_10_242/VPWR is not connected to any net.
[WARNING PDN-0189] Supply pin TAP_TAPCELL_ROW_9_241/VGND is not connected to any net.
[WARNING PDN-0189] Supply pin TAP_TAPCELL_ROW_9_241/VPWR is not connected to any net.
[WARNING PDN-0189] Supply pin TAP_TAPCELL_ROW_9_240/VGND is not connected to any net.
[WARNING PDN-0189] Supply pin TAP_TAPCELL_ROW_9_240/VPWR is not connected to any net.
[WARNING PDN-0189] Supply pin TAP_TAPCELL_ROW_9_239/VGND is not connected to any net.
[WARNING PDN-0189] Supply pin TAP_TAPCELL_ROW_9_239/VPWR is not connected to any net.
[WARNING PDN-0189] Supply pin TAP_TAPCELL_ROW_9_238/VGND is not connected to any net.
[WARNING PDN-0189] Supply pin TAP_TAPCELL_ROW_9_238/VPWR is not connected to any net.
[WARNING PDN-0189] Supply pin TAP_TAPCELL_ROW_9_237/VGND is not connected to any net.
[WARNING PDN-0189] Supply pin TAP_TAPCELL_ROW_9_237/VPWR is not connected to any net.
[WARNING PDN-0189] Supply pin TAP_TAPCELL_ROW_9_236/VGND is not connected to any net.
[WARNING PDN-0189] Supply pin TAP_TAPCELL_ROW_9_236/VPWR is not connected to any net.
[WARNING PDN-0189] Supply pin TAP_TAPCELL_ROW_9_235/VGND is not connected to any net.
[WARNING PDN-0189] Supply pin TAP_TAPCELL_ROW_9_235/VPWR is not connected to any net.
[WARNING PDN-0189] Supply pin TAP_TAPCELL_ROW_9_234/VGND is not connected to any net.
[WARNING PDN-0189] Supply pin TAP_TAPCELL_ROW_9_234/VPWR is not connected to any net.
[WARNING PDN-0189] Supply pin TAP_TAPCELL_ROW_9_233/VGND is not connected to any net.
[WARNING PDN-0189] Supply pin TAP_TAPCELL_ROW_9_233/VPWR is not connected to any net.
[WARNING PDN-0189] Supply pin TAP_TAPCELL_ROW_9_232/VGND is not connected to any net.
[WARNING PDN-0189] Supply pin TAP_TAPCELL_ROW_9_232/VPWR is not connected to any net.
[WARNING PDN-0189] Supply pin TAP_TAPCELL_ROW_9_231/VGND is not connected to any net.
[WARNING PDN-0189] Supply pin TAP_TAPCELL_ROW_9_231/VPWR is not connected to any net.
[WARNING PDN-0189] Supply pin TAP_TAPCELL_ROW_9_230/VGND is not connected to any net.
[WARNING PDN-0189] Supply pin TAP_TAPCELL_ROW_9_230/VPWR is not connected to any net.
[WARNING PDN-0189] Supply pin TAP_TAPCELL_ROW_9_229/VGND is not connected to any net.
[WARNING PDN-0189] Supply pin TAP_TAPCELL_ROW_9_229/VPWR is not connected to any net.
[WARNING PDN-0189] Supply pin TAP_TAPCELL_ROW_9_228/VGND is not connected to any net.
[WARNING PDN-0189] Supply pin TAP_TAPCELL_ROW_9_228/VPWR is not connected to any net.
[WARNING PDN-0189] Supply pin TAP_TAPCELL_ROW_9_227/VGND is not connected to any net.
[WARNING PDN-0189] Supply pin TAP_TAPCELL_ROW_9_227/VPWR is not connected to any net.
[WARNING PDN-0189] Supply pin TAP_TAPCELL_ROW_9_226/VGND is not connected to any net.
[WARNING PDN-0189] Supply pin TAP_TAPCELL_ROW_9_226/VPWR is not connected to any net.
[WARNING PDN-0189] Supply pin TAP_TAPCELL_ROW_9_225/VGND is not connected to any net.
[WARNING PDN-0189] Supply pin TAP_TAPCELL_ROW_9_225/VPWR is not connected to any net.
[WARNING PDN-0189] Supply pin TAP_TAPCELL_ROW_9_224/VGND is not connected to any net.
[WARNING PDN-0189] Supply pin TAP_TAPCELL_ROW_9_224/VPWR is not connected to any net.
[WARNING PDN-0189] Supply pin TAP_TAPCELL_ROW_9_223/VGND is not connected to any net.
[WARNING PDN-0189] Supply pin TAP_TAPCELL_ROW_9_223/VPWR is not connected to any net.
[WARNING PDN-0189] Supply pin TAP_TAPCELL_ROW_9_222/VGND is not connected to any net.
[WARNING PDN-0189] Supply pin TAP_TAPCELL_ROW_9_222/VPWR is not connected to any net.
[WARNING PDN-0189] Supply pin TAP_TAPCELL_ROW_9_221/VGND is not connected to any net.
[WARNING PDN-0189] Supply pin TAP_TAPCELL_ROW_9_221/VPWR is not connected to any net.
[WARNING PDN-0189] Supply pin TAP_TAPCELL_ROW_9_220/VGND is not connected to any net.
[WARNING PDN-0189] Supply pin TAP_TAPCELL_ROW_9_220/VPWR is not connected to any net.
[WARNING PDN-0189] Supply pin TAP_TAPCELL_ROW_8_219/VGND is not connected to any net.
[WARNING PDN-0189] Supply pin TAP_TAPCELL_ROW_8_219/VPWR is not connected to any net.
[WARNING PDN-0189] Supply pin TAP_TAPCELL_ROW_8_218/VGND is not connected to any net.
[WARNING PDN-0189] Supply pin TAP_TAPCELL_ROW_8_218/VPWR is not connected to any net.
[WARNING PDN-0189] Supply pin TAP_TAPCELL_ROW_8_217/VGND is not connected to any net.
[WARNING PDN-0189] Supply pin TAP_TAPCELL_ROW_8_217/VPWR is not connected to any net.
[WARNING PDN-0189] Supply pin TAP_TAPCELL_ROW_8_216/VGND is not connected to any net.
[WARNING PDN-0189] Supply pin TAP_TAPCELL_ROW_8_216/VPWR is not connected to any net.
[WARNING PDN-0189] Supply pin TAP_TAPCELL_ROW_8_215/VGND is not connected to any net.
[WARNING PDN-0189] Supply pin TAP_TAPCELL_ROW_8_215/VPWR is not connected to any net.
[WARNING PDN-0189] Supply pin TAP_TAPCELL_ROW_8_214/VGND is not connected to any net.
[WARNING PDN-0189] Supply pin TAP_TAPCELL_ROW_8_214/VPWR is not connected to any net.
[WARNING PDN-0189] Supply pin TAP_TAPCELL_ROW_8_213/VGND is not connected to any net.
[WARNING PDN-0189] Supply pin TAP_TAPCELL_ROW_8_213/VPWR is not connected to any net.
[WARNING PDN-0189] Supply pin TAP_TAPCELL_ROW_8_212/VGND is not connected to any net.
[WARNING PDN-0189] Supply pin TAP_TAPCELL_ROW_8_212/VPWR is not connected to any net.
[WARNING PDN-0189] Supply pin TAP_TAPCELL_ROW_8_211/VGND is not connected to any net.
[WARNING PDN-0189] Supply pin TAP_TAPCELL_ROW_8_211/VPWR is not connected to any net.
[WARNING PDN-0189] Supply pin TAP_TAPCELL_ROW_8_210/VGND is not connected to any net.
[WARNING PDN-0189] Supply pin TAP_TAPCELL_ROW_8_210/VPWR is not connected to any net.
[WARNING PDN-0189] Supply pin TAP_TAPCELL_ROW_8_209/VGND is not connected to any net.
[WARNING PDN-0189] Supply pin TAP_TAPCELL_ROW_8_209/VPWR is not connected to any net.
[WARNING PDN-0189] Supply pin TAP_TAPCELL_ROW_8_208/VGND is not connected to any net.
[WARNING PDN-0189] Supply pin TAP_TAPCELL_ROW_8_208/VPWR is not connected to any net.
[WARNING PDN-0189] Supply pin TAP_TAPCELL_ROW_8_207/VGND is not connected to any net.
[WARNING PDN-0189] Supply pin TAP_TAPCELL_ROW_8_207/VPWR is not connected to any net.
[WARNING PDN-0189] Supply pin TAP_TAPCELL_ROW_8_206/VGND is not connected to any net.
[WARNING PDN-0189] Supply pin TAP_TAPCELL_ROW_8_206/VPWR is not connected to any net.
[WARNING PDN-0189] Supply pin TAP_TAPCELL_ROW_8_205/VGND is not connected to any net.
[WARNING PDN-0189] Supply pin TAP_TAPCELL_ROW_8_205/VPWR is not connected to any net.
[WARNING PDN-0189] Supply pin TAP_TAPCELL_ROW_8_204/VGND is not connected to any net.
[WARNING PDN-0189] Supply pin TAP_TAPCELL_ROW_8_204/VPWR is not connected to any net.
[WARNING PDN-0189] Supply pin TAP_TAPCELL_ROW_8_203/VGND is not connected to any net.
[WARNING PDN-0189] Supply pin TAP_TAPCELL_ROW_8_203/VPWR is not connected to any net.
[WARNING PDN-0189] Supply pin TAP_TAPCELL_ROW_8_202/VGND is not connected to any net.
[WARNING PDN-0189] Supply pin TAP_TAPCELL_ROW_8_202/VPWR is not connected to any net.
[WARNING PDN-0189] Supply pin TAP_TAPCELL_ROW_8_201/VGND is not connected to any net.
[WARNING PDN-0189] Supply pin TAP_TAPCELL_ROW_8_201/VPWR is not connected to any net.
[WARNING PDN-0189] Supply pin TAP_TAPCELL_ROW_8_200/VGND is not connected to any net.
[WARNING PDN-0189] Supply pin TAP_TAPCELL_ROW_8_200/VPWR is not connected to any net.
[WARNING PDN-0189] Supply pin TAP_TAPCELL_ROW_8_199/VGND is not connected to any net.
[WARNING PDN-0189] Supply pin TAP_TAPCELL_ROW_8_199/VPWR is not connected to any net.
[WARNING PDN-0189] Supply pin TAP_TAPCELL_ROW_8_198/VGND is not connected to any net.
[WARNING PDN-0189] Supply pin TAP_TAPCELL_ROW_8_198/VPWR is not connected to any net.
[WARNING PDN-0189] Supply pin TAP_TAPCELL_ROW_7_197/VGND is not connected to any net.
[WARNING PDN-0189] Supply pin TAP_TAPCELL_ROW_7_197/VPWR is not connected to any net.
[WARNING PDN-0189] Supply pin TAP_TAPCELL_ROW_7_196/VGND is not connected to any net.
[WARNING PDN-0189] Supply pin TAP_TAPCELL_ROW_7_196/VPWR is not connected to any net.
[WARNING PDN-0189] Supply pin TAP_TAPCELL_ROW_7_195/VGND is not connected to any net.
[WARNING PDN-0189] Supply pin TAP_TAPCELL_ROW_7_195/VPWR is not connected to any net.
[WARNING PDN-0189] Supply pin TAP_TAPCELL_ROW_7_194/VGND is not connected to any net.
[WARNING PDN-0189] Supply pin TAP_TAPCELL_ROW_7_194/VPWR is not connected to any net.
[WARNING PDN-0189] Supply pin TAP_TAPCELL_ROW_7_193/VGND is not connected to any net.
[WARNING PDN-0189] Supply pin TAP_TAPCELL_ROW_7_193/VPWR is not connected to any net.
[WARNING PDN-0189] Supply pin TAP_TAPCELL_ROW_7_192/VGND is not connected to any net.
[WARNING PDN-0189] Supply pin TAP_TAPCELL_ROW_7_192/VPWR is not connected to any net.
[WARNING PDN-0189] Supply pin TAP_TAPCELL_ROW_7_191/VGND is not connected to any net.
[WARNING PDN-0189] Supply pin TAP_TAPCELL_ROW_7_191/VPWR is not connected to any net.
[WARNING PDN-0189] Supply pin TAP_TAPCELL_ROW_7_190/VGND is not connected to any net.
[WARNING PDN-0189] Supply pin TAP_TAPCELL_ROW_7_190/VPWR is not connected to any net.
[WARNING PDN-0189] Supply pin TAP_TAPCELL_ROW_7_189/VGND is not connected to any net.
[WARNING PDN-0189] Supply pin TAP_TAPCELL_ROW_7_189/VPWR is not connected to any net.
[WARNING PDN-0189] Supply pin TAP_TAPCELL_ROW_7_188/VGND is not connected to any net.
[WARNING PDN-0189] Supply pin TAP_TAPCELL_ROW_7_188/VPWR is not connected to any net.
[WARNING PDN-0189] Supply pin TAP_TAPCELL_ROW_7_187/VGND is not connected to any net.
[WARNING PDN-0189] Supply pin TAP_TAPCELL_ROW_7_187/VPWR is not connected to any net.
[WARNING PDN-0189] Supply pin TAP_TAPCELL_ROW_7_186/VGND is not connected to any net.
[WARNING PDN-0189] Supply pin TAP_TAPCELL_ROW_7_186/VPWR is not connected to any net.
[WARNING PDN-0189] Supply pin TAP_TAPCELL_ROW_7_185/VGND is not connected to any net.
[WARNING PDN-0189] Supply pin TAP_TAPCELL_ROW_7_185/VPWR is not connected to any net.
[WARNING PDN-0189] Supply pin TAP_TAPCELL_ROW_7_184/VGND is not connected to any net.
[WARNING PDN-0189] Supply pin TAP_TAPCELL_ROW_7_184/VPWR is not connected to any net.
[WARNING PDN-0189] Supply pin TAP_TAPCELL_ROW_7_183/VGND is not connected to any net.
[WARNING PDN-0189] Supply pin TAP_TAPCELL_ROW_7_183/VPWR is not connected to any net.
[WARNING PDN-0189] Supply pin TAP_TAPCELL_ROW_7_182/VGND is not connected to any net.
[WARNING PDN-0189] Supply pin TAP_TAPCELL_ROW_7_182/VPWR is not connected to any net.
[WARNING PDN-0189] Supply pin TAP_TAPCELL_ROW_7_181/VGND is not connected to any net.
[WARNING PDN-0189] Supply pin TAP_TAPCELL_ROW_7_181/VPWR is not connected to any net.
[WARNING PDN-0189] Supply pin TAP_TAPCELL_ROW_7_180/VGND is not connected to any net.
[WARNING PDN-0189] Supply pin TAP_TAPCELL_ROW_7_180/VPWR is not connected to any net.
[WARNING PDN-0189] Supply pin TAP_TAPCELL_ROW_7_179/VGND is not connected to any net.
[WARNING PDN-0189] Supply pin TAP_TAPCELL_ROW_7_179/VPWR is not connected to any net.
[WARNING PDN-0189] Supply pin TAP_TAPCELL_ROW_7_178/VGND is not connected to any net.
[WARNING PDN-0189] Supply pin TAP_TAPCELL_ROW_7_178/VPWR is not connected to any net.
[WARNING PDN-0189] Supply pin TAP_TAPCELL_ROW_7_177/VGND is not connected to any net.
[WARNING PDN-0189] Supply pin TAP_TAPCELL_ROW_7_177/VPWR is not connected to any net.
[WARNING PDN-0189] Supply pin TAP_TAPCELL_ROW_7_176/VGND is not connected to any net.
[WARNING PDN-0189] Supply pin TAP_TAPCELL_ROW_7_176/VPWR is not connected to any net.
[WARNING PDN-0189] Supply pin TAP_TAPCELL_ROW_6_175/VGND is not connected to any net.
[WARNING PDN-0189] Supply pin TAP_TAPCELL_ROW_6_175/VPWR is not connected to any net.
[WARNING PDN-0189] Supply pin TAP_TAPCELL_ROW_6_174/VGND is not connected to any net.
[WARNING PDN-0189] Supply pin TAP_TAPCELL_ROW_6_174/VPWR is not connected to any net.
[WARNING PDN-0189] Supply pin TAP_TAPCELL_ROW_6_173/VGND is not connected to any net.
[WARNING PDN-0189] Supply pin TAP_TAPCELL_ROW_6_173/VPWR is not connected to any net.
[WARNING PDN-0189] Supply pin TAP_TAPCELL_ROW_6_172/VGND is not connected to any net.
[WARNING PDN-0189] Supply pin TAP_TAPCELL_ROW_6_172/VPWR is not connected to any net.
[WARNING PDN-0189] Supply pin TAP_TAPCELL_ROW_6_171/VGND is not connected to any net.
[WARNING PDN-0189] Supply pin TAP_TAPCELL_ROW_6_171/VPWR is not connected to any net.
[WARNING PDN-0189] Supply pin TAP_TAPCELL_ROW_6_170/VGND is not connected to any net.
[WARNING PDN-0189] Supply pin TAP_TAPCELL_ROW_6_170/VPWR is not connected to any net.
[WARNING PDN-0189] Supply pin TAP_TAPCELL_ROW_6_169/VGND is not connected to any net.
[WARNING PDN-0189] Supply pin TAP_TAPCELL_ROW_6_169/VPWR is not connected to any net.
[WARNING PDN-0189] Supply pin TAP_TAPCELL_ROW_6_168/VGND is not connected to any net.
[WARNING PDN-0189] Supply pin TAP_TAPCELL_ROW_6_168/VPWR is not connected to any net.
[WARNING PDN-0189] Supply pin TAP_TAPCELL_ROW_6_167/VGND is not connected to any net.
[WARNING PDN-0189] Supply pin TAP_TAPCELL_ROW_6_167/VPWR is not connected to any net.
[WARNING PDN-0189] Supply pin TAP_TAPCELL_ROW_6_166/VGND is not connected to any net.
[WARNING PDN-0189] Supply pin TAP_TAPCELL_ROW_6_166/VPWR is not connected to any net.
[WARNING PDN-0189] Supply pin TAP_TAPCELL_ROW_6_165/VGND is not connected to any net.
[WARNING PDN-0189] Supply pin TAP_TAPCELL_ROW_6_165/VPWR is not connected to any net.
[WARNING PDN-0189] Supply pin TAP_TAPCELL_ROW_6_164/VGND is not connected to any net.
[WARNING PDN-0189] Supply pin TAP_TAPCELL_ROW_6_164/VPWR is not connected to any net.
[WARNING PDN-0189] Supply pin TAP_TAPCELL_ROW_6_163/VGND is not connected to any net.
[WARNING PDN-0189] Supply pin TAP_TAPCELL_ROW_6_163/VPWR is not connected to any net.
[WARNING PDN-0189] Supply pin TAP_TAPCELL_ROW_6_162/VGND is not connected to any net.
[WARNING PDN-0189] Supply pin TAP_TAPCELL_ROW_6_162/VPWR is not connected to any net.
[WARNING PDN-0189] Supply pin TAP_TAPCELL_ROW_6_161/VGND is not connected to any net.
[WARNING PDN-0189] Supply pin TAP_TAPCELL_ROW_6_161/VPWR is not connected to any net.
[WARNING PDN-0189] Supply pin TAP_TAPCELL_ROW_6_160/VGND is not connected to any net.
[WARNING PDN-0189] Supply pin TAP_TAPCELL_ROW_6_160/VPWR is not connected to any net.
[WARNING PDN-0189] Supply pin TAP_TAPCELL_ROW_6_159/VGND is not connected to any net.
[WARNING PDN-0189] Supply pin TAP_TAPCELL_ROW_6_159/VPWR is not connected to any net.
[WARNING PDN-0189] Supply pin TAP_TAPCELL_ROW_6_158/VGND is not connected to any net.
[WARNING PDN-0189] Supply pin TAP_TAPCELL_ROW_6_158/VPWR is not connected to any net.
[WARNING PDN-0189] message limit reached, this message will no longer print
[INFO PDN-0001] Inserting grid: grid
Elapsed time: 0:00.48[h:]min:sec. CPU time: user 0.41 sys 0.07 (101%). Peak memory: 162816KB.
