OpenROAD v2.0-17013-gf7f634f88 
Features included (+) or not (-): +Charts +GPU +GUI +Python
This program is licensed under the BSD-3 license. See the LICENSE file for details.
Components of this program may be licensed under more restrictive licenses which must be honored.
[INFO ORD-0030] Using 32 thread(s).
Placement Analysis
---------------------------------
total displacement      16368.7 u
average displacement        1.4 u
max displacement           32.3 u
original HPWL          149413.8 u
legalized HPWL         164136.6 u
delta HPWL                   10 %

Detailed placement improvement.
Importing netlist into detailed improver.
[INFO DPO-0100] Creating network with 11320 cells, 12 terminals, 6664 edges, 23997 pins, and 0 blockages.
[INFO DPO-0109] Network stats: inst 11332, edges 6664, pins 23997
[INFO DPO-0110] Number of regions is 1
[INFO DPO-0401] Setting random seed to 1.
[INFO DPO-0402] Setting maximum displacement 5 1 to 13600 2720 units.
[INFO DPO-0320] Collected 4808 fixed cells.
[INFO DPO-0318] Collected 6524 single height cells.
[INFO DPO-0321] Collected 0 wide cells.
[INFO DPO-0322] Image (20240, 21760) - (639860, 609280)
[INFO DPO-0310] Assigned 6524 cells into segments.  Movement in X-direction is 0.000000, movement in Y-direction is 0.000000.
[INFO DPO-0313] Found 0 cells in wrong regions.
[INFO DPO-0315] Found 0 row alignment problems.
[INFO DPO-0314] Found 0 site alignment problems.
[INFO DPO-0311] Found 0 overlaps between adjacent cells.
[INFO DPO-0312] Found 0 edge spacing violations and 0 padding violations.
[INFO DPO-0303] Running algorithm for independent set matching.
[INFO DPO-0300] Set matching objective is wirelength.
[INFO DPO-0301] Pass   1 of matching; objective is 1.655970e+08.
[INFO DPO-0302] End of matching; objective is 1.655188e+08, improvement is 0.05 percent.
[INFO DPO-0303] Running algorithm for global swaps.
[INFO DPO-0306] Pass   1 of global swaps; hpwl is 1.622396e+08.
[INFO DPO-0306] Pass   2 of global swaps; hpwl is 1.616012e+08.
[INFO DPO-0307] End of global swaps; objective is 1.616012e+08, improvement is 2.37 percent.
[INFO DPO-0303] Running algorithm for vertical swaps.
[INFO DPO-0308] Pass   1 of vertical swaps; hpwl is 1.609341e+08.
[INFO DPO-0309] End of vertical swaps; objective is 1.609341e+08, improvement is 0.41 percent.
[INFO DPO-0303] Running algorithm for reordering.
[INFO DPO-0304] Pass   1 of reordering; objective is 1.606241e+08.
[INFO DPO-0305] End of reordering; objective is 1.606241e+08, improvement is 0.19 percent.
[INFO DPO-0303] Running algorithm for random improvement.
[INFO DPO-0324] Random improver is using displacement generator.
[INFO DPO-0325] Random improver is using hpwl objective.
[INFO DPO-0326] Random improver cost string is (a).
[INFO DPO-0332] End of pass, Generator displacement called 130480 times.
[INFO DPO-0335] Generator displacement, Cumulative attempts 130480, swaps 14558, moves 40526 since last reset.
[INFO DPO-0333] End of pass, Objective hpwl, Initial cost 1.587983e+08, Scratch cost 1.567562e+08, Incremental cost 1.567562e+08, Mismatch? N
[INFO DPO-0338] End of pass, Total cost is 1.567562e+08.
[INFO DPO-0327] Pass   1 of random improver; improvement in cost is 1.29 percent.
[INFO DPO-0332] End of pass, Generator displacement called 130480 times.
[INFO DPO-0335] Generator displacement, Cumulative attempts 260960, swaps 28749, moves 80542 since last reset.
[INFO DPO-0333] End of pass, Objective hpwl, Initial cost 1.567562e+08, Scratch cost 1.559345e+08, Incremental cost 1.559345e+08, Mismatch? N
[INFO DPO-0338] End of pass, Total cost is 1.559345e+08.
[INFO DPO-0327] Pass   2 of random improver; improvement in cost is 0.52 percent.
[INFO DPO-0328] End of random improver; improvement is 1.803404 percent.
[INFO DPO-0380] Cell flipping.
[INFO DPO-0382] Changed 3268 cell orientations for row compatibility.
[INFO DPO-0383] Performed 1724 cell flips.
[INFO DPO-0384] End of flipping; objective is 1.555459e+08, improvement is 1.40 percent.
[INFO DPO-0313] Found 0 cells in wrong regions.
[INFO DPO-0315] Found 0 row alignment problems.
[INFO DPO-0314] Found 0 site alignment problems.
[INFO DPO-0311] Found 0 overlaps between adjacent cells.
[INFO DPO-0312] Found 0 edge spacing violations and 0 padding violations.
Detailed Improvement Results
------------------------------------------
Original HPWL           164136.6 u
Final HPWL              153841.1 u
Delta HPWL                  -6.3 %

[INFO DPL-0020] Mirrored 313 instances
[INFO DPL-0021] HPWL before          153841.1 u
[INFO DPL-0022] HPWL after           153726.0 u
[INFO DPL-0023] HPWL delta               -0.1 %
[INFO FLW-0012] Placement violations .
Report metrics stage 3, detailed place...

==========================================================================
detailed place report_design_area
--------------------------------------------------------------------------
Design area 67766 u^2 19% utilization.
Elapsed time: 0:02.45[h:]min:sec. CPU time: user 2.37 sys 0.08 (100%). Peak memory: 212320KB.
