OpenROAD v2.0-17013-gf7f634f88 
Features included (+) or not (-): +Charts +GPU +GUI +Python
This program is licensed under the BSD-3 license. See the LICENSE file for details.
Components of this program may be licensed under more restrictive licenses which must be honored.
[INFO ORD-0030] Using 32 thread(s).
Deleted 0 routing obstructions
[INFO RCX-0431] Defined process_corner X with ext_model_index 0
[INFO RCX-0029] Defined extraction corner X
[INFO RCX-0435] Reading extraction model file /home/sneha/OpenROAD-flow-scripts/flow/platforms/sky130hd/rcx_patterns.rules ...
[INFO RCX-0436] RC segment generation rvmyth_sne (max_merge_res 50.0) ...
[INFO RCX-0040] Final 32637 rc segments
[INFO RCX-0439] Coupling Cap extraction rvmyth_sne ...
[INFO RCX-0440] Coupling threshhold is 0.1000 fF, coupling capacitance less than 0.1000 fF will be grounded.
[INFO RCX-0442] 56% of 82034 wires extracted
[INFO RCX-0442] 100% of 82034 wires extracted
[INFO RCX-0045] Extract 8964 nets, 41536 rsegs, 41536 caps, 88896 ccs
[INFO RCX-0443] 8964 nets finished
[INFO PSM-0040] All shapes on net VDD are connected.
[INFO PSM-0073] Using bump pattern with x-pitch 140.0000um, y-pitch 140.0000um, and size 70.0000um with an reduction factor of 3x.
########## IR report #################
Net              : VDD
Corner           : default
Supply voltage   : 0.00e+00 V
Worstcase voltage: 0.00e+00 V
Average voltage  : 0.00e+00 V
Average IR drop  : 0.00e+00 V
Worstcase IR drop: 0.00e+00 V
Percentage drop  : 0.00 %
######################################
[INFO PSM-0040] All shapes on net VSS are connected.
[INFO PSM-0073] Using bump pattern with x-pitch 140.0000um, y-pitch 140.0000um, and size 70.0000um with an reduction factor of 3x.
########## IR report #################
Net              : VSS
Corner           : default
Supply voltage   : 0.00e+00 V
Worstcase voltage: 0.00e+00 V
Average voltage  : 0.00e+00 V
Average IR drop  : 0.00e+00 V
Worstcase IR drop: 0.00e+00 V
Percentage drop  : 0.00 %
######################################
Cell type report:                       Count       Area
  Antenna cell                             16      40.04
  Clock buffer                            198    3859.95
  Timing Repair Buffer                   2281   23751.53
  Inverter                                145     613.09
  Clock inverter                           54     674.40
  Sequential cell                        1274   25863.56
  Multi-Input combinational cell         4985   33168.06
  Total                                  8953   87970.62
Report metrics stage 6, finish...

==========================================================================
finish report_design_area
--------------------------------------------------------------------------
Design area 93971 u^2 26% utilization.
[WARNING GUI-0066] Heat map "IR Drop" has not been populated with data.
Elapsed time: 0:05.44[h:]min:sec. CPU time: user 5.23 sys 0.25 (100%). Peak memory: 431488KB.
